<?xml version="1.0" encoding="UTF-8" standalone="yes"?><!DOCTYPE report PUBLIC "-//JACOCO//DTD Report 1.1//EN" "report.dtd"><report name="Dependency-Check Ant Task"><sessioninfo id="localhost-912bd811" start="1579092935914" dump="1579092967176"/><package name="org/owasp/dependencycheck/taskdefs"><class name="org/owasp/dependencycheck/taskdefs/Check" sourcefilename="Check.java"><method name="add" desc="(Lorg/apache/tools/ant/types/ResourceCollection;)V" line="350"><counter type="INSTRUCTION" missed="5" covered="8"/><counter type="BRANCH" missed="1" covered="1"/><counter type="LINE" missed="1" covered="3"/><counter type="COMPLEXITY" missed="1" covered="1"/><counter type="METHOD" missed="0" covered="1"/></method><method name="addConfiguredSuppressionFile" desc="(Lorg/owasp/dependencycheck/taskdefs/SuppressionFile;)V" line="364"><counter type="INSTRUCTION" missed="0" covered="7"/><counter type="LINE" missed="0" covered="2"/><counter type="COMPLEXITY" missed="0" covered="1"/><counter type="METHOD" missed="0" covered="1"/></method><method name="getPath" desc="()Lorg/apache/tools/ant/types/resources/Resources;" line="374"><counter type="INSTRUCTION" missed="0" covered="17"/><counter type="BRANCH" missed="0" covered="2"/><counter type="LINE" missed="0" covered="4"/><counter type="COMPLEXITY" missed="0" covered="2"/><counter type="METHOD" missed="0" covered="1"/></method><method name="isReference" desc="()Z" line="387"><counter type="INSTRUCTION" missed="2" covered="5"/><counter type="BRANCH" missed="1" covered="1"/><counter type="LINE" missed="0" covered="1"/><counter type="COMPLEXITY" missed="1" covered="1"/><counter type="METHOD" missed="0" covered="1"/></method><method name="setRefId" desc="(Lorg/apache/tools/ant/types/Reference;)V" line="397"><counter type="INSTRUCTION" missed="12" covered="0"/><counter type="BRANCH" missed="2" covered="0"/><counter type="LINE" missed="4" covered="0"/><counter type="COMPLEXITY" missed="2" covered="0"/><counter type="METHOD" missed="1" covered="0"/></method><method name="dealWithReferences" desc="()V" line="414"><counter type="INSTRUCTION" missed="30" covered="4"/><counter type="BRANCH" missed="3" covered="1"/><counter type="LINE" missed="4" covered="2"/><counter type="COMPLEXITY" missed="2" covered="1"/><counter type="METHOD" missed="0" covered="1"/></method><method name="&lt;init&gt;" desc="()V" line="90"><counter type="INSTRUCTION" missed="0" covered="48"/><counter type="LINE" missed="0" covered="15"/><counter type="COMPLEXITY" missed="0" covered="1"/><counter type="METHOD" missed="0" covered="1"/></method><method name="getProjectName" desc="()Ljava/lang/String;" line="441"><counter type="INSTRUCTION" missed="3" covered="6"/><counter type="BRANCH" missed="1" covered="1"/><counter type="LINE" missed="1" covered="2"/><counter type="COMPLEXITY" missed="1" covered="1"/><counter type="METHOD" missed="0" covered="1"/></method><method name="setProjectName" desc="(Ljava/lang/String;)V" line="453"><counter type="INSTRUCTION" missed="0" covered="4"/><counter type="LINE" missed="0" covered="2"/><counter type="COMPLEXITY" missed="0" covered="1"/><counter type="METHOD" missed="0" covered="1"/></method><method name="getReportOutputDirectory" desc="()Ljava/lang/String;" line="462"><counter type="INSTRUCTION" missed="3" covered="0"/><counter type="LINE" missed="1" covered="0"/><counter type="COMPLEXITY" missed="1" covered="0"/><counter type="METHOD" missed="1" covered="0"/></method><method name="setReportOutputDirectory" desc="(Ljava/lang/String;)V" line="471"><counter type="INSTRUCTION" missed="0" covered="4"/><counter type="LINE" missed="0" covered="2"/><counter type="COMPLEXITY" missed="0" covered="1"/><counter type="METHOD" missed="0" covered="1"/></method><method name="getFailBuildOnCVSS" desc="()F" line="480"><counter type="INSTRUCTION" missed="3" covered="0"/><counter type="LINE" missed="1" covered="0"/><counter type="COMPLEXITY" missed="1" covered="0"/><counter type="METHOD" missed="1" covered="0"/></method><method name="setFailBuildOnCVSS" desc="(F)V" line="489"><counter type="INSTRUCTION" missed="0" covered="4"/><counter type="LINE" missed="0" covered="2"/><counter type="COMPLEXITY" missed="0" covered="1"/><counter type="METHOD" missed="0" covered="1"/></method><method name="getJunitFailOnCVSS" desc="()F" line="498"><counter type="INSTRUCTION" missed="3" covered="0"/><counter type="LINE" missed="1" covered="0"/><counter type="COMPLEXITY" missed="1" covered="0"/><counter type="METHOD" missed="1" covered="0"/></method><method name="setJunitFailOnCVSS" desc="(F)V" line="507"><counter type="INSTRUCTION" missed="4" covered="0"/><counter type="LINE" missed="2" covered="0"/><counter type="COMPLEXITY" missed="1" covered="0"/><counter type="METHOD" missed="1" covered="0"/></method><method name="isAutoUpdate" desc="()Ljava/lang/Boolean;" line="516"><counter type="INSTRUCTION" missed="3" covered="0"/><counter type="LINE" missed="1" covered="0"/><counter type="COMPLEXITY" missed="1" covered="0"/><counter type="METHOD" missed="1" covered="0"/></method><method name="setAutoUpdate" desc="(Ljava/lang/Boolean;)V" line="525"><counter type="INSTRUCTION" missed="0" covered="4"/><counter type="LINE" missed="0" covered="2"/><counter type="COMPLEXITY" missed="0" covered="1"/><counter type="METHOD" missed="0" covered="1"/></method><method name="isPrettyPrint" desc="()Ljava/lang/Boolean;" line="534"><counter type="INSTRUCTION" missed="3" covered="0"/><counter type="LINE" missed="1" covered="0"/><counter type="COMPLEXITY" missed="1" covered="0"/><counter type="METHOD" missed="1" covered="0"/></method><method name="setPrettyPrint" desc="(Z)V" line="543"><counter type="INSTRUCTION" missed="5" covered="0"/><counter type="LINE" missed="2" covered="0"/><counter type="COMPLEXITY" missed="1" covered="0"/><counter type="METHOD" missed="1" covered="0"/></method><method name="setReportFormat" desc="(Lorg/owasp/dependencycheck/taskdefs/Check$ReportFormats;)V" line="552"><counter type="INSTRUCTION" missed="0" covered="11"/><counter type="LINE" missed="0" covered="3"/><counter type="COMPLEXITY" missed="0" covered="1"/><counter type="METHOD" missed="0" covered="1"/></method><method name="getReportFormats" desc="()Ljava/util/List;" line="562"><counter type="INSTRUCTION" missed="0" covered="13"/><counter type="BRANCH" missed="0" covered="2"/><counter type="LINE" missed="0" covered="3"/><counter type="COMPLEXITY" missed="0" covered="2"/><counter type="METHOD" missed="0" covered="1"/></method><method name="getSuppressionFiles" desc="()Ljava/util/List;" line="574"><counter type="INSTRUCTION" missed="3" covered="0"/><counter type="LINE" missed="1" covered="0"/><counter type="COMPLEXITY" missed="1" covered="0"/><counter type="METHOD" missed="1" covered="0"/></method><method name="setSuppressionFile" desc="(Ljava/lang/String;)V" line="583"><counter type="INSTRUCTION" missed="0" covered="6"/><counter type="LINE" missed="0" covered="2"/><counter type="COMPLEXITY" missed="0" covered="1"/><counter type="METHOD" missed="0" covered="1"/></method><method name="getHintsFile" desc="()Ljava/lang/String;" line="592"><counter type="INSTRUCTION" missed="3" covered="0"/><counter type="LINE" missed="1" covered="0"/><counter type="COMPLEXITY" missed="1" covered="0"/><counter type="METHOD" missed="1" covered="0"/></method><method name="setHintsFile" desc="(Ljava/lang/String;)V" line="601"><counter type="INSTRUCTION" missed="4" covered="0"/><counter type="LINE" missed="2" covered="0"/><counter type="COMPLEXITY" missed="1" covered="0"/><counter type="METHOD" missed="1" covered="0"/></method><method name="isShowSummary" desc="()Z" line="610"><counter type="INSTRUCTION" missed="3" covered="0"/><counter type="LINE" missed="1" covered="0"/><counter type="COMPLEXITY" missed="1" covered="0"/><counter type="METHOD" missed="1" covered="0"/></method><method name="setShowSummary" desc="(Z)V" line="619"><counter type="INSTRUCTION" missed="4" covered="0"/><counter type="LINE" missed="2" covered="0"/><counter type="COMPLEXITY" missed="1" covered="0"/><counter type="METHOD" missed="1" covered="0"/></method><method name="isEnableExperimental" desc="()Ljava/lang/Boolean;" line="628"><counter type="INSTRUCTION" missed="3" covered="0"/><counter type="LINE" missed="1" covered="0"/><counter type="COMPLEXITY" missed="1" covered="0"/><counter type="METHOD" missed="1" covered="0"/></method><method name="setEnableExperimental" desc="(Ljava/lang/Boolean;)V" line="637"><counter type="INSTRUCTION" missed="4" covered="0"/><counter type="LINE" missed="2" covered="0"/><counter type="COMPLEXITY" missed="1" covered="0"/><counter type="METHOD" missed="1" covered="0"/></method><method name="isEnableRetired" desc="()Ljava/lang/Boolean;" line="646"><counter type="INSTRUCTION" missed="3" covered="0"/><counter type="LINE" missed="1" covered="0"/><counter type="COMPLEXITY" missed="1" covered="0"/><counter type="METHOD" missed="1" covered="0"/></method><method name="setEnableRetired" desc="(Ljava/lang/Boolean;)V" line="655"><counter type="INSTRUCTION" missed="4" covered="0"/><counter type="LINE" missed="2" covered="0"/><counter type="COMPLEXITY" missed="1" covered="0"/><counter type="METHOD" missed="1" covered="0"/></method><method name="isJarAnalyzerEnabled" desc="()Ljava/lang/Boolean;" line="664"><counter type="INSTRUCTION" missed="3" covered="0"/><counter type="LINE" missed="1" covered="0"/><counter type="COMPLEXITY" missed="1" covered="0"/><counter type="METHOD" missed="1" covered="0"/></method><method name="setJarAnalyzerEnabled" desc="(Ljava/lang/Boolean;)V" line="673"><counter type="INSTRUCTION" missed="4" covered="0"/><counter type="LINE" missed="2" covered="0"/><counter type="COMPLEXITY" missed="1" covered="0"/><counter type="METHOD" missed="1" covered="0"/></method><method name="isArchiveAnalyzerEnabled" desc="()Ljava/lang/Boolean;" line="682"><counter type="INSTRUCTION" missed="3" covered="0"/><counter type="LINE" missed="1" covered="0"/><counter type="COMPLEXITY" missed="1" covered="0"/><counter type="METHOD" missed="1" covered="0"/></method><method name="setArchiveAnalyzerEnabled" desc="(Ljava/lang/Boolean;)V" line="691"><counter type="INSTRUCTION" missed="4" covered="0"/><counter type="LINE" missed="2" covered="0"/><counter type="COMPLEXITY" missed="1" covered="0"/><counter type="METHOD" missed="1" covered="0"/></method><method name="isAssemblyAnalyzerEnabled" desc="()Ljava/lang/Boolean;" line="700"><counter type="INSTRUCTION" missed="3" covered="0"/><counter type="LINE" missed="1" covered="0"/><counter type="COMPLEXITY" missed="1" covered="0"/><counter type="METHOD" missed="1" covered="0"/></method><method name="setAssemblyAnalyzerEnabled" desc="(Ljava/lang/Boolean;)V" line="709"><counter type="INSTRUCTION" missed="4" covered="0"/><counter type="LINE" missed="2" covered="0"/><counter type="COMPLEXITY" missed="1" covered="0"/><counter type="METHOD" missed="1" covered="0"/></method><method name="isNuspecAnalyzerEnabled" desc="()Ljava/lang/Boolean;" line="718"><counter type="INSTRUCTION" missed="3" covered="0"/><counter type="LINE" missed="1" covered="0"/><counter type="COMPLEXITY" missed="1" covered="0"/><counter type="METHOD" missed="1" covered="0"/></method><method name="isNugetconfAnalyzerEnabled" desc="()Ljava/lang/Boolean;" line="727"><counter type="INSTRUCTION" missed="3" covered="0"/><counter type="LINE" missed="1" covered="0"/><counter type="COMPLEXITY" missed="1" covered="0"/><counter type="METHOD" missed="1" covered="0"/></method><method name="setNuspecAnalyzerEnabled" desc="(Ljava/lang/Boolean;)V" line="736"><counter type="INSTRUCTION" missed="4" covered="0"/><counter type="LINE" missed="2" covered="0"/><counter type="COMPLEXITY" missed="1" covered="0"/><counter type="METHOD" missed="1" covered="0"/></method><method name="setNugetconfAnalyzerEnabled" desc="(Ljava/lang/Boolean;)V" line="745"><counter type="INSTRUCTION" missed="4" covered="0"/><counter type="LINE" missed="2" covered="0"/><counter type="COMPLEXITY" missed="1" covered="0"/><counter type="METHOD" missed="1" covered="0"/></method><method name="isComposerAnalyzerEnabled" desc="()Ljava/lang/Boolean;" line="754"><counter type="INSTRUCTION" missed="3" covered="0"/><counter type="LINE" missed="1" covered="0"/><counter type="COMPLEXITY" missed="1" covered="0"/><counter type="METHOD" missed="1" covered="0"/></method><method name="setComposerAnalyzerEnabled" desc="(Ljava/lang/Boolean;)V" line="763"><counter type="INSTRUCTION" missed="4" covered="0"/><counter type="LINE" missed="2" covered="0"/><counter type="COMPLEXITY" missed="1" covered="0"/><counter type="METHOD" missed="1" covered="0"/></method><method name="isAutoconfAnalyzerEnabled" desc="()Ljava/lang/Boolean;" line="772"><counter type="INSTRUCTION" missed="3" covered="0"/><counter type="LINE" missed="1" covered="0"/><counter type="COMPLEXITY" missed="1" covered="0"/><counter type="METHOD" missed="1" covered="0"/></method><method name="setAutoconfAnalyzerEnabled" desc="(Ljava/lang/Boolean;)V" line="781"><counter type="INSTRUCTION" missed="4" covered="0"/><counter type="LINE" missed="2" covered="0"/><counter type="COMPLEXITY" missed="1" covered="0"/><counter type="METHOD" missed="1" covered="0"/></method><method name="isBundleAuditAnalyzerEnabled" desc="()Ljava/lang/Boolean;" line="790"><counter type="INSTRUCTION" missed="3" covered="0"/><counter type="LINE" missed="1" covered="0"/><counter type="COMPLEXITY" missed="1" covered="0"/><counter type="METHOD" missed="1" covered="0"/></method><method name="setBundleAuditAnalyzerEnabled" desc="(Ljava/lang/Boolean;)V" line="800"><counter type="INSTRUCTION" missed="4" covered="0"/><counter type="LINE" missed="2" covered="0"/><counter type="COMPLEXITY" missed="1" covered="0"/><counter type="METHOD" missed="1" covered="0"/></method><method name="getBundleAuditPath" desc="()Ljava/lang/String;" line="809"><counter type="INSTRUCTION" missed="3" covered="0"/><counter type="LINE" missed="1" covered="0"/><counter type="COMPLEXITY" missed="1" covered="0"/><counter type="METHOD" missed="1" covered="0"/></method><method name="setBundleAuditPath" desc="(Ljava/lang/String;)V" line="818"><counter type="INSTRUCTION" missed="4" covered="0"/><counter type="LINE" missed="2" covered="0"/><counter type="COMPLEXITY" missed="1" covered="0"/><counter type="METHOD" missed="1" covered="0"/></method><method name="setBundleAuditWorkingDirectory" desc="(Ljava/lang/String;)V" line="829"><counter type="INSTRUCTION" missed="4" covered="0"/><counter type="LINE" missed="2" covered="0"/><counter type="COMPLEXITY" missed="1" covered="0"/><counter type="METHOD" missed="1" covered="0"/></method><method name="getBundleAuditWorkingDirectory" desc="()Ljava/lang/String;" line="840"><counter type="INSTRUCTION" missed="3" covered="0"/><counter type="LINE" missed="1" covered="0"/><counter type="COMPLEXITY" missed="1" covered="0"/><counter type="METHOD" missed="1" covered="0"/></method><method name="isCocoapodsAnalyzerEnabled" desc="()Z" line="849"><counter type="INSTRUCTION" missed="4" covered="0"/><counter type="LINE" missed="1" covered="0"/><counter type="COMPLEXITY" missed="1" covered="0"/><counter type="METHOD" missed="1" covered="0"/></method><method name="setCocoapodsAnalyzerEnabled" desc="(Ljava/lang/Boolean;)V" line="858"><counter type="INSTRUCTION" missed="4" covered="0"/><counter type="LINE" missed="2" covered="0"/><counter type="COMPLEXITY" missed="1" covered="0"/><counter type="METHOD" missed="1" covered="0"/></method><method name="isSwiftPackageManagerAnalyzerEnabled" desc="()Ljava/lang/Boolean;" line="867"><counter type="INSTRUCTION" missed="3" covered="0"/><counter type="LINE" missed="1" covered="0"/><counter type="COMPLEXITY" missed="1" covered="0"/><counter type="METHOD" missed="1" covered="0"/></method><method name="setSwiftPackageManagerAnalyzerEnabled" desc="(Ljava/lang/Boolean;)V" line="877"><counter type="INSTRUCTION" missed="4" covered="0"/><counter type="LINE" missed="2" covered="0"/><counter type="COMPLEXITY" missed="1" covered="0"/><counter type="METHOD" missed="1" covered="0"/></method><method name="isOpensslAnalyzerEnabled" desc="()Ljava/lang/Boolean;" line="886"><counter type="INSTRUCTION" missed="3" covered="0"/><counter type="LINE" missed="1" covered="0"/><counter type="COMPLEXITY" missed="1" covered="0"/><counter type="METHOD" missed="1" covered="0"/></method><method name="setOpensslAnalyzerEnabled" desc="(Ljava/lang/Boolean;)V" line="895"><counter type="INSTRUCTION" missed="4" covered="0"/><counter type="LINE" missed="2" covered="0"/><counter type="COMPLEXITY" missed="1" covered="0"/><counter type="METHOD" missed="1" covered="0"/></method><method name="isNodeAnalyzerEnabled" desc="()Ljava/lang/Boolean;" line="904"><counter type="INSTRUCTION" missed="3" covered="0"/><counter type="LINE" missed="1" covered="0"/><counter type="COMPLEXITY" missed="1" covered="0"/><counter type="METHOD" missed="1" covered="0"/></method><method name="setNodeAnalyzerEnabled" desc="(Ljava/lang/Boolean;)V" line="913"><counter type="INSTRUCTION" missed="4" covered="0"/><counter type="LINE" missed="2" covered="0"/><counter type="COMPLEXITY" missed="1" covered="0"/><counter type="METHOD" missed="1" covered="0"/></method><method name="isNodeAuditAnalyzerEnabled" desc="()Ljava/lang/Boolean;" line="922"><counter type="INSTRUCTION" missed="3" covered="0"/><counter type="LINE" missed="1" covered="0"/><counter type="COMPLEXITY" missed="1" covered="0"/><counter type="METHOD" missed="1" covered="0"/></method><method name="setNodeAuditAnalyzerEnabled" desc="(Ljava/lang/Boolean;)V" line="931"><counter type="INSTRUCTION" missed="4" covered="0"/><counter type="LINE" missed="2" covered="0"/><counter type="COMPLEXITY" missed="1" covered="0"/><counter type="METHOD" missed="1" covered="0"/></method><method name="isNodeAuditAnalyzerUseCache" desc="()Ljava/lang/Boolean;" line="940"><counter type="INSTRUCTION" missed="3" covered="0"/><counter type="LINE" missed="1" covered="0"/><counter type="COMPLEXITY" missed="1" covered="0"/><counter type="METHOD" missed="1" covered="0"/></method><method name="setNodeAuditAnalyzerUseCache" desc="(Ljava/lang/Boolean;)V" line="949"><counter type="INSTRUCTION" missed="4" covered="0"/><counter type="LINE" missed="2" covered="0"/><counter type="COMPLEXITY" missed="1" covered="0"/><counter type="METHOD" missed="1" covered="0"/></method><method name="isNodeAuditAnalyzerSkipDevDependencies" desc="()Ljava/lang/Boolean;" line="958"><counter type="INSTRUCTION" missed="3" covered="0"/><counter type="LINE" missed="1" covered="0"/><counter type="COMPLEXITY" missed="1" covered="0"/><counter type="METHOD" missed="1" covered="0"/></method><method name="setNodeAuditSkipDevDependencies" desc="(Ljava/lang/Boolean;)V" line="968"><counter type="INSTRUCTION" missed="4" covered="0"/><counter type="LINE" missed="2" covered="0"/><counter type="COMPLEXITY" missed="1" covered="0"/><counter type="METHOD" missed="1" covered="0"/></method><method name="isRetireJsAnalyzerEnabled" desc="()Ljava/lang/Boolean;" line="977"><counter type="INSTRUCTION" missed="3" covered="0"/><counter type="LINE" missed="1" covered="0"/><counter type="COMPLEXITY" missed="1" covered="0"/><counter type="METHOD" missed="1" covered="0"/></method><method name="setRetireJsAnalyzerEnabled" desc="(Ljava/lang/Boolean;)V" line="986"><counter type="INSTRUCTION" missed="4" covered="0"/><counter type="LINE" missed="2" covered="0"/><counter type="COMPLEXITY" missed="1" covered="0"/><counter type="METHOD" missed="1" covered="0"/></method><method name="getRetireJsUrl" desc="()Ljava/lang/String;" line="995"><counter type="INSTRUCTION" missed="3" covered="0"/><counter type="LINE" missed="1" covered="0"/><counter type="COMPLEXITY" missed="1" covered="0"/><counter type="METHOD" missed="1" covered="0"/></method><method name="setRetireJsUrl" desc="(Ljava/lang/String;)V" line="1004"><counter type="INSTRUCTION" missed="4" covered="0"/><counter type="LINE" missed="2" covered="0"/><counter type="COMPLEXITY" missed="1" covered="0"/><counter type="METHOD" missed="1" covered="0"/></method><method name="isRetireJsAnalyzerForceUpdate" desc="()Ljava/lang/Boolean;" line="1013"><counter type="INSTRUCTION" missed="3" covered="0"/><counter type="LINE" missed="1" covered="0"/><counter type="COMPLEXITY" missed="1" covered="0"/><counter type="METHOD" missed="1" covered="0"/></method><method name="setRetireJsAnalyzerForceUpdate" desc="(Ljava/lang/Boolean;)V" line="1023"><counter type="INSTRUCTION" missed="4" covered="0"/><counter type="LINE" missed="2" covered="0"/><counter type="COMPLEXITY" missed="1" covered="0"/><counter type="METHOD" missed="1" covered="0"/></method><method name="isRetirejsFilterNonVulnerable" desc="()Ljava/lang/Boolean;" line="1032"><counter type="INSTRUCTION" missed="3" covered="0"/><counter type="LINE" missed="1" covered="0"/><counter type="COMPLEXITY" missed="1" covered="0"/><counter type="METHOD" missed="1" covered="0"/></method><method name="setRetirejsFilterNonVulnerable" desc="(Ljava/lang/Boolean;)V" line="1042"><counter type="INSTRUCTION" missed="0" covered="4"/><counter type="LINE" missed="0" covered="2"/><counter type="COMPLEXITY" missed="0" covered="1"/><counter type="METHOD" missed="0" covered="1"/></method><method name="getRetirejsFilters" desc="()Ljava/util/List;" line="1051"><counter type="INSTRUCTION" missed="3" covered="0"/><counter type="LINE" missed="1" covered="0"/><counter type="COMPLEXITY" missed="1" covered="0"/><counter type="METHOD" missed="1" covered="0"/></method><method name="addConfiguredRetirejsFilter" desc="(Lorg/owasp/dependencycheck/taskdefs/RetirejsFilter;)V" line="1063"><counter type="INSTRUCTION" missed="0" covered="7"/><counter type="LINE" missed="0" covered="2"/><counter type="COMPLEXITY" missed="0" covered="1"/><counter type="METHOD" missed="0" covered="1"/></method><method name="isRubygemsAnalyzerEnabled" desc="()Ljava/lang/Boolean;" line="1072"><counter type="INSTRUCTION" missed="3" covered="0"/><counter type="LINE" missed="1" covered="0"/><counter type="COMPLEXITY" missed="1" covered="0"/><counter type="METHOD" missed="1" covered="0"/></method><method name="setRubygemsAnalyzerEnabled" desc="(Ljava/lang/Boolean;)V" line="1081"><counter type="INSTRUCTION" missed="4" covered="0"/><counter type="LINE" missed="2" covered="0"/><counter type="COMPLEXITY" missed="1" covered="0"/><counter type="METHOD" missed="1" covered="0"/></method><method name="isPyPackageAnalyzerEnabled" desc="()Ljava/lang/Boolean;" line="1090"><counter type="INSTRUCTION" missed="3" covered="0"/><counter type="LINE" missed="1" covered="0"/><counter type="COMPLEXITY" missed="1" covered="0"/><counter type="METHOD" missed="1" covered="0"/></method><method name="setPyPackageAnalyzerEnabled" desc="(Ljava/lang/Boolean;)V" line="1099"><counter type="INSTRUCTION" missed="4" covered="0"/><counter type="LINE" missed="2" covered="0"/><counter type="COMPLEXITY" missed="1" covered="0"/><counter type="METHOD" missed="1" covered="0"/></method><method name="isPyDistributionAnalyzerEnabled" desc="()Ljava/lang/Boolean;" line="1108"><counter type="INSTRUCTION" missed="3" covered="0"/><counter type="LINE" missed="1" covered="0"/><counter type="COMPLEXITY" missed="1" covered="0"/><counter type="METHOD" missed="1" covered="0"/></method><method name="setPyDistributionAnalyzerEnabled" desc="(Ljava/lang/Boolean;)V" line="1118"><counter type="INSTRUCTION" missed="4" covered="0"/><counter type="LINE" missed="2" covered="0"/><counter type="COMPLEXITY" missed="1" covered="0"/><counter type="METHOD" missed="1" covered="0"/></method><method name="isCentralAnalyzerEnabled" desc="()Ljava/lang/Boolean;" line="1127"><counter type="INSTRUCTION" missed="3" covered="0"/><counter type="LINE" missed="1" covered="0"/><counter type="COMPLEXITY" missed="1" covered="0"/><counter type="METHOD" missed="1" covered="0"/></method><method name="setCentralAnalyzerEnabled" desc="(Ljava/lang/Boolean;)V" line="1136"><counter type="INSTRUCTION" missed="0" covered="4"/><counter type="LINE" missed="0" covered="2"/><counter type="COMPLEXITY" missed="0" covered="1"/><counter type="METHOD" missed="0" covered="1"/></method><method name="isCentralAnalyzerUseCache" desc="()Ljava/lang/Boolean;" line="1145"><counter type="INSTRUCTION" missed="3" covered="0"/><counter type="LINE" missed="1" covered="0"/><counter type="COMPLEXITY" missed="1" covered="0"/><counter type="METHOD" missed="1" covered="0"/></method><method name="setCentralAnalyzerUseCache" desc="(Ljava/lang/Boolean;)V" line="1154"><counter type="INSTRUCTION" missed="4" covered="0"/><counter type="LINE" missed="2" covered="0"/><counter type="COMPLEXITY" missed="1" covered="0"/><counter type="METHOD" missed="1" covered="0"/></method><method name="isNexusAnalyzerEnabled" desc="()Ljava/lang/Boolean;" line="1163"><counter type="INSTRUCTION" missed="3" covered="0"/><counter type="LINE" missed="1" covered="0"/><counter type="COMPLEXITY" missed="1" covered="0"/><counter type="METHOD" missed="1" covered="0"/></method><method name="setNexusAnalyzerEnabled" desc="(Ljava/lang/Boolean;)V" line="1172"><counter type="INSTRUCTION" missed="4" covered="0"/><counter type="LINE" missed="2" covered="0"/><counter type="COMPLEXITY" missed="1" covered="0"/><counter type="METHOD" missed="1" covered="0"/></method><method name="isGolangDepEnabled" desc="()Ljava/lang/Boolean;" line="1181"><counter type="INSTRUCTION" missed="3" covered="0"/><counter type="LINE" missed="1" covered="0"/><counter type="COMPLEXITY" missed="1" covered="0"/><counter type="METHOD" missed="1" covered="0"/></method><method name="setGolangDepEnabled" desc="(Ljava/lang/Boolean;)V" line="1190"><counter type="INSTRUCTION" missed="4" covered="0"/><counter type="LINE" missed="2" covered="0"/><counter type="COMPLEXITY" missed="1" covered="0"/><counter type="METHOD" missed="1" covered="0"/></method><method name="isGoModDepEnabled" desc="()Ljava/lang/Boolean;" line="1199"><counter type="INSTRUCTION" missed="3" covered="0"/><counter type="LINE" missed="1" covered="0"/><counter type="COMPLEXITY" missed="1" covered="0"/><counter type="METHOD" missed="1" covered="0"/></method><method name="setGolangModEnabled" desc="(Ljava/lang/Boolean;)V" line="1208"><counter type="INSTRUCTION" missed="4" covered="0"/><counter type="LINE" missed="2" covered="0"/><counter type="COMPLEXITY" missed="1" covered="0"/><counter type="METHOD" missed="1" covered="0"/></method><method name="getPathToGo" desc="()Ljava/lang/String;" line="1217"><counter type="INSTRUCTION" missed="3" covered="0"/><counter type="LINE" missed="1" covered="0"/><counter type="COMPLEXITY" missed="1" covered="0"/><counter type="METHOD" missed="1" covered="0"/></method><method name="setPathToGo" desc="(Ljava/lang/String;)V" line="1226"><counter type="INSTRUCTION" missed="4" covered="0"/><counter type="LINE" missed="2" covered="0"/><counter type="COMPLEXITY" missed="1" covered="0"/><counter type="METHOD" missed="1" covered="0"/></method><method name="getNexusUrl" desc="()Ljava/lang/String;" line="1235"><counter type="INSTRUCTION" missed="3" covered="0"/><counter type="LINE" missed="1" covered="0"/><counter type="COMPLEXITY" missed="1" covered="0"/><counter type="METHOD" missed="1" covered="0"/></method><method name="setNexusUrl" desc="(Ljava/lang/String;)V" line="1244"><counter type="INSTRUCTION" missed="4" covered="0"/><counter type="LINE" missed="2" covered="0"/><counter type="COMPLEXITY" missed="1" covered="0"/><counter type="METHOD" missed="1" covered="0"/></method><method name="getNexusUser" desc="()Ljava/lang/String;" line="1253"><counter type="INSTRUCTION" missed="3" covered="0"/><counter type="LINE" missed="1" covered="0"/><counter type="COMPLEXITY" missed="1" covered="0"/><counter type="METHOD" missed="1" covered="0"/></method><method name="setNexusUser" desc="(Ljava/lang/String;)V" line="1262"><counter type="INSTRUCTION" missed="4" covered="0"/><counter type="LINE" missed="2" covered="0"/><counter type="COMPLEXITY" missed="1" covered="0"/><counter type="METHOD" missed="1" covered="0"/></method><method name="getNexusPassword" desc="()Ljava/lang/String;" line="1271"><counter type="INSTRUCTION" missed="3" covered="0"/><counter type="LINE" missed="1" covered="0"/><counter type="COMPLEXITY" missed="1" covered="0"/><counter type="METHOD" missed="1" covered="0"/></method><method name="setNexusPassword" desc="(Ljava/lang/String;)V" line="1280"><counter type="INSTRUCTION" missed="4" covered="0"/><counter type="LINE" missed="2" covered="0"/><counter type="COMPLEXITY" missed="1" covered="0"/><counter type="METHOD" missed="1" covered="0"/></method><method name="isNexusUsesProxy" desc="()Ljava/lang/Boolean;" line="1289"><counter type="INSTRUCTION" missed="3" covered="0"/><counter type="LINE" missed="1" covered="0"/><counter type="COMPLEXITY" missed="1" covered="0"/><counter type="METHOD" missed="1" covered="0"/></method><method name="setNexusUsesProxy" desc="(Ljava/lang/Boolean;)V" line="1298"><counter type="INSTRUCTION" missed="4" covered="0"/><counter type="LINE" missed="2" covered="0"/><counter type="COMPLEXITY" missed="1" covered="0"/><counter type="METHOD" missed="1" covered="0"/></method><method name="getZipExtensions" desc="()Ljava/lang/String;" line="1307"><counter type="INSTRUCTION" missed="3" covered="0"/><counter type="LINE" missed="1" covered="0"/><counter type="COMPLEXITY" missed="1" covered="0"/><counter type="METHOD" missed="1" covered="0"/></method><method name="setZipExtensions" desc="(Ljava/lang/String;)V" line="1316"><counter type="INSTRUCTION" missed="4" covered="0"/><counter type="LINE" missed="2" covered="0"/><counter type="COMPLEXITY" missed="1" covered="0"/><counter type="METHOD" missed="1" covered="0"/></method><method name="getPathToDotnetCore" desc="()Ljava/lang/String;" line="1325"><counter type="INSTRUCTION" missed="3" covered="0"/><counter type="LINE" missed="1" covered="0"/><counter type="COMPLEXITY" missed="1" covered="0"/><counter type="METHOD" missed="1" covered="0"/></method><method name="setPathToDotnetCore" desc="(Ljava/lang/String;)V" line="1334"><counter type="INSTRUCTION" missed="4" covered="0"/><counter type="LINE" missed="2" covered="0"/><counter type="COMPLEXITY" missed="1" covered="0"/><counter type="METHOD" missed="1" covered="0"/></method><method name="isOssindexAnalyzerEnabled" desc="()Ljava/lang/Boolean;" line="1343"><counter type="INSTRUCTION" missed="3" covered="0"/><counter type="LINE" missed="1" covered="0"/><counter type="COMPLEXITY" missed="1" covered="0"/><counter type="METHOD" missed="1" covered="0"/></method><method name="setOssindexAnalyzerEnabled" desc="(Ljava/lang/Boolean;)V" line="1352"><counter type="INSTRUCTION" missed="0" covered="4"/><counter type="LINE" missed="0" covered="2"/><counter type="COMPLEXITY" missed="0" covered="1"/><counter type="METHOD" missed="0" covered="1"/></method><method name="isOssindexAnalyzerUseCache" desc="()Ljava/lang/Boolean;" line="1361"><counter type="INSTRUCTION" missed="3" covered="0"/><counter type="LINE" missed="1" covered="0"/><counter type="COMPLEXITY" missed="1" covered="0"/><counter type="METHOD" missed="1" covered="0"/></method><method name="setOssindexAnalyzerUseCache" desc="(Ljava/lang/Boolean;)V" line="1370"><counter type="INSTRUCTION" missed="4" covered="0"/><counter type="LINE" missed="2" covered="0"/><counter type="COMPLEXITY" missed="1" covered="0"/><counter type="METHOD" missed="1" covered="0"/></method><method name="getOssindexAnalyzerUrl" desc="()Ljava/lang/String;" line="1379"><counter type="INSTRUCTION" missed="3" covered="0"/><counter type="LINE" missed="1" covered="0"/><counter type="COMPLEXITY" missed="1" covered="0"/><counter type="METHOD" missed="1" covered="0"/></method><method name="setOssindexAnalyzerUrl" desc="(Ljava/lang/String;)V" line="1388"><counter type="INSTRUCTION" missed="4" covered="0"/><counter type="LINE" missed="2" covered="0"/><counter type="COMPLEXITY" missed="1" covered="0"/><counter type="METHOD" missed="1" covered="0"/></method><method name="getOssindexAnalyzerUsername" desc="()Ljava/lang/String;" line="1397"><counter type="INSTRUCTION" missed="3" covered="0"/><counter type="LINE" missed="1" covered="0"/><counter type="COMPLEXITY" missed="1" covered="0"/><counter type="METHOD" missed="1" covered="0"/></method><method name="setOssindexAnalyzerUsername" desc="(Ljava/lang/String;)V" line="1406"><counter type="INSTRUCTION" missed="4" covered="0"/><counter type="LINE" missed="2" covered="0"/><counter type="COMPLEXITY" missed="1" covered="0"/><counter type="METHOD" missed="1" covered="0"/></method><method name="getOssindexAnalyzerPassword" desc="()Ljava/lang/String;" line="1415"><counter type="INSTRUCTION" missed="3" covered="0"/><counter type="LINE" missed="1" covered="0"/><counter type="COMPLEXITY" missed="1" covered="0"/><counter type="METHOD" missed="1" covered="0"/></method><method name="setOssindexAnalyzerPassword" desc="(Ljava/lang/String;)V" line="1424"><counter type="INSTRUCTION" missed="4" covered="0"/><counter type="LINE" missed="2" covered="0"/><counter type="COMPLEXITY" missed="1" covered="0"/><counter type="METHOD" missed="1" covered="0"/></method><method name="isCmakeAnalyzerEnabled" desc="()Ljava/lang/Boolean;" line="1433"><counter type="INSTRUCTION" missed="3" covered="0"/><counter type="LINE" missed="1" covered="0"/><counter type="COMPLEXITY" missed="1" covered="0"/><counter type="METHOD" missed="1" covered="0"/></method><method name="setCmakeAnalyzerEnabled" desc="(Ljava/lang/Boolean;)V" line="1442"><counter type="INSTRUCTION" missed="4" covered="0"/><counter type="LINE" missed="2" covered="0"/><counter type="COMPLEXITY" missed="1" covered="0"/><counter type="METHOD" missed="1" covered="0"/></method><method name="getArtifactoryAnalyzerEnabled" desc="()Ljava/lang/Boolean;" line="1451"><counter type="INSTRUCTION" missed="3" covered="0"/><counter type="LINE" missed="1" covered="0"/><counter type="COMPLEXITY" missed="1" covered="0"/><counter type="METHOD" missed="1" covered="0"/></method><method name="setArtifactoryAnalyzerEnabled" desc="(Ljava/lang/Boolean;)V" line="1460"><counter type="INSTRUCTION" missed="4" covered="0"/><counter type="LINE" missed="2" covered="0"/><counter type="COMPLEXITY" missed="1" covered="0"/><counter type="METHOD" missed="1" covered="0"/></method><method name="getArtifactoryAnalyzerUrl" desc="()Ljava/lang/String;" line="1469"><counter type="INSTRUCTION" missed="3" covered="0"/><counter type="LINE" missed="1" covered="0"/><counter type="COMPLEXITY" missed="1" covered="0"/><counter type="METHOD" missed="1" covered="0"/></method><method name="setArtifactoryAnalyzerUrl" desc="(Ljava/lang/String;)V" line="1478"><counter type="INSTRUCTION" missed="4" covered="0"/><counter type="LINE" missed="2" covered="0"/><counter type="COMPLEXITY" missed="1" covered="0"/><counter type="METHOD" missed="1" covered="0"/></method><method name="getArtifactoryAnalyzerUseProxy" desc="()Ljava/lang/Boolean;" line="1487"><counter type="INSTRUCTION" missed="3" covered="0"/><counter type="LINE" missed="1" covered="0"/><counter type="COMPLEXITY" missed="1" covered="0"/><counter type="METHOD" missed="1" covered="0"/></method><method name="setArtifactoryAnalyzerUseProxy" desc="(Ljava/lang/Boolean;)V" line="1497"><counter type="INSTRUCTION" missed="4" covered="0"/><counter type="LINE" missed="2" covered="0"/><counter type="COMPLEXITY" missed="1" covered="0"/><counter type="METHOD" missed="1" covered="0"/></method><method name="getArtifactoryAnalyzerParallelAnalysis" desc="()Ljava/lang/Boolean;" line="1506"><counter type="INSTRUCTION" missed="3" covered="0"/><counter type="LINE" missed="1" covered="0"/><counter type="COMPLEXITY" missed="1" covered="0"/><counter type="METHOD" missed="1" covered="0"/></method><method name="setArtifactoryAnalyzerParallelAnalysis" desc="(Ljava/lang/Boolean;)V" line="1516"><counter type="INSTRUCTION" missed="4" covered="0"/><counter type="LINE" missed="2" covered="0"/><counter type="COMPLEXITY" missed="1" covered="0"/><counter type="METHOD" missed="1" covered="0"/></method><method name="getArtifactoryAnalyzerUsername" desc="()Ljava/lang/String;" line="1525"><counter type="INSTRUCTION" missed="3" covered="0"/><counter type="LINE" missed="1" covered="0"/><counter type="COMPLEXITY" missed="1" covered="0"/><counter type="METHOD" missed="1" covered="0"/></method><method name="setArtifactoryAnalyzerUsername" desc="(Ljava/lang/String;)V" line="1535"><counter type="INSTRUCTION" missed="4" covered="0"/><counter type="LINE" missed="2" covered="0"/><counter type="COMPLEXITY" missed="1" covered="0"/><counter type="METHOD" missed="1" covered="0"/></method><method name="getArtifactoryAnalyzerApiToken" desc="()Ljava/lang/String;" line="1544"><counter type="INSTRUCTION" missed="3" covered="0"/><counter type="LINE" missed="1" covered="0"/><counter type="COMPLEXITY" missed="1" covered="0"/><counter type="METHOD" missed="1" covered="0"/></method><method name="setArtifactoryAnalyzerApiToken" desc="(Ljava/lang/String;)V" line="1554"><counter type="INSTRUCTION" missed="4" covered="0"/><counter type="LINE" missed="2" covered="0"/><counter type="COMPLEXITY" missed="1" covered="0"/><counter type="METHOD" missed="1" covered="0"/></method><method name="getArtifactoryAnalyzerBearerToken" desc="()Ljava/lang/String;" line="1563"><counter type="INSTRUCTION" missed="3" covered="0"/><counter type="LINE" missed="1" covered="0"/><counter type="COMPLEXITY" missed="1" covered="0"/><counter type="METHOD" missed="1" covered="0"/></method><method name="setArtifactoryAnalyzerBearerToken" desc="(Ljava/lang/String;)V" line="1573"><counter type="INSTRUCTION" missed="4" covered="0"/><counter type="LINE" missed="2" covered="0"/><counter type="COMPLEXITY" missed="1" covered="0"/><counter type="METHOD" missed="1" covered="0"/></method><method name="execute" desc="()V" line="1580"><counter type="INSTRUCTION" missed="34" covered="93"/><counter type="BRANCH" missed="7" covered="11"/><counter type="LINE" missed="10" covered="21"/><counter type="COMPLEXITY" missed="5" covered="5"/><counter type="METHOD" missed="0" covered="1"/></method><method name="callExecuteAnalysis" desc="(Lorg/owasp/dependencycheck/Engine;)Lorg/owasp/dependencycheck/exception/ExceptionCollection;" line="1634"><counter type="INSTRUCTION" missed="11" covered="7"/><counter type="BRANCH" missed="2" covered="0"/><counter type="LINE" missed="4" covered="4"/><counter type="COMPLEXITY" missed="1" covered="1"/><counter type="METHOD" missed="0" covered="1"/></method><method name="validateConfiguration" desc="()V" line="1655"><counter type="INSTRUCTION" missed="10" covered="14"/><counter type="BRANCH" missed="3" covered="3"/><counter type="LINE" missed="2" covered="3"/><counter type="COMPLEXITY" missed="3" covered="1"/><counter type="METHOD" missed="0" covered="1"/></method><method name="populateSettings" desc="()V" line="1674"><counter type="INSTRUCTION" missed="0" covered="345"/><counter type="LINE" missed="0" covered="59"/><counter type="COMPLEXITY" missed="0" covered="1"/><counter type="METHOD" missed="0" covered="1"/></method><method name="checkForFailure" desc="([Lorg/owasp/dependencycheck/dependency/Dependency;)V" line="1748"><counter type="INSTRUCTION" missed="25" covered="87"/><counter type="BRANCH" missed="11" covered="11"/><counter type="LINE" missed="3" covered="14"/><counter type="COMPLEXITY" missed="7" covered="5"/><counter type="METHOD" missed="0" covered="1"/></method><counter type="INSTRUCTION" missed="522" covered="706"/><counter type="BRANCH" missed="31" covered="33"/><counter type="LINE" missed="193" covered="154"/><counter type="COMPLEXITY" missed="135" covered="33"/><counter type="METHOD" missed="113" covered="23"/><counter type="CLASS" missed="0" covered="1"/></class><class name="org/owasp/dependencycheck/taskdefs/Update" sourcefilename="Update.java"><method name="&lt;init&gt;" desc="()V" line="101"><counter type="INSTRUCTION" missed="0" covered="6"/><counter type="LINE" missed="0" covered="3"/><counter type="COMPLEXITY" missed="0" covered="1"/><counter type="METHOD" missed="0" covered="1"/></method><method name="getProxyServer" desc="()Ljava/lang/String;" line="113"><counter type="INSTRUCTION" missed="3" covered="0"/><counter type="LINE" missed="1" covered="0"/><counter type="COMPLEXITY" missed="1" covered="0"/><counter type="METHOD" missed="1" covered="0"/></method><method name="setProxyServer" desc="(Ljava/lang/String;)V" line="122"><counter type="INSTRUCTION" missed="4" covered="0"/><counter type="LINE" missed="2" covered="0"/><counter type="COMPLEXITY" missed="1" covered="0"/><counter type="METHOD" missed="1" covered="0"/></method><method name="getProxyPort" desc="()Ljava/lang/String;" line="131"><counter type="INSTRUCTION" missed="3" covered="0"/><counter type="LINE" missed="1" covered="0"/><counter type="COMPLEXITY" missed="1" covered="0"/><counter type="METHOD" missed="1" covered="0"/></method><method name="setProxyPort" desc="(Ljava/lang/String;)V" line="140"><counter type="INSTRUCTION" missed="4" covered="0"/><counter type="LINE" missed="2" covered="0"/><counter type="COMPLEXITY" missed="1" covered="0"/><counter type="METHOD" missed="1" covered="0"/></method><method name="getProxyUsername" desc="()Ljava/lang/String;" line="149"><counter type="INSTRUCTION" missed="3" covered="0"/><counter type="LINE" missed="1" covered="0"/><counter type="COMPLEXITY" missed="1" covered="0"/><counter type="METHOD" missed="1" covered="0"/></method><method name="setProxyUsername" desc="(Ljava/lang/String;)V" line="158"><counter type="INSTRUCTION" missed="4" covered="0"/><counter type="LINE" missed="2" covered="0"/><counter type="COMPLEXITY" missed="1" covered="0"/><counter type="METHOD" missed="1" covered="0"/></method><method name="getProxyPassword" desc="()Ljava/lang/String;" line="167"><counter type="INSTRUCTION" missed="3" covered="0"/><counter type="LINE" missed="1" covered="0"/><counter type="COMPLEXITY" missed="1" covered="0"/><counter type="METHOD" missed="1" covered="0"/></method><method name="setProxyPassword" desc="(Ljava/lang/String;)V" line="176"><counter type="INSTRUCTION" missed="4" covered="0"/><counter type="LINE" missed="2" covered="0"/><counter type="COMPLEXITY" missed="1" covered="0"/><counter type="METHOD" missed="1" covered="0"/></method><method name="getNonProxyHosts" desc="()Ljava/lang/String;" line="185"><counter type="INSTRUCTION" missed="3" covered="0"/><counter type="LINE" missed="1" covered="0"/><counter type="COMPLEXITY" missed="1" covered="0"/><counter type="METHOD" missed="1" covered="0"/></method><method name="setNonProxyHosts" desc="(Ljava/lang/String;)V" line="194"><counter type="INSTRUCTION" missed="4" covered="0"/><counter type="LINE" missed="2" covered="0"/><counter type="COMPLEXITY" missed="1" covered="0"/><counter type="METHOD" missed="1" covered="0"/></method><method name="getConnectionTimeout" desc="()Ljava/lang/String;" line="203"><counter type="INSTRUCTION" missed="3" covered="0"/><counter type="LINE" missed="1" covered="0"/><counter type="COMPLEXITY" missed="1" covered="0"/><counter type="METHOD" missed="1" covered="0"/></method><method name="setConnectionTimeout" desc="(Ljava/lang/String;)V" line="212"><counter type="INSTRUCTION" missed="4" covered="0"/><counter type="LINE" missed="2" covered="0"/><counter type="COMPLEXITY" missed="1" covered="0"/><counter type="METHOD" missed="1" covered="0"/></method><method name="getDatabaseDriverName" desc="()Ljava/lang/String;" line="221"><counter type="INSTRUCTION" missed="3" covered="0"/><counter type="LINE" missed="1" covered="0"/><counter type="COMPLEXITY" missed="1" covered="0"/><counter type="METHOD" missed="1" covered="0"/></method><method name="setDatabaseDriverName" desc="(Ljava/lang/String;)V" line="230"><counter type="INSTRUCTION" missed="4" covered="0"/><counter type="LINE" missed="2" covered="0"/><counter type="COMPLEXITY" missed="1" covered="0"/><counter type="METHOD" missed="1" covered="0"/></method><method name="getDatabaseDriverPath" desc="()Ljava/lang/String;" line="239"><counter type="INSTRUCTION" missed="3" covered="0"/><counter type="LINE" missed="1" covered="0"/><counter type="COMPLEXITY" missed="1" covered="0"/><counter type="METHOD" missed="1" covered="0"/></method><method name="setDatabaseDriverPath" desc="(Ljava/lang/String;)V" line="248"><counter type="INSTRUCTION" missed="4" covered="0"/><counter type="LINE" missed="2" covered="0"/><counter type="COMPLEXITY" missed="1" covered="0"/><counter type="METHOD" missed="1" covered="0"/></method><method name="getConnectionString" desc="()Ljava/lang/String;" line="257"><counter type="INSTRUCTION" missed="3" covered="0"/><counter type="LINE" missed="1" covered="0"/><counter type="COMPLEXITY" missed="1" covered="0"/><counter type="METHOD" missed="1" covered="0"/></method><method name="setConnectionString" desc="(Ljava/lang/String;)V" line="266"><counter type="INSTRUCTION" missed="4" covered="0"/><counter type="LINE" missed="2" covered="0"/><counter type="COMPLEXITY" missed="1" covered="0"/><counter type="METHOD" missed="1" covered="0"/></method><method name="getDatabaseUser" desc="()Ljava/lang/String;" line="275"><counter type="INSTRUCTION" missed="3" covered="0"/><counter type="LINE" missed="1" covered="0"/><counter type="COMPLEXITY" missed="1" covered="0"/><counter type="METHOD" missed="1" covered="0"/></method><method name="setDatabaseUser" desc="(Ljava/lang/String;)V" line="284"><counter type="INSTRUCTION" missed="4" covered="0"/><counter type="LINE" missed="2" covered="0"/><counter type="COMPLEXITY" missed="1" covered="0"/><counter type="METHOD" missed="1" covered="0"/></method><method name="getDatabasePassword" desc="()Ljava/lang/String;" line="293"><counter type="INSTRUCTION" missed="3" covered="0"/><counter type="LINE" missed="1" covered="0"/><counter type="COMPLEXITY" missed="1" covered="0"/><counter type="METHOD" missed="1" covered="0"/></method><method name="setDatabasePassword" desc="(Ljava/lang/String;)V" line="302"><counter type="INSTRUCTION" missed="4" covered="0"/><counter type="LINE" missed="2" covered="0"/><counter type="COMPLEXITY" missed="1" covered="0"/><counter type="METHOD" missed="1" covered="0"/></method><method name="setCveUrlModified" desc="(Ljava/lang/String;)V" line="311"><counter type="INSTRUCTION" missed="4" covered="0"/><counter type="LINE" missed="2" covered="0"/><counter type="COMPLEXITY" missed="1" covered="0"/><counter type="METHOD" missed="1" covered="0"/></method><method name="getCveUrlModified" desc="()Ljava/lang/String;" line="320"><counter type="INSTRUCTION" missed="3" covered="0"/><counter type="LINE" missed="1" covered="0"/><counter type="COMPLEXITY" missed="1" covered="0"/><counter type="METHOD" missed="1" covered="0"/></method><method name="getCveUrlBase" desc="()Ljava/lang/String;" line="329"><counter type="INSTRUCTION" missed="3" covered="0"/><counter type="LINE" missed="1" covered="0"/><counter type="COMPLEXITY" missed="1" covered="0"/><counter type="METHOD" missed="1" covered="0"/></method><method name="setCveUrlBase" desc="(Ljava/lang/String;)V" line="338"><counter type="INSTRUCTION" missed="4" covered="0"/><counter type="LINE" missed="2" covered="0"/><counter type="COMPLEXITY" missed="1" covered="0"/><counter type="METHOD" missed="1" covered="0"/></method><method name="getCveValidForHours" desc="()Ljava/lang/Integer;" line="347"><counter type="INSTRUCTION" missed="3" covered="0"/><counter type="LINE" missed="1" covered="0"/><counter type="COMPLEXITY" missed="1" covered="0"/><counter type="METHOD" missed="1" covered="0"/></method><method name="setCveValidForHours" desc="(Ljava/lang/Integer;)V" line="356"><counter type="INSTRUCTION" missed="4" covered="0"/><counter type="LINE" missed="2" covered="0"/><counter type="COMPLEXITY" missed="1" covered="0"/><counter type="METHOD" missed="1" covered="0"/></method><method name="execute" desc="()V" line="370"><counter type="INSTRUCTION" missed="48" covered="0"/><counter type="BRANCH" missed="4" covered="0"/><counter type="LINE" missed="14" covered="0"/><counter type="COMPLEXITY" missed="3" covered="0"/><counter type="METHOD" missed="1" covered="0"/></method><method name="populateSettings" desc="()V" line="400"><counter type="INSTRUCTION" missed="17" covered="84"/><counter type="BRANCH" missed="3" covered="1"/><counter type="LINE" missed="3" covered="16"/><counter type="COMPLEXITY" missed="2" covered="1"/><counter type="METHOD" missed="0" covered="1"/></method><counter type="INSTRUCTION" missed="163" covered="90"/><counter type="BRANCH" missed="7" covered="1"/><counter type="LINE" missed="59" covered="19"/><counter type="COMPLEXITY" missed="33" covered="2"/><counter type="METHOD" missed="29" covered="2"/><counter type="CLASS" missed="0" covered="1"/></class><class name="org/owasp/dependencycheck/taskdefs/RetirejsFilter" sourcefilename="RetirejsFilter.java"><method name="&lt;init&gt;" desc="()V" line="26"><counter type="INSTRUCTION" missed="0" covered="3"/><counter type="LINE" missed="0" covered="1"/><counter type="COMPLEXITY" missed="0" covered="1"/><counter type="METHOD" missed="0" covered="1"/></method><method name="getRegex" desc="()Ljava/lang/String;" line="39"><counter type="INSTRUCTION" missed="0" covered="3"/><counter type="LINE" missed="0" covered="1"/><counter type="COMPLEXITY" missed="0" covered="1"/><counter type="METHOD" missed="0" covered="1"/></method><method name="setRegex" desc="(Ljava/lang/String;)V" line="48"><counter type="INSTRUCTION" missed="0" covered="4"/><counter type="LINE" missed="0" covered="2"/><counter type="COMPLEXITY" missed="0" covered="1"/><counter type="METHOD" missed="0" covered="1"/></method><counter type="INSTRUCTION" missed="0" covered="10"/><counter type="LINE" missed="0" covered="4"/><counter type="COMPLEXITY" missed="0" covered="3"/><counter type="METHOD" missed="0" covered="3"/><counter type="CLASS" missed="0" covered="1"/></class><class name="org/owasp/dependencycheck/taskdefs/Purge" sourcefilename="Purge.java"><method name="&lt;init&gt;" desc="()V" line="49"><counter type="INSTRUCTION" missed="0" covered="12"/><counter type="LINE" missed="0" covered="5"/><counter type="COMPLEXITY" missed="0" covered="1"/><counter type="METHOD" missed="0" covered="1"/></method><method name="getSettings" desc="()Lorg/owasp/dependencycheck/utils/Settings;" line="68"><counter type="INSTRUCTION" missed="0" covered="3"/><counter type="LINE" missed="0" covered="1"/><counter type="COMPLEXITY" missed="0" covered="1"/><counter type="METHOD" missed="0" covered="1"/></method><method name="getDataDirectory" desc="()Ljava/lang/String;" line="77"><counter type="INSTRUCTION" missed="3" covered="0"/><counter type="LINE" missed="1" covered="0"/><counter type="COMPLEXITY" missed="1" covered="0"/><counter type="METHOD" missed="1" covered="0"/></method><method name="setDataDirectory" desc="(Ljava/lang/String;)V" line="86"><counter type="INSTRUCTION" missed="4" covered="0"/><counter type="LINE" missed="2" covered="0"/><counter type="COMPLEXITY" missed="1" covered="0"/><counter type="METHOD" missed="1" covered="0"/></method><method name="isFailOnError" desc="()Z" line="95"><counter type="INSTRUCTION" missed="3" covered="0"/><counter type="LINE" missed="1" covered="0"/><counter type="COMPLEXITY" missed="1" covered="0"/><counter type="METHOD" missed="1" covered="0"/></method><method name="setFailOnError" desc="(Z)V" line="104"><counter type="INSTRUCTION" missed="4" covered="0"/><counter type="LINE" missed="2" covered="0"/><counter type="COMPLEXITY" missed="1" covered="0"/><counter type="METHOD" missed="1" covered="0"/></method><method name="execute" desc="()V" line="117"><counter type="INSTRUCTION" missed="19" covered="0"/><counter type="LINE" missed="5" covered="0"/><counter type="COMPLEXITY" missed="1" covered="0"/><counter type="METHOD" missed="1" covered="0"/></method><method name="populateSettings" desc="()V" line="135"><counter type="INSTRUCTION" missed="24" covered="51"/><counter type="BRANCH" missed="3" covered="1"/><counter type="LINE" missed="6" covered="11"/><counter type="COMPLEXITY" missed="2" covered="1"/><counter type="METHOD" missed="0" covered="1"/></method><counter type="INSTRUCTION" missed="57" covered="66"/><counter type="BRANCH" missed="3" covered="1"/><counter type="LINE" missed="17" covered="17"/><counter type="COMPLEXITY" missed="7" covered="3"/><counter type="METHOD" missed="5" covered="3"/><counter type="CLASS" missed="0" covered="1"/></class><class name="org/owasp/dependencycheck/taskdefs/SuppressionFile" sourcefilename="SuppressionFile.java"><method name="&lt;init&gt;" desc="()V" line="26"><counter type="INSTRUCTION" missed="0" covered="3"/><counter type="LINE" missed="0" covered="1"/><counter type="COMPLEXITY" missed="0" covered="1"/><counter type="METHOD" missed="0" covered="1"/></method><method name="setPath" desc="(Ljava/lang/String;)V" line="39"><counter type="INSTRUCTION" missed="0" covered="4"/><counter type="LINE" missed="0" covered="2"/><counter type="COMPLEXITY" missed="0" covered="1"/><counter type="METHOD" missed="0" covered="1"/></method><method name="getPath" desc="()Ljava/lang/String;" line="48"><counter type="INSTRUCTION" missed="0" covered="3"/><counter type="LINE" missed="0" covered="1"/><counter type="COMPLEXITY" missed="0" covered="1"/><counter type="METHOD" missed="0" covered="1"/></method><counter type="INSTRUCTION" missed="0" covered="10"/><counter type="LINE" missed="0" covered="4"/><counter type="COMPLEXITY" missed="0" covered="3"/><counter type="METHOD" missed="0" covered="3"/><counter type="CLASS" missed="0" covered="1"/></class><class name="org/owasp/dependencycheck/taskdefs/Check$ReportFormats" sourcefilename="Check.java"><method name="&lt;init&gt;" desc="()V" line="1781"><counter type="INSTRUCTION" missed="0" covered="3"/><counter type="LINE" missed="0" covered="1"/><counter type="COMPLEXITY" missed="0" covered="1"/><counter type="METHOD" missed="0" covered="1"/></method><method name="getValues" desc="()[Ljava/lang/String;" line="1790"><counter type="INSTRUCTION" missed="0" covered="32"/><counter type="BRANCH" missed="0" covered="2"/><counter type="LINE" missed="0" covered="6"/><counter type="COMPLEXITY" missed="0" covered="2"/><counter type="METHOD" missed="0" covered="1"/></method><counter type="INSTRUCTION" missed="0" covered="35"/><counter type="BRANCH" missed="0" covered="2"/><counter type="LINE" missed="0" covered="7"/><counter type="COMPLEXITY" missed="0" covered="3"/><counter type="METHOD" missed="0" covered="2"/><counter type="CLASS" missed="0" covered="1"/></class><sourcefile name="Update.java"><line nr="101" mi="0" ci="2" mb="0" cb="0"/><line nr="104" mi="0" ci="3" mb="0" cb="0"/><line nr="105" mi="0" ci="1" mb="0" cb="0"/><line nr="113" mi="3" ci="0" mb="0" cb="0"/><line nr="122" mi="3" ci="0" mb="0" cb="0"/><line nr="123" mi="1" ci="0" mb="0" cb="0"/><line nr="131" mi="3" ci="0" mb="0" cb="0"/><line nr="140" mi="3" ci="0" mb="0" cb="0"/><line nr="141" mi="1" ci="0" mb="0" cb="0"/><line nr="149" mi="3" ci="0" mb="0" cb="0"/><line nr="158" mi="3" ci="0" mb="0" cb="0"/><line nr="159" mi="1" ci="0" mb="0" cb="0"/><line nr="167" mi="3" ci="0" mb="0" cb="0"/><line nr="176" mi="3" ci="0" mb="0" cb="0"/><line nr="177" mi="1" ci="0" mb="0" cb="0"/><line nr="185" mi="3" ci="0" mb="0" cb="0"/><line nr="194" mi="3" ci="0" mb="0" cb="0"/><line nr="195" mi="1" ci="0" mb="0" cb="0"/><line nr="203" mi="3" ci="0" mb="0" cb="0"/><line nr="212" mi="3" ci="0" mb="0" cb="0"/><line nr="213" mi="1" ci="0" mb="0" cb="0"/><line nr="221" mi="3" ci="0" mb="0" cb="0"/><line nr="230" mi="3" ci="0" mb="0" cb="0"/><line nr="231" mi="1" ci="0" mb="0" cb="0"/><line nr="239" mi="3" ci="0" mb="0" cb="0"/><line nr="248" mi="3" ci="0" mb="0" cb="0"/><line nr="249" mi="1" ci="0" mb="0" cb="0"/><line nr="257" mi="3" ci="0" mb="0" cb="0"/><line nr="266" mi="3" ci="0" mb="0" cb="0"/><line nr="267" mi="1" ci="0" mb="0" cb="0"/><line nr="275" mi="3" ci="0" mb="0" cb="0"/><line nr="284" mi="3" ci="0" mb="0" cb="0"/><line nr="285" mi="1" ci="0" mb="0" cb="0"/><line nr="293" mi="3" ci="0" mb="0" cb="0"/><line nr="302" mi="3" ci="0" mb="0" cb="0"/><line nr="303" mi="1" ci="0" mb="0" cb="0"/><line nr="311" mi="3" ci="0" mb="0" cb="0"/><line nr="312" mi="1" ci="0" mb="0" cb="0"/><line nr="320" mi="3" ci="0" mb="0" cb="0"/><line nr="329" mi="3" ci="0" mb="0" cb="0"/><line nr="338" mi="3" ci="0" mb="0" cb="0"/><line nr="339" mi="1" ci="0" mb="0" cb="0"/><line nr="347" mi="3" ci="0" mb="0" cb="0"/><line nr="356" mi="3" ci="0" mb="0" cb="0"/><line nr="357" mi="1" ci="0" mb="0" cb="0"/><line nr="370" mi="2" ci="0" mb="0" cb="0"/><line nr="371" mi="10" ci="0" mb="0" cb="0"/><line nr="372" mi="2" ci="0" mb="0" cb="0"/><line nr="373" mi="1" ci="0" mb="0" cb="0"/><line nr="374" mi="3" ci="0" mb="2" cb="0"/><line nr="375" mi="5" ci="0" mb="0" cb="0"/><line nr="377" mi="5" ci="0" mb="0" cb="0"/><line nr="378" mi="1" ci="0" mb="0" cb="0"/><line nr="379" mi="2" ci="0" mb="0" cb="0"/><line nr="380" mi="3" ci="0" mb="2" cb="0"/><line nr="381" mi="6" ci="0" mb="0" cb="0"/><line nr="383" mi="4" ci="0" mb="0" cb="0"/><line nr="385" mi="3" ci="0" mb="0" cb="0"/><line nr="387" mi="1" ci="0" mb="0" cb="0"/><line nr="400" mi="0" ci="2" mb="0" cb="0"/><line nr="401" mi="0" ci="6" mb="0" cb="0"/><line nr="402" mi="0" ci="6" mb="0" cb="0"/><line nr="403" mi="0" ci="6" mb="0" cb="0"/><line nr="404" mi="0" ci="6" mb="0" cb="0"/><line nr="405" mi="0" ci="6" mb="0" cb="0"/><line nr="406" mi="0" ci="6" mb="0" cb="0"/><line nr="407" mi="0" ci="6" mb="0" cb="0"/><line nr="408" mi="0" ci="6" mb="0" cb="0"/><line nr="409" mi="0" ci="6" mb="0" cb="0"/><line nr="410" mi="0" ci="6" mb="0" cb="0"/><line nr="411" mi="0" ci="6" mb="0" cb="0"/><line nr="412" mi="0" ci="6" mb="0" cb="0"/><line nr="413" mi="0" ci="6" mb="0" cb="0"/><line nr="414" mi="0" ci="3" mb="1" cb="1"/><line nr="415" mi="4" ci="0" mb="2" cb="0"/><line nr="416" mi="8" ci="0" mb="0" cb="0"/><line nr="418" mi="5" ci="0" mb="0" cb="0"/><line nr="421" mi="0" ci="1" mb="0" cb="0"/><counter type="INSTRUCTION" missed="163" covered="90"/><counter type="BRANCH" missed="7" covered="1"/><counter type="LINE" missed="59" covered="19"/><counter type="COMPLEXITY" missed="33" covered="2"/><counter type="METHOD" missed="29" covered="2"/><counter type="CLASS" missed="0" covered="1"/></sourcefile><sourcefile name="Purge.java"><line nr="49" mi="0" ci="3" mb="0" cb="0"/><line nr="54" mi="0" ci="3" mb="0" cb="0"/><line nr="60" mi="0" ci="2" mb="0" cb="0"/><line nr="64" mi="0" ci="3" mb="0" cb="0"/><line nr="65" mi="0" ci="1" mb="0" cb="0"/><line nr="68" mi="0" ci="3" mb="0" cb="0"/><line nr="77" mi="3" ci="0" mb="0" cb="0"/><line nr="86" mi="3" ci="0" mb="0" cb="0"/><line nr="87" mi="1" ci="0" mb="0" cb="0"/><line nr="95" mi="3" ci="0" mb="0" cb="0"/><line nr="104" mi="3" ci="0" mb="0" cb="0"/><line nr="105" mi="1" ci="0" mb="0" cb="0"/><line nr="117" mi="2" ci="0" mb="0" cb="0"/><line nr="118" mi="9" ci="0" mb="0" cb="0"/><line nr="119" mi="3" ci="0" mb="0" cb="0"/><line nr="121" mi="4" ci="0" mb="0" cb="0"/><line nr="123" mi="1" ci="0" mb="0" cb="0"/><line nr="135" mi="0" ci="5" mb="0" cb="0"/><line nr="136" mi="0" ci="8" mb="0" cb="0"/><line nr="137" mi="0" ci="4" mb="0" cb="0"/><line nr="138" mi="1" ci="0" mb="0" cb="0"/><line nr="139" mi="2" ci="0" mb="0" cb="0"/><line nr="140" mi="3" ci="0" mb="2" cb="0"/><line nr="141" mi="6" ci="0" mb="0" cb="0"/><line nr="143" mi="5" ci="0" mb="0" cb="0"/><line nr="144" mi="0" ci="1" mb="0" cb="0"/><line nr="145" mi="0" ci="3" mb="1" cb="1"/><line nr="146" mi="7" ci="0" mb="0" cb="0"/><line nr="148" mi="0" ci="9" mb="0" cb="0"/><line nr="149" mi="0" ci="3" mb="0" cb="0"/><line nr="150" mi="0" ci="5" mb="0" cb="0"/><line nr="151" mi="0" ci="6" mb="0" cb="0"/><line nr="152" mi="0" ci="6" mb="0" cb="0"/><line nr="154" mi="0" ci="1" mb="0" cb="0"/><counter type="INSTRUCTION" missed="57" covered="66"/><counter type="BRANCH" missed="3" covered="1"/><counter type="LINE" missed="17" covered="17"/><counter type="COMPLEXITY" missed="7" covered="3"/><counter type="METHOD" missed="5" covered="3"/><counter type="CLASS" missed="0" covered="1"/></sourcefile><sourcefile name="Check.java"><line nr="90" mi="0" ci="5" mb="0" cb="0"/><line nr="173" mi="0" ci="3" mb="0" cb="0"/><line nr="178" mi="0" ci="3" mb="0" cb="0"/><line nr="183" mi="0" ci="3" mb="0" cb="0"/><line nr="191" mi="0" ci="3" mb="0" cb="0"/><line nr="201" mi="0" ci="3" mb="0" cb="0"/><line nr="206" mi="0" ci="5" mb="0" cb="0"/><line nr="211" mi="0" ci="3" mb="0" cb="0"/><line nr="216" mi="0" ci="5" mb="0" cb="0"/><line nr="226" mi="0" ci="3" mb="0" cb="0"/><line nr="337" mi="0" ci="3" mb="0" cb="0"/><line nr="341" mi="0" ci="3" mb="0" cb="0"/><line nr="350" mi="0" ci="3" mb="1" cb="1"/><line nr="351" mi="5" ci="0" mb="0" cb="0"/><line nr="353" mi="0" ci="4" mb="0" cb="0"/><line nr="354" mi="0" ci="1" mb="0" cb="0"/><line nr="364" mi="0" ci="6" mb="0" cb="0"/><line nr="365" mi="0" ci="1" mb="0" cb="0"/><line nr="374" mi="0" ci="3" mb="0" cb="2"/><line nr="375" mi="0" ci="7" mb="0" cb="0"/><line nr="376" mi="0" ci="4" mb="0" cb="0"/><line nr="378" mi="0" ci="3" mb="0" cb="0"/><line nr="387" mi="2" ci="5" mb="1" cb="1"/><line nr="397" mi="3" ci="0" mb="2" cb="0"/><line nr="398" mi="5" ci="0" mb="0" cb="0"/><line nr="400" mi="3" ci="0" mb="0" cb="0"/><line nr="401" mi="1" ci="0" mb="0" cb="0"/><line nr="414" mi="0" ci="3" mb="1" cb="1"/><line nr="415" mi="6" ci="0" mb="0" cb="0"/><line nr="416" mi="3" ci="0" mb="2" cb="0"/><line nr="417" mi="16" ci="0" mb="0" cb="0"/><line nr="420" mi="5" ci="0" mb="0" cb="0"/><line nr="422" mi="0" ci="1" mb="0" cb="0"/><line nr="429" mi="0" ci="2" mb="0" cb="0"/><line nr="432" mi="0" ci="3" mb="0" cb="0"/><line nr="433" mi="0" ci="1" mb="0" cb="0"/><line nr="441" mi="0" ci="3" mb="1" cb="1"/><line nr="442" mi="3" ci="0" mb="0" cb="0"/><line nr="444" mi="0" ci="3" mb="0" cb="0"/><line nr="453" mi="0" ci="3" mb="0" cb="0"/><line nr="454" mi="0" ci="1" mb="0" cb="0"/><line nr="462" mi="3" ci="0" mb="0" cb="0"/><line nr="471" mi="0" ci="3" mb="0" cb="0"/><line nr="472" mi="0" ci="1" mb="0" cb="0"/><line nr="480" mi="3" ci="0" mb="0" cb="0"/><line nr="489" mi="0" ci="3" mb="0" cb="0"/><line nr="490" mi="0" ci="1" mb="0" cb="0"/><line nr="498" mi="3" ci="0" mb="0" cb="0"/><line nr="507" mi="3" ci="0" mb="0" cb="0"/><line nr="508" mi="1" ci="0" mb="0" cb="0"/><line nr="516" mi="3" ci="0" mb="0" cb="0"/><line nr="525" mi="0" ci="3" mb="0" cb="0"/><line nr="526" mi="0" ci="1" mb="0" cb="0"/><line nr="534" mi="3" ci="0" mb="0" cb="0"/><line nr="543" mi="4" ci="0" mb="0" cb="0"/><line nr="544" mi="1" ci="0" mb="0" cb="0"/><line nr="552" mi="0" ci="4" mb="0" cb="0"/><line nr="553" mi="0" ci="6" mb="0" cb="0"/><line nr="554" mi="0" ci="1" mb="0" cb="0"/><line nr="562" mi="0" ci="4" mb="0" cb="2"/><line nr="563" mi="0" ci="6" mb="0" cb="0"/><line nr="565" mi="0" ci="3" mb="0" cb="0"/><line nr="574" mi="3" ci="0" mb="0" cb="0"/><line nr="583" mi="0" ci="5" mb="0" cb="0"/><line nr="584" mi="0" ci="1" mb="0" cb="0"/><line nr="592" mi="3" ci="0" mb="0" cb="0"/><line nr="601" mi="3" ci="0" mb="0" cb="0"/><line nr="602" mi="1" ci="0" mb="0" cb="0"/><line nr="610" mi="3" ci="0" mb="0" cb="0"/><line nr="619" mi="3" ci="0" mb="0" cb="0"/><line nr="620" mi="1" ci="0" mb="0" cb="0"/><line nr="628" mi="3" ci="0" mb="0" cb="0"/><line nr="637" mi="3" ci="0" mb="0" cb="0"/><line nr="638" mi="1" ci="0" mb="0" cb="0"/><line nr="646" mi="3" ci="0" mb="0" cb="0"/><line nr="655" mi="3" ci="0" mb="0" cb="0"/><line nr="656" mi="1" ci="0" mb="0" cb="0"/><line nr="664" mi="3" ci="0" mb="0" cb="0"/><line nr="673" mi="3" ci="0" mb="0" cb="0"/><line nr="674" mi="1" ci="0" mb="0" cb="0"/><line nr="682" mi="3" ci="0" mb="0" cb="0"/><line nr="691" mi="3" ci="0" mb="0" cb="0"/><line nr="692" mi="1" ci="0" mb="0" cb="0"/><line nr="700" mi="3" ci="0" mb="0" cb="0"/><line nr="709" mi="3" ci="0" mb="0" cb="0"/><line nr="710" mi="1" ci="0" mb="0" cb="0"/><line nr="718" mi="3" ci="0" mb="0" cb="0"/><line nr="727" mi="3" ci="0" mb="0" cb="0"/><line nr="736" mi="3" ci="0" mb="0" cb="0"/><line nr="737" mi="1" ci="0" mb="0" cb="0"/><line nr="745" mi="3" ci="0" mb="0" cb="0"/><line nr="746" mi="1" ci="0" mb="0" cb="0"/><line nr="754" mi="3" ci="0" mb="0" cb="0"/><line nr="763" mi="3" ci="0" mb="0" cb="0"/><line nr="764" mi="1" ci="0" mb="0" cb="0"/><line nr="772" mi="3" ci="0" mb="0" cb="0"/><line nr="781" mi="3" ci="0" mb="0" cb="0"/><line nr="782" mi="1" ci="0" mb="0" cb="0"/><line nr="790" mi="3" ci="0" mb="0" cb="0"/><line nr="800" mi="3" ci="0" mb="0" cb="0"/><line nr="801" mi="1" ci="0" mb="0" cb="0"/><line nr="809" mi="3" ci="0" mb="0" cb="0"/><line nr="818" mi="3" ci="0" mb="0" cb="0"/><line nr="819" mi="1" ci="0" mb="0" cb="0"/><line nr="829" mi="3" ci="0" mb="0" cb="0"/><line nr="830" mi="1" ci="0" mb="0" cb="0"/><line nr="840" mi="3" ci="0" mb="0" cb="0"/><line nr="849" mi="4" ci="0" mb="0" cb="0"/><line nr="858" mi="3" ci="0" mb="0" cb="0"/><line nr="859" mi="1" ci="0" mb="0" cb="0"/><line nr="867" mi="3" ci="0" mb="0" cb="0"/><line nr="877" mi="3" ci="0" mb="0" cb="0"/><line nr="878" mi="1" ci="0" mb="0" cb="0"/><line nr="886" mi="3" ci="0" mb="0" cb="0"/><line nr="895" mi="3" ci="0" mb="0" cb="0"/><line nr="896" mi="1" ci="0" mb="0" cb="0"/><line nr="904" mi="3" ci="0" mb="0" cb="0"/><line nr="913" mi="3" ci="0" mb="0" cb="0"/><line nr="914" mi="1" ci="0" mb="0" cb="0"/><line nr="922" mi="3" ci="0" mb="0" cb="0"/><line nr="931" mi="3" ci="0" mb="0" cb="0"/><line nr="932" mi="1" ci="0" mb="0" cb="0"/><line nr="940" mi="3" ci="0" mb="0" cb="0"/><line nr="949" mi="3" ci="0" mb="0" cb="0"/><line nr="950" mi="1" ci="0" mb="0" cb="0"/><line nr="958" mi="3" ci="0" mb="0" cb="0"/><line nr="968" mi="3" ci="0" mb="0" cb="0"/><line nr="969" mi="1" ci="0" mb="0" cb="0"/><line nr="977" mi="3" ci="0" mb="0" cb="0"/><line nr="986" mi="3" ci="0" mb="0" cb="0"/><line nr="987" mi="1" ci="0" mb="0" cb="0"/><line nr="995" mi="3" ci="0" mb="0" cb="0"/><line nr="1004" mi="3" ci="0" mb="0" cb="0"/><line nr="1005" mi="1" ci="0" mb="0" cb="0"/><line nr="1013" mi="3" ci="0" mb="0" cb="0"/><line nr="1023" mi="3" ci="0" mb="0" cb="0"/><line nr="1024" mi="1" ci="0" mb="0" cb="0"/><line nr="1032" mi="3" ci="0" mb="0" cb="0"/><line nr="1042" mi="0" ci="3" mb="0" cb="0"/><line nr="1043" mi="0" ci="1" mb="0" cb="0"/><line nr="1051" mi="3" ci="0" mb="0" cb="0"/><line nr="1063" mi="0" ci="6" mb="0" cb="0"/><line nr="1064" mi="0" ci="1" mb="0" cb="0"/><line nr="1072" mi="3" ci="0" mb="0" cb="0"/><line nr="1081" mi="3" ci="0" mb="0" cb="0"/><line nr="1082" mi="1" ci="0" mb="0" cb="0"/><line nr="1090" mi="3" ci="0" mb="0" cb="0"/><line nr="1099" mi="3" ci="0" mb="0" cb="0"/><line nr="1100" mi="1" ci="0" mb="0" cb="0"/><line nr="1108" mi="3" ci="0" mb="0" cb="0"/><line nr="1118" mi="3" ci="0" mb="0" cb="0"/><line nr="1119" mi="1" ci="0" mb="0" cb="0"/><line nr="1127" mi="3" ci="0" mb="0" cb="0"/><line nr="1136" mi="0" ci="3" mb="0" cb="0"/><line nr="1137" mi="0" ci="1" mb="0" cb="0"/><line nr="1145" mi="3" ci="0" mb="0" cb="0"/><line nr="1154" mi="3" ci="0" mb="0" cb="0"/><line nr="1155" mi="1" ci="0" mb="0" cb="0"/><line nr="1163" mi="3" ci="0" mb="0" cb="0"/><line nr="1172" mi="3" ci="0" mb="0" cb="0"/><line nr="1173" mi="1" ci="0" mb="0" cb="0"/><line nr="1181" mi="3" ci="0" mb="0" cb="0"/><line nr="1190" mi="3" ci="0" mb="0" cb="0"/><line nr="1191" mi="1" ci="0" mb="0" cb="0"/><line nr="1199" mi="3" ci="0" mb="0" cb="0"/><line nr="1208" mi="3" ci="0" mb="0" cb="0"/><line nr="1209" mi="1" ci="0" mb="0" cb="0"/><line nr="1217" mi="3" ci="0" mb="0" cb="0"/><line nr="1226" mi="3" ci="0" mb="0" cb="0"/><line nr="1227" mi="1" ci="0" mb="0" cb="0"/><line nr="1235" mi="3" ci="0" mb="0" cb="0"/><line nr="1244" mi="3" ci="0" mb="0" cb="0"/><line nr="1245" mi="1" ci="0" mb="0" cb="0"/><line nr="1253" mi="3" ci="0" mb="0" cb="0"/><line nr="1262" mi="3" ci="0" mb="0" cb="0"/><line nr="1263" mi="1" ci="0" mb="0" cb="0"/><line nr="1271" mi="3" ci="0" mb="0" cb="0"/><line nr="1280" mi="3" ci="0" mb="0" cb="0"/><line nr="1281" mi="1" ci="0" mb="0" cb="0"/><line nr="1289" mi="3" ci="0" mb="0" cb="0"/><line nr="1298" mi="3" ci="0" mb="0" cb="0"/><line nr="1299" mi="1" ci="0" mb="0" cb="0"/><line nr="1307" mi="3" ci="0" mb="0" cb="0"/><line nr="1316" mi="3" ci="0" mb="0" cb="0"/><line nr="1317" mi="1" ci="0" mb="0" cb="0"/><line nr="1325" mi="3" ci="0" mb="0" cb="0"/><line nr="1334" mi="3" ci="0" mb="0" cb="0"/><line nr="1335" mi="1" ci="0" mb="0" cb="0"/><line nr="1343" mi="3" ci="0" mb="0" cb="0"/><line nr="1352" mi="0" ci="3" mb="0" cb="0"/><line nr="1353" mi="0" ci="1" mb="0" cb="0"/><line nr="1361" mi="3" ci="0" mb="0" cb="0"/><line nr="1370" mi="3" ci="0" mb="0" cb="0"/><line nr="1371" mi="1" ci="0" mb="0" cb="0"/><line nr="1379" mi="3" ci="0" mb="0" cb="0"/><line nr="1388" mi="3" ci="0" mb="0" cb="0"/><line nr="1389" mi="1" ci="0" mb="0" cb="0"/><line nr="1397" mi="3" ci="0" mb="0" cb="0"/><line nr="1406" mi="3" ci="0" mb="0" cb="0"/><line nr="1407" mi="1" ci="0" mb="0" cb="0"/><line nr="1415" mi="3" ci="0" mb="0" cb="0"/><line nr="1424" mi="3" ci="0" mb="0" cb="0"/><line nr="1425" mi="1" ci="0" mb="0" cb="0"/><line nr="1433" mi="3" ci="0" mb="0" cb="0"/><line nr="1442" mi="3" ci="0" mb="0" cb="0"/><line nr="1443" mi="1" ci="0" mb="0" cb="0"/><line nr="1451" mi="3" ci="0" mb="0" cb="0"/><line nr="1460" mi="3" ci="0" mb="0" cb="0"/><line nr="1461" mi="1" ci="0" mb="0" cb="0"/><line nr="1469" mi="3" ci="0" mb="0" cb="0"/><line nr="1478" mi="3" ci="0" mb="0" cb="0"/><line nr="1479" mi="1" ci="0" mb="0" cb="0"/><line nr="1487" mi="3" ci="0" mb="0" cb="0"/><line nr="1497" mi="3" ci="0" mb="0" cb="0"/><line nr="1498" mi="1" ci="0" mb="0" cb="0"/><line nr="1506" mi="3" ci="0" mb="0" cb="0"/><line nr="1516" mi="3" ci="0" mb="0" cb="0"/><line nr="1517" mi="1" ci="0" mb="0" cb="0"/><line nr="1525" mi="3" ci="0" mb="0" cb="0"/><line nr="1535" mi="3" ci="0" mb="0" cb="0"/><line nr="1536" mi="1" ci="0" mb="0" cb="0"/><line nr="1544" mi="3" ci="0" mb="0" cb="0"/><line nr="1554" mi="3" ci="0" mb="0" cb="0"/><line nr="1555" mi="1" ci="0" mb="0" cb="0"/><line nr="1563" mi="3" ci="0" mb="0" cb="0"/><line nr="1573" mi="3" ci="0" mb="0" cb="0"/><line nr="1574" mi="1" ci="0" mb="0" cb="0"/><line nr="1580" mi="0" ci="2" mb="0" cb="0"/><line nr="1581" mi="0" ci="2" mb="0" cb="0"/><line nr="1582" mi="0" ci="2" mb="0" cb="0"/><line nr="1583" mi="0" ci="10" mb="0" cb="0"/><line nr="1584" mi="0" ci="11" mb="0" cb="2"/><line nr="1585" mi="0" ci="5" mb="0" cb="0"/><line nr="1586" mi="0" ci="2" mb="1" cb="1"/><line nr="1587" mi="0" ci="3" mb="0" cb="0"/><line nr="1588" mi="0" ci="5" mb="1" cb="3"/><line nr="1589" mi="0" ci="4" mb="0" cb="0"/><line nr="1592" mi="0" ci="1" mb="0" cb="0"/><line nr="1593" mi="0" ci="4" mb="0" cb="0"/><line nr="1595" mi="0" ci="11" mb="0" cb="2"/><line nr="1596" mi="0" ci="11" mb="0" cb="0"/><line nr="1597" mi="0" ci="1" mb="0" cb="0"/><line nr="1599" mi="0" ci="5" mb="0" cb="2"/><line nr="1600" mi="0" ci="4" mb="0" cb="0"/><line nr="1602" mi="0" ci="3" mb="1" cb="1"/><line nr="1603" mi="0" ci="3" mb="0" cb="0"/><line nr="1605" mi="1" ci="0" mb="0" cb="0"/><line nr="1606" mi="2" ci="0" mb="0" cb="0"/><line nr="1607" mi="3" ci="0" mb="2" cb="0"/><line nr="1608" mi="6" ci="0" mb="0" cb="0"/><line nr="1610" mi="5" ci="0" mb="0" cb="0"/><line nr="1611" mi="1" ci="0" mb="0" cb="0"/><line nr="1612" mi="2" ci="0" mb="0" cb="0"/><line nr="1613" mi="3" ci="0" mb="2" cb="0"/><line nr="1614" mi="6" ci="0" mb="0" cb="0"/><line nr="1616" mi="5" ci="0" mb="0" cb="0"/><line nr="1618" mi="0" ci="3" mb="0" cb="0"/><line nr="1620" mi="0" ci="1" mb="0" cb="0"/><line nr="1634" mi="0" ci="2" mb="0" cb="0"/><line nr="1636" mi="0" ci="2" mb="0" cb="0"/><line nr="1637" mi="1" ci="0" mb="0" cb="0"/><line nr="1638" mi="3" ci="0" mb="2" cb="0"/><line nr="1639" mi="5" ci="0" mb="0" cb="0"/><line nr="1641" mi="2" ci="0" mb="0" cb="0"/><line nr="1642" mi="0" ci="1" mb="0" cb="0"/><line nr="1643" mi="0" ci="2" mb="0" cb="0"/><line nr="1655" mi="0" ci="3" mb="1" cb="1"/><line nr="1656" mi="5" ci="0" mb="0" cb="0"/><line nr="1658" mi="0" ci="10" mb="2" cb="2"/><line nr="1659" mi="5" ci="0" mb="0" cb="0"/><line nr="1661" mi="0" ci="1" mb="0" cb="0"/><line nr="1674" mi="0" ci="2" mb="0" cb="0"/><line nr="1675" mi="0" ci="6" mb="0" cb="0"/><line nr="1676" mi="0" ci="6" mb="0" cb="0"/><line nr="1677" mi="0" ci="6" mb="0" cb="0"/><line nr="1678" mi="0" ci="6" mb="0" cb="0"/><line nr="1679" mi="0" ci="6" mb="0" cb="0"/><line nr="1680" mi="0" ci="6" mb="0" cb="0"/><line nr="1681" mi="0" ci="6" mb="0" cb="0"/><line nr="1682" mi="0" ci="6" mb="0" cb="0"/><line nr="1683" mi="0" ci="6" mb="0" cb="0"/><line nr="1684" mi="0" ci="6" mb="0" cb="0"/><line nr="1685" mi="0" ci="6" mb="0" cb="0"/><line nr="1686" mi="0" ci="6" mb="0" cb="0"/><line nr="1688" mi="0" ci="6" mb="0" cb="0"/><line nr="1689" mi="0" ci="6" mb="0" cb="0"/><line nr="1690" mi="0" ci="6" mb="0" cb="0"/><line nr="1691" mi="0" ci="6" mb="0" cb="0"/><line nr="1692" mi="0" ci="6" mb="0" cb="0"/><line nr="1693" mi="0" ci="6" mb="0" cb="0"/><line nr="1694" mi="0" ci="6" mb="0" cb="0"/><line nr="1696" mi="0" ci="6" mb="0" cb="0"/><line nr="1697" mi="0" ci="6" mb="0" cb="0"/><line nr="1698" mi="0" ci="6" mb="0" cb="0"/><line nr="1699" mi="0" ci="6" mb="0" cb="0"/><line nr="1700" mi="0" ci="6" mb="0" cb="0"/><line nr="1701" mi="0" ci="6" mb="0" cb="0"/><line nr="1702" mi="0" ci="6" mb="0" cb="0"/><line nr="1703" mi="0" ci="6" mb="0" cb="0"/><line nr="1704" mi="0" ci="6" mb="0" cb="0"/><line nr="1705" mi="0" ci="6" mb="0" cb="0"/><line nr="1706" mi="0" ci="6" mb="0" cb="0"/><line nr="1707" mi="0" ci="6" mb="0" cb="0"/><line nr="1708" mi="0" ci="6" mb="0" cb="0"/><line nr="1709" mi="0" ci="6" mb="0" cb="0"/><line nr="1710" mi="0" ci="6" mb="0" cb="0"/><line nr="1711" mi="0" ci="6" mb="0" cb="0"/><line nr="1712" mi="0" ci="6" mb="0" cb="0"/><line nr="1713" mi="0" ci="6" mb="0" cb="0"/><line nr="1714" mi="0" ci="6" mb="0" cb="0"/><line nr="1716" mi="0" ci="6" mb="0" cb="0"/><line nr="1717" mi="0" ci="6" mb="0" cb="0"/><line nr="1718" mi="0" ci="6" mb="0" cb="0"/><line nr="1719" mi="0" ci="6" mb="0" cb="0"/><line nr="1720" mi="0" ci="6" mb="0" cb="0"/><line nr="1721" mi="0" ci="6" mb="0" cb="0"/><line nr="1722" mi="0" ci="6" mb="0" cb="0"/><line nr="1723" mi="0" ci="6" mb="0" cb="0"/><line nr="1724" mi="0" ci="6" mb="0" cb="0"/><line nr="1725" mi="0" ci="6" mb="0" cb="0"/><line nr="1726" mi="0" ci="6" mb="0" cb="0"/><line nr="1727" mi="0" ci="6" mb="0" cb="0"/><line nr="1728" mi="0" ci="6" mb="0" cb="0"/><line nr="1729" mi="0" ci="6" mb="0" cb="0"/><line nr="1730" mi="0" ci="6" mb="0" cb="0"/><line nr="1731" mi="0" ci="6" mb="0" cb="0"/><line nr="1732" mi="0" ci="6" mb="0" cb="0"/><line nr="1733" mi="0" ci="6" mb="0" cb="0"/><line nr="1734" mi="0" ci="6" mb="0" cb="0"/><line nr="1735" mi="0" ci="1" mb="0" cb="0"/><line nr="1748" mi="0" ci="4" mb="0" cb="0"/><line nr="1749" mi="0" ci="16" mb="0" cb="2"/><line nr="1750" mi="0" ci="11" mb="0" cb="2"/><line nr="1751" mi="1" ci="10" mb="2" cb="2"/><line nr="1752" mi="10" ci="0" mb="4" cb="0"/><line nr="1753" mi="9" ci="0" mb="4" cb="0"/><line nr="1754" mi="0" ci="3" mb="0" cb="2"/><line nr="1755" mi="0" ci="6" mb="0" cb="0"/><line nr="1757" mi="0" ci="7" mb="0" cb="0"/><line nr="1760" mi="0" ci="1" mb="0" cb="0"/><line nr="1762" mi="0" ci="3" mb="0" cb="2"/><line nr="1764" mi="0" ci="3" mb="1" cb="1"/><line nr="1765" mi="0" ci="10" mb="0" cb="0"/><line nr="1767" mi="0" ci="7" mb="0" cb="0"/><line nr="1769" mi="5" ci="0" mb="0" cb="0"/><line nr="1773" mi="0" ci="5" mb="0" cb="0"/><line nr="1775" mi="0" ci="1" mb="0" cb="0"/><line nr="1781" mi="0" ci="3" mb="0" cb="0"/><line nr="1790" mi="0" ci="2" mb="0" cb="0"/><line nr="1791" mi="0" ci="2" mb="0" cb="0"/><line nr="1792" mi="0" ci="4" mb="0" cb="0"/><line nr="1793" mi="0" ci="16" mb="0" cb="2"/><line nr="1794" mi="0" ci="6" mb="0" cb="0"/><line nr="1796" mi="0" ci="2" mb="0" cb="0"/><counter type="INSTRUCTION" missed="522" covered="741"/><counter type="BRANCH" missed="31" covered="35"/><counter type="LINE" missed="193" covered="161"/><counter type="COMPLEXITY" missed="135" covered="36"/><counter type="METHOD" missed="113" covered="25"/><counter type="CLASS" missed="0" covered="2"/></sourcefile><sourcefile name="SuppressionFile.java"><line nr="26" mi="0" ci="3" mb="0" cb="0"/><line nr="39" mi="0" ci="3" mb="0" cb="0"/><line nr="40" mi="0" ci="1" mb="0" cb="0"/><line nr="48" mi="0" ci="3" mb="0" cb="0"/><counter type="INSTRUCTION" missed="0" covered="10"/><counter type="LINE" missed="0" covered="4"/><counter type="COMPLEXITY" missed="0" covered="3"/><counter type="METHOD" missed="0" covered="3"/><counter type="CLASS" missed="0" covered="1"/></sourcefile><sourcefile name="RetirejsFilter.java"><line nr="26" mi="0" ci="3" mb="0" cb="0"/><line nr="39" mi="0" ci="3" mb="0" cb="0"/><line nr="48" mi="0" ci="3" mb="0" cb="0"/><line nr="49" mi="0" ci="1" mb="0" cb="0"/><counter type="INSTRUCTION" missed="0" covered="10"/><counter type="LINE" missed="0" covered="4"/><counter type="COMPLEXITY" missed="0" covered="3"/><counter type="METHOD" missed="0" covered="3"/><counter type="CLASS" missed="0" covered="1"/></sourcefile><counter type="INSTRUCTION" missed="742" covered="917"/><counter type="BRANCH" missed="41" covered="37"/><counter type="LINE" missed="269" covered="205"/><counter type="COMPLEXITY" missed="175" covered="47"/><counter type="METHOD" missed="147" covered="36"/><counter type="CLASS" missed="0" covered="6"/></package><package name="org/owasp/dependencycheck/ant/logging"><class name="org/owasp/dependencycheck/ant/logging/AntLoggerAdapter" sourcefilename="AntLoggerAdapter.java"><method name="&lt;init&gt;" desc="(Lorg/apache/tools/ant/Task;)V" line="49"><counter type="INSTRUCTION" missed="0" covered="6"/><counter type="LINE" missed="0" covered="3"/><counter type="COMPLEXITY" missed="0" covered="1"/><counter type="METHOD" missed="0" covered="1"/></method><method name="setTask" desc="(Lorg/apache/tools/ant/Task;)V" line="59"><counter type="INSTRUCTION" missed="4" covered="0"/><counter type="LINE" missed="2" covered="0"/><counter type="COMPLEXITY" missed="1" covered="0"/><counter type="METHOD" missed="1" covered="0"/></method><method name="isTraceEnabled" desc="()Z" line="66"><counter type="INSTRUCTION" missed="0" covered="2"/><counter type="LINE" missed="0" covered="1"/><counter type="COMPLEXITY" missed="0" covered="1"/><counter type="METHOD" missed="0" covered="1"/></method><method name="trace" desc="(Ljava/lang/String;)V" line="71"><counter type="INSTRUCTION" missed="0" covered="9"/><counter type="BRANCH" missed="1" covered="1"/><counter type="LINE" missed="0" covered="3"/><counter type="COMPLEXITY" missed="1" covered="1"/><counter type="METHOD" missed="0" covered="1"/></method><method name="trace" desc="(Ljava/lang/String;Ljava/lang/Object;)V" line="78"><counter type="INSTRUCTION" missed="0" covered="14"/><counter type="BRANCH" missed="0" covered="2"/><counter type="LINE" missed="0" covered="4"/><counter type="COMPLEXITY" missed="0" covered="2"/><counter type="METHOD" missed="0" covered="1"/></method><method name="trace" desc="(Ljava/lang/String;Ljava/lang/Object;Ljava/lang/Object;)V" line="86"><counter type="INSTRUCTION" missed="15" covered="0"/><counter type="BRANCH" missed="2" covered="0"/><counter type="LINE" missed="4" covered="0"/><counter type="COMPLEXITY" missed="2" covered="0"/><counter type="METHOD" missed="1" covered="0"/></method><method name="trace" desc="(Ljava/lang/String;[Ljava/lang/Object;)V" line="94"><counter type="INSTRUCTION" missed="14" covered="0"/><counter type="BRANCH" missed="2" covered="0"/><counter type="LINE" missed="4" covered="0"/><counter type="COMPLEXITY" missed="2" covered="0"/><counter type="METHOD" missed="1" covered="0"/></method><method name="trace" desc="(Ljava/lang/String;Ljava/lang/Throwable;)V" line="102"><counter type="INSTRUCTION" missed="10" covered="0"/><counter type="BRANCH" missed="2" covered="0"/><counter type="LINE" missed="3" covered="0"/><counter type="COMPLEXITY" missed="2" covered="0"/><counter type="METHOD" missed="1" covered="0"/></method><method name="isDebugEnabled" desc="()Z" line="109"><counter type="INSTRUCTION" missed="0" covered="2"/><counter type="LINE" missed="0" covered="1"/><counter type="COMPLEXITY" missed="0" covered="1"/><counter type="METHOD" missed="0" covered="1"/></method><method name="debug" desc="(Ljava/lang/String;)V" line="114"><counter type="INSTRUCTION" missed="0" covered="9"/><counter type="BRANCH" missed="0" covered="2"/><counter type="LINE" missed="0" covered="3"/><counter type="COMPLEXITY" missed="0" covered="2"/><counter type="METHOD" missed="0" covered="1"/></method><method name="debug" desc="(Ljava/lang/String;Ljava/lang/Object;)V" line="121"><counter type="INSTRUCTION" missed="0" covered="14"/><counter type="BRANCH" missed="0" covered="2"/><counter type="LINE" missed="0" covered="4"/><counter type="COMPLEXITY" missed="0" covered="2"/><counter type="METHOD" missed="0" covered="1"/></method><method name="debug" desc="(Ljava/lang/String;Ljava/lang/Object;Ljava/lang/Object;)V" line="129"><counter type="INSTRUCTION" missed="0" covered="15"/><counter type="BRANCH" missed="0" covered="2"/><counter type="LINE" missed="0" covered="4"/><counter type="COMPLEXITY" missed="0" covered="2"/><counter type="METHOD" missed="0" covered="1"/></method><method name="debug" desc="(Ljava/lang/String;[Ljava/lang/Object;)V" line="137"><counter type="INSTRUCTION" missed="0" covered="14"/><counter type="BRANCH" missed="0" covered="2"/><counter type="LINE" missed="0" covered="4"/><counter type="COMPLEXITY" missed="0" covered="2"/><counter type="METHOD" missed="0" covered="1"/></method><method name="debug" desc="(Ljava/lang/String;Ljava/lang/Throwable;)V" line="145"><counter type="INSTRUCTION" missed="10" covered="0"/><counter type="BRANCH" missed="2" covered="0"/><counter type="LINE" missed="3" covered="0"/><counter type="COMPLEXITY" missed="2" covered="0"/><counter type="METHOD" missed="1" covered="0"/></method><method name="isInfoEnabled" desc="()Z" line="152"><counter type="INSTRUCTION" missed="0" covered="2"/><counter type="LINE" missed="0" covered="1"/><counter type="COMPLEXITY" missed="0" covered="1"/><counter type="METHOD" missed="0" covered="1"/></method><method name="info" desc="(Ljava/lang/String;)V" line="157"><counter type="INSTRUCTION" missed="0" covered="9"/><counter type="BRANCH" missed="1" covered="1"/><counter type="LINE" missed="0" covered="3"/><counter type="COMPLEXITY" missed="1" covered="1"/><counter type="METHOD" missed="0" covered="1"/></method><method name="info" desc="(Ljava/lang/String;Ljava/lang/Object;)V" line="164"><counter type="INSTRUCTION" missed="0" covered="14"/><counter type="BRANCH" missed="1" covered="1"/><counter type="LINE" missed="0" covered="4"/><counter type="COMPLEXITY" missed="1" covered="1"/><counter type="METHOD" missed="0" covered="1"/></method><method name="info" desc="(Ljava/lang/String;Ljava/lang/Object;Ljava/lang/Object;)V" line="172"><counter type="INSTRUCTION" missed="0" covered="15"/><counter type="BRANCH" missed="1" covered="1"/><counter type="LINE" missed="0" covered="4"/><counter type="COMPLEXITY" missed="1" covered="1"/><counter type="METHOD" missed="0" covered="1"/></method><method name="info" desc="(Ljava/lang/String;[Ljava/lang/Object;)V" line="180"><counter type="INSTRUCTION" missed="14" covered="0"/><counter type="BRANCH" missed="2" covered="0"/><counter type="LINE" missed="4" covered="0"/><counter type="COMPLEXITY" missed="2" covered="0"/><counter type="METHOD" missed="1" covered="0"/></method><method name="info" desc="(Ljava/lang/String;Ljava/lang/Throwable;)V" line="188"><counter type="INSTRUCTION" missed="10" covered="0"/><counter type="BRANCH" missed="2" covered="0"/><counter type="LINE" missed="3" covered="0"/><counter type="COMPLEXITY" missed="2" covered="0"/><counter type="METHOD" missed="1" covered="0"/></method><method name="isWarnEnabled" desc="()Z" line="195"><counter type="INSTRUCTION" missed="2" covered="0"/><counter type="LINE" missed="1" covered="0"/><counter type="COMPLEXITY" missed="1" covered="0"/><counter type="METHOD" missed="1" covered="0"/></method><method name="warn" desc="(Ljava/lang/String;)V" line="200"><counter type="INSTRUCTION" missed="9" covered="0"/><counter type="BRANCH" missed="2" covered="0"/><counter type="LINE" missed="3" covered="0"/><counter type="COMPLEXITY" missed="2" covered="0"/><counter type="METHOD" missed="1" covered="0"/></method><method name="warn" desc="(Ljava/lang/String;Ljava/lang/Object;)V" line="207"><counter type="INSTRUCTION" missed="0" covered="14"/><counter type="BRANCH" missed="1" covered="1"/><counter type="LINE" missed="0" covered="4"/><counter type="COMPLEXITY" missed="1" covered="1"/><counter type="METHOD" missed="0" covered="1"/></method><method name="warn" desc="(Ljava/lang/String;[Ljava/lang/Object;)V" line="215"><counter type="INSTRUCTION" missed="14" covered="0"/><counter type="BRANCH" missed="2" covered="0"/><counter type="LINE" missed="4" covered="0"/><counter type="COMPLEXITY" missed="2" covered="0"/><counter type="METHOD" missed="1" covered="0"/></method><method name="warn" desc="(Ljava/lang/String;Ljava/lang/Object;Ljava/lang/Object;)V" line="223"><counter type="INSTRUCTION" missed="15" covered="0"/><counter type="BRANCH" missed="2" covered="0"/><counter type="LINE" missed="4" covered="0"/><counter type="COMPLEXITY" missed="2" covered="0"/><counter type="METHOD" missed="1" covered="0"/></method><method name="warn" desc="(Ljava/lang/String;Ljava/lang/Throwable;)V" line="231"><counter type="INSTRUCTION" missed="10" covered="0"/><counter type="BRANCH" missed="2" covered="0"/><counter type="LINE" missed="3" covered="0"/><counter type="COMPLEXITY" missed="2" covered="0"/><counter type="METHOD" missed="1" covered="0"/></method><method name="isErrorEnabled" desc="()Z" line="238"><counter type="INSTRUCTION" missed="2" covered="0"/><counter type="LINE" missed="1" covered="0"/><counter type="COMPLEXITY" missed="1" covered="0"/><counter type="METHOD" missed="1" covered="0"/></method><method name="error" desc="(Ljava/lang/String;)V" line="243"><counter type="INSTRUCTION" missed="9" covered="0"/><counter type="BRANCH" missed="2" covered="0"/><counter type="LINE" missed="3" covered="0"/><counter type="COMPLEXITY" missed="2" covered="0"/><counter type="METHOD" missed="1" covered="0"/></method><method name="error" desc="(Ljava/lang/String;Ljava/lang/Object;)V" line="250"><counter type="INSTRUCTION" missed="14" covered="0"/><counter type="BRANCH" missed="2" covered="0"/><counter type="LINE" missed="4" covered="0"/><counter type="COMPLEXITY" missed="2" covered="0"/><counter type="METHOD" missed="1" covered="0"/></method><method name="error" desc="(Ljava/lang/String;Ljava/lang/Object;Ljava/lang/Object;)V" line="258"><counter type="INSTRUCTION" missed="15" covered="0"/><counter type="BRANCH" missed="2" covered="0"/><counter type="LINE" missed="4" covered="0"/><counter type="COMPLEXITY" missed="2" covered="0"/><counter type="METHOD" missed="1" covered="0"/></method><method name="error" desc="(Ljava/lang/String;[Ljava/lang/Object;)V" line="266"><counter type="INSTRUCTION" missed="14" covered="0"/><counter type="BRANCH" missed="2" covered="0"/><counter type="LINE" missed="4" covered="0"/><counter type="COMPLEXITY" missed="2" covered="0"/><counter type="METHOD" missed="1" covered="0"/></method><method name="error" desc="(Ljava/lang/String;Ljava/lang/Throwable;)V" line="274"><counter type="INSTRUCTION" missed="10" covered="0"/><counter type="BRANCH" missed="2" covered="0"/><counter type="LINE" missed="3" covered="0"/><counter type="COMPLEXITY" missed="2" covered="0"/><counter type="METHOD" missed="1" covered="0"/></method><counter type="INSTRUCTION" missed="191" covered="139"/><counter type="BRANCH" missed="35" covered="15"/><counter type="LINE" missed="57" covered="43"/><counter type="COMPLEXITY" missed="38" covered="19"/><counter type="METHOD" missed="18" covered="14"/><counter type="CLASS" missed="0" covered="1"/></class><class name="org/owasp/dependencycheck/ant/logging/AntLoggerFactory" sourcefilename="AntLoggerFactory.java"><method name="&lt;init&gt;" desc="(Lorg/apache/tools/ant/Task;)V" line="42"><counter type="INSTRUCTION" missed="0" covered="9"/><counter type="LINE" missed="0" covered="3"/><counter type="COMPLEXITY" missed="0" covered="1"/><counter type="METHOD" missed="0" covered="1"/></method><method name="getLogger" desc="(Ljava/lang/String;)Lorg/slf4j/Logger;" line="54"><counter type="INSTRUCTION" missed="0" covered="3"/><counter type="LINE" missed="0" covered="1"/><counter type="COMPLEXITY" missed="0" covered="1"/><counter type="METHOD" missed="0" covered="1"/></method><counter type="INSTRUCTION" missed="0" covered="12"/><counter type="LINE" missed="0" covered="4"/><counter type="COMPLEXITY" missed="0" covered="2"/><counter type="METHOD" missed="0" covered="2"/><counter type="CLASS" missed="0" covered="1"/></class><sourcefile name="AntLoggerFactory.java"><line nr="42" mi="0" ci="2" mb="0" cb="0"/><line nr="43" mi="0" ci="6" mb="0" cb="0"/><line nr="44" mi="0" ci="1" mb="0" cb="0"/><line nr="54" mi="0" ci="3" mb="0" cb="0"/><counter type="INSTRUCTION" missed="0" covered="12"/><counter type="LINE" missed="0" covered="4"/><counter type="COMPLEXITY" missed="0" covered="2"/><counter type="METHOD" missed="0" covered="2"/><counter type="CLASS" missed="0" covered="1"/></sourcefile><sourcefile name="AntLoggerAdapter.java"><line nr="49" mi="0" ci="2" mb="0" cb="0"/><line nr="50" mi="0" ci="3" mb="0" cb="0"/><line nr="51" mi="0" ci="1" mb="0" cb="0"/><line nr="59" mi="3" ci="0" mb="0" cb="0"/><line nr="60" mi="1" ci="0" mb="0" cb="0"/><line nr="66" mi="0" ci="2" mb="0" cb="0"/><line nr="71" mi="0" ci="3" mb="1" cb="1"/><line nr="72" mi="0" ci="5" mb="0" cb="0"/><line nr="74" mi="0" ci="1" mb="0" cb="0"/><line nr="78" mi="0" ci="3" mb="0" cb="2"/><line nr="79" mi="0" ci="4" mb="0" cb="0"/><line nr="80" mi="0" ci="6" mb="0" cb="0"/><line nr="82" mi="0" ci="1" mb="0" cb="0"/><line nr="86" mi="3" ci="0" mb="2" cb="0"/><line nr="87" mi="5" ci="0" mb="0" cb="0"/><line nr="88" mi="6" ci="0" mb="0" cb="0"/><line nr="90" mi="1" ci="0" mb="0" cb="0"/><line nr="94" mi="3" ci="0" mb="2" cb="0"/><line nr="95" mi="4" ci="0" mb="0" cb="0"/><line nr="96" mi="6" ci="0" mb="0" cb="0"/><line nr="98" mi="1" ci="0" mb="0" cb="0"/><line nr="102" mi="3" ci="0" mb="2" cb="0"/><line nr="103" mi="6" ci="0" mb="0" cb="0"/><line nr="105" mi="1" ci="0" mb="0" cb="0"/><line nr="109" mi="0" ci="2" mb="0" cb="0"/><line nr="114" mi="0" ci="3" mb="0" cb="2"/><line nr="115" mi="0" ci="5" mb="0" cb="0"/><line nr="117" mi="0" ci="1" mb="0" cb="0"/><line nr="121" mi="0" ci="3" mb="0" cb="2"/><line nr="122" mi="0" ci="4" mb="0" cb="0"/><line nr="123" mi="0" ci="6" mb="0" cb="0"/><line nr="125" mi="0" ci="1" mb="0" cb="0"/><line nr="129" mi="0" ci="3" mb="0" cb="2"/><line nr="130" mi="0" ci="5" mb="0" cb="0"/><line nr="131" mi="0" ci="6" mb="0" cb="0"/><line nr="133" mi="0" ci="1" mb="0" cb="0"/><line nr="137" mi="0" ci="3" mb="0" cb="2"/><line nr="138" mi="0" ci="4" mb="0" cb="0"/><line nr="139" mi="0" ci="6" mb="0" cb="0"/><line nr="141" mi="0" ci="1" mb="0" cb="0"/><line nr="145" mi="3" ci="0" mb="2" cb="0"/><line nr="146" mi="6" ci="0" mb="0" cb="0"/><line nr="148" mi="1" ci="0" mb="0" cb="0"/><line nr="152" mi="0" ci="2" mb="0" cb="0"/><line nr="157" mi="0" ci="3" mb="1" cb="1"/><line nr="158" mi="0" ci="5" mb="0" cb="0"/><line nr="160" mi="0" ci="1" mb="0" cb="0"/><line nr="164" mi="0" ci="3" mb="1" cb="1"/><line nr="165" mi="0" ci="4" mb="0" cb="0"/><line nr="166" mi="0" ci="6" mb="0" cb="0"/><line nr="168" mi="0" ci="1" mb="0" cb="0"/><line nr="172" mi="0" ci="3" mb="1" cb="1"/><line nr="173" mi="0" ci="5" mb="0" cb="0"/><line nr="174" mi="0" ci="6" mb="0" cb="0"/><line nr="176" mi="0" ci="1" mb="0" cb="0"/><line nr="180" mi="3" ci="0" mb="2" cb="0"/><line nr="181" mi="4" ci="0" mb="0" cb="0"/><line nr="182" mi="6" ci="0" mb="0" cb="0"/><line nr="184" mi="1" ci="0" mb="0" cb="0"/><line nr="188" mi="3" ci="0" mb="2" cb="0"/><line nr="189" mi="6" ci="0" mb="0" cb="0"/><line nr="191" mi="1" ci="0" mb="0" cb="0"/><line nr="195" mi="2" ci="0" mb="0" cb="0"/><line nr="200" mi="3" ci="0" mb="2" cb="0"/><line nr="201" mi="5" ci="0" mb="0" cb="0"/><line nr="203" mi="1" ci="0" mb="0" cb="0"/><line nr="207" mi="0" ci="3" mb="1" cb="1"/><line nr="208" mi="0" ci="4" mb="0" cb="0"/><line nr="209" mi="0" ci="6" mb="0" cb="0"/><line nr="211" mi="0" ci="1" mb="0" cb="0"/><line nr="215" mi="3" ci="0" mb="2" cb="0"/><line nr="216" mi="4" ci="0" mb="0" cb="0"/><line nr="217" mi="6" ci="0" mb="0" cb="0"/><line nr="219" mi="1" ci="0" mb="0" cb="0"/><line nr="223" mi="3" ci="0" mb="2" cb="0"/><line nr="224" mi="5" ci="0" mb="0" cb="0"/><line nr="225" mi="6" ci="0" mb="0" cb="0"/><line nr="227" mi="1" ci="0" mb="0" cb="0"/><line nr="231" mi="3" ci="0" mb="2" cb="0"/><line nr="232" mi="6" ci="0" mb="0" cb="0"/><line nr="234" mi="1" ci="0" mb="0" cb="0"/><line nr="238" mi="2" ci="0" mb="0" cb="0"/><line nr="243" mi="3" ci="0" mb="2" cb="0"/><line nr="244" mi="5" ci="0" mb="0" cb="0"/><line nr="246" mi="1" ci="0" mb="0" cb="0"/><line nr="250" mi="3" ci="0" mb="2" cb="0"/><line nr="251" mi="4" ci="0" mb="0" cb="0"/><line nr="252" mi="6" ci="0" mb="0" cb="0"/><line nr="254" mi="1" ci="0" mb="0" cb="0"/><line nr="258" mi="3" ci="0" mb="2" cb="0"/><line nr="259" mi="5" ci="0" mb="0" cb="0"/><line nr="260" mi="6" ci="0" mb="0" cb="0"/><line nr="262" mi="1" ci="0" mb="0" cb="0"/><line nr="266" mi="3" ci="0" mb="2" cb="0"/><line nr="267" mi="4" ci="0" mb="0" cb="0"/><line nr="268" mi="6" ci="0" mb="0" cb="0"/><line nr="270" mi="1" ci="0" mb="0" cb="0"/><line nr="274" mi="3" ci="0" mb="2" cb="0"/><line nr="275" mi="6" ci="0" mb="0" cb="0"/><line nr="277" mi="1" ci="0" mb="0" cb="0"/><counter type="INSTRUCTION" missed="191" covered="139"/><counter type="BRANCH" missed="35" covered="15"/><counter type="LINE" missed="57" covered="43"/><counter type="COMPLEXITY" missed="38" covered="19"/><counter type="METHOD" missed="18" covered="14"/><counter type="CLASS" missed="0" covered="1"/></sourcefile><counter type="INSTRUCTION" missed="191" covered="151"/><counter type="BRANCH" missed="35" covered="15"/><counter type="LINE" missed="57" covered="47"/><counter type="COMPLEXITY" missed="38" covered="21"/><counter type="METHOD" missed="18" covered="16"/><counter type="CLASS" missed="0" covered="2"/></package><package name="org/slf4j/impl"><class name="org/slf4j/impl/StaticLoggerBinder" sourcefilename="StaticLoggerBinder.java"><method name="getSingleton" desc="()Lorg/slf4j/impl/StaticLoggerBinder;" line="76"><counter type="INSTRUCTION" missed="0" covered="2"/><counter type="LINE" missed="0" covered="1"/><counter type="COMPLEXITY" missed="0" covered="1"/><counter type="METHOD" missed="0" covered="1"/></method><method name="setTask" desc="(Lorg/apache/tools/ant/Task;)V" line="85"><counter type="INSTRUCTION" missed="0" covered="10"/><counter type="LINE" missed="0" covered="3"/><counter type="COMPLEXITY" missed="0" covered="1"/><counter type="METHOD" missed="0" covered="1"/></method><method name="&lt;init&gt;" desc="()V" line="45"><counter type="INSTRUCTION" missed="0" covered="13"/><counter type="LINE" missed="0" covered="4"/><counter type="COMPLEXITY" missed="0" covered="1"/><counter type="METHOD" missed="0" covered="1"/></method><method name="getLoggerFactory" desc="()Lorg/slf4j/ILoggerFactory;" line="103"><counter type="INSTRUCTION" missed="0" covered="3"/><counter type="LINE" missed="0" covered="1"/><counter type="COMPLEXITY" missed="0" covered="1"/><counter type="METHOD" missed="0" covered="1"/></method><method name="getLoggerFactoryClassStr" desc="()Ljava/lang/String;" line="113"><counter type="INSTRUCTION" missed="2" covered="0"/><counter type="LINE" missed="1" covered="0"/><counter type="COMPLEXITY" missed="1" covered="0"/><counter type="METHOD" missed="1" covered="0"/></method><method name="&lt;clinit&gt;" desc="()V" line="40"><counter type="INSTRUCTION" missed="0" covered="10"/><counter type="LINE" missed="0" covered="3"/><counter type="COMPLEXITY" missed="0" covered="1"/><counter type="METHOD" missed="0" covered="1"/></method><counter type="INSTRUCTION" missed="2" covered="38"/><counter type="LINE" missed="1" covered="12"/><counter type="COMPLEXITY" missed="1" covered="5"/><counter type="METHOD" missed="1" covered="5"/><counter type="CLASS" missed="0" covered="1"/></class><sourcefile name="StaticLoggerBinder.java"><line nr="40" mi="0" ci="4" mb="0" cb="0"/><line nr="45" mi="0" ci="3" mb="0" cb="0"/><line nr="55" mi="0" ci="2" mb="0" cb="0"/><line nr="62" mi="0" ci="4" mb="0" cb="0"/><line nr="76" mi="0" ci="2" mb="0" cb="0"/><line nr="85" mi="0" ci="3" mb="0" cb="0"/><line nr="86" mi="0" ci="6" mb="0" cb="0"/><line nr="87" mi="0" ci="1" mb="0" cb="0"/><line nr="92" mi="0" ci="2" mb="0" cb="0"/><line nr="93" mi="0" ci="7" mb="0" cb="0"/><line nr="94" mi="0" ci="1" mb="0" cb="0"/><line nr="103" mi="0" ci="3" mb="0" cb="0"/><line nr="113" mi="2" ci="0" mb="0" cb="0"/><counter type="INSTRUCTION" missed="2" covered="38"/><counter type="LINE" missed="1" covered="12"/><counter type="COMPLEXITY" missed="1" covered="5"/><counter type="METHOD" missed="1" covered="5"/><counter type="CLASS" missed="0" covered="1"/></sourcefile><counter type="INSTRUCTION" missed="2" covered="38"/><counter type="LINE" missed="1" covered="12"/><counter type="COMPLEXITY" missed="1" covered="5"/><counter type="METHOD" missed="1" covered="5"/><counter type="CLASS" missed="0" covered="1"/></package><counter type="INSTRUCTION" missed="935" covered="1106"/><counter type="BRANCH" missed="76" covered="52"/><counter type="LINE" missed="327" covered="264"/><counter type="COMPLEXITY" missed="214" covered="73"/><counter type="METHOD" missed="166" covered="57"/><counter type="CLASS" missed="0" covered="9"/></report>