<?xml version="1.0" encoding="UTF-8" standalone="yes"?><!DOCTYPE report PUBLIC "-//JACOCO//DTD Report 1.1//EN" "report.dtd"><report name="Dependency-Check Maven Plugin"><sessioninfo id="localhost-3d6dcd0" start="1579092984056" dump="1579092986036"/><sessioninfo id="localhost-7371ff3c" start="1579092988142" dump="1579093046404"/><sessioninfo id="localhost-35037ee2" start="1579092988190" dump="1579093063136"/><sessioninfo id="localhost-cacab49f" start="1579093046546" dump="1579093077777"/><sessioninfo id="localhost-24260e88" start="1579093064742" dump="1579093095830"/><sessioninfo id="localhost-861e58bd" start="1579093078180" dump="1579093110108"/><sessioninfo id="localhost-7cf93ce0" start="1579093096389" dump="1579093132738"/><sessioninfo id="localhost-96fbd4e9" start="1579093110680" dump="1579093139692"/><sessioninfo id="localhost-9ba53c19" start="1579093133300" dump="1579093148490"/><sessioninfo id="localhost-9ce03e0b" start="1579093140116" dump="1579093168357"/><sessioninfo id="localhost-ee23316f" start="1579093168939" dump="1579093196099"/><sessioninfo id="localhost-5b3678fe" start="1579093148915" dump="1579093203229"/><sessioninfo id="localhost-36bfbc69" start="1579093196257" dump="1579093231447"/><sessioninfo id="localhost-497b703b" start="1579093203547" dump="1579093231661"/><sessioninfo id="localhost-2806f010" start="1579093231964" dump="1579093268348"/><sessioninfo id="localhost-67f75eda" start="1579093232196" dump="1579093270369"/><sessioninfo id="localhost-1880db47" start="1579092988153" dump="1579093965416"/><sessioninfo id="localhost-48706e78" start="1579093965567" dump="1579093994451"/><sessioninfo id="localhost-34dcaea0" start="1579092988311" dump="1579094822380"/><package name="org/owasp/dependencycheck/maven"><class name="org/owasp/dependencycheck/maven/ArtifactScopeExcluded" sourcefilename="ArtifactScopeExcluded.java"><method name="&lt;init&gt;" desc="(ZZZZ)V" line="60"><counter type="INSTRUCTION" missed="0" covered="15"/><counter type="LINE" missed="0" covered="6"/><counter type="COMPLEXITY" missed="0" covered="1"/><counter type="METHOD" missed="0" covered="1"/></method><method name="passes" desc="(Ljava/lang/String;)Z" line="77"><counter type="INSTRUCTION" missed="12" covered="38"/><counter type="BRANCH" missed="8" covered="14"/><counter type="LINE" missed="2" covered="9"/><counter type="COMPLEXITY" missed="6" covered="6"/><counter type="METHOD" missed="0" covered="1"/></method><counter type="INSTRUCTION" missed="12" covered="53"/><counter type="BRANCH" missed="8" covered="14"/><counter type="LINE" missed="2" covered="15"/><counter type="COMPLEXITY" missed="6" covered="7"/><counter type="METHOD" missed="0" covered="2"/><counter type="CLASS" missed="0" covered="1"/></class><class name="org/owasp/dependencycheck/maven/CheckMojo" sourcefilename="CheckMojo.java"><method name="&lt;init&gt;" desc="()V" line="43"><counter type="INSTRUCTION" missed="0" covered="6"/><counter type="LINE" missed="0" covered="2"/><counter type="COMPLEXITY" missed="0" covered="1"/><counter type="METHOD" missed="0" covered="1"/></method><method name="canGenerateReport" desc="()Z" line="60"><counter type="INSTRUCTION" missed="1" covered="27"/><counter type="BRANCH" missed="2" covered="2"/><counter type="LINE" missed="1" covered="7"/><counter type="COMPLEXITY" missed="2" covered="1"/><counter type="METHOD" missed="0" covered="1"/></method><method name="getName" desc="(Ljava/util/Locale;)Ljava/lang/String;" line="79"><counter type="INSTRUCTION" missed="0" covered="3"/><counter type="LINE" missed="0" covered="1"/><counter type="COMPLEXITY" missed="0" covered="1"/><counter type="METHOD" missed="0" covered="1"/></method><method name="getDescription" desc="(Ljava/util/Locale;)Ljava/lang/String;" line="91"><counter type="INSTRUCTION" missed="0" covered="2"/><counter type="LINE" missed="0" covered="1"/><counter type="COMPLEXITY" missed="0" covered="1"/><counter type="METHOD" missed="0" covered="1"/></method><method name="scanDependencies" desc="(Lorg/owasp/dependencycheck/Engine;)Lorg/owasp/dependencycheck/exception/ExceptionCollection;" line="104"><counter type="INSTRUCTION" missed="0" covered="6"/><counter type="LINE" missed="0" covered="1"/><counter type="COMPLEXITY" missed="0" covered="1"/><counter type="METHOD" missed="0" covered="1"/></method><counter type="INSTRUCTION" missed="1" covered="44"/><counter type="BRANCH" missed="2" covered="2"/><counter type="LINE" missed="1" covered="12"/><counter type="COMPLEXITY" missed="2" covered="5"/><counter type="METHOD" missed="0" covered="5"/><counter type="CLASS" missed="0" covered="1"/></class><class name="org/owasp/dependencycheck/maven/AggregateMojo" sourcefilename="AggregateMojo.java"><method name="&lt;init&gt;" desc="()V" line="49"><counter type="INSTRUCTION" missed="0" covered="6"/><counter type="LINE" missed="0" covered="2"/><counter type="COMPLEXITY" missed="0" covered="1"/><counter type="METHOD" missed="0" covered="1"/></method><method name="scanDependencies" desc="(Lorg/owasp/dependencycheck/Engine;)Lorg/owasp/dependencycheck/exception/ExceptionCollection;" line="67"><counter type="INSTRUCTION" missed="47" covered="31"/><counter type="BRANCH" missed="9" covered="3"/><counter type="LINE" missed="11" covered="6"/><counter type="COMPLEXITY" missed="5" covered="2"/><counter type="METHOD" missed="0" covered="1"/></method><method name="getDescendants" desc="(Lorg/apache/maven/project/MavenProject;)Ljava/util/Set;" line="101"><counter type="INSTRUCTION" missed="54" covered="243"/><counter type="BRANCH" missed="14" covered="42"/><counter type="LINE" missed="9" covered="42"/><counter type="COMPLEXITY" missed="10" covered="19"/><counter type="METHOD" missed="0" covered="1"/></method><method name="isMultiModule" desc="(Lorg/apache/maven/project/MavenProject;)Z" line="179"><counter type="INSTRUCTION" missed="5" covered="0"/><counter type="LINE" missed="1" covered="0"/><counter type="COMPLEXITY" missed="1" covered="0"/><counter type="METHOD" missed="1" covered="0"/></method><method name="canGenerateReport" desc="()Z" line="184"><counter type="INSTRUCTION" missed="2" covered="0"/><counter type="LINE" missed="1" covered="0"/><counter type="COMPLEXITY" missed="1" covered="0"/><counter type="METHOD" missed="1" covered="0"/></method><method name="getName" desc="(Ljava/util/Locale;)Ljava/lang/String;" line="195"><counter type="INSTRUCTION" missed="3" covered="0"/><counter type="LINE" missed="1" covered="0"/><counter type="COMPLEXITY" missed="1" covered="0"/><counter type="METHOD" missed="1" covered="0"/></method><method name="getDescription" desc="(Ljava/util/Locale;)Ljava/lang/String;" line="207"><counter type="INSTRUCTION" missed="2" covered="0"/><counter type="LINE" missed="1" covered="0"/><counter type="COMPLEXITY" missed="1" covered="0"/><counter type="METHOD" missed="1" covered="0"/></method><counter type="INSTRUCTION" missed="113" covered="280"/><counter type="BRANCH" missed="23" covered="45"/><counter type="LINE" missed="24" covered="50"/><counter type="COMPLEXITY" missed="19" covered="22"/><counter type="METHOD" missed="4" covered="3"/><counter type="CLASS" missed="0" covered="1"/></class><class name="org/owasp/dependencycheck/maven/PurgeMojo" sourcefilename="PurgeMojo.java"><method name="&lt;init&gt;" desc="()V" line="43"><counter type="INSTRUCTION" missed="3" covered="0"/><counter type="LINE" missed="1" covered="0"/><counter type="COMPLEXITY" missed="1" covered="0"/><counter type="METHOD" missed="1" covered="0"/></method><method name="canGenerateReport" desc="()Z" line="52"><counter type="INSTRUCTION" missed="2" covered="0"/><counter type="LINE" missed="1" covered="0"/><counter type="COMPLEXITY" missed="1" covered="0"/><counter type="METHOD" missed="1" covered="0"/></method><method name="runCheck" desc="()V" line="65"><counter type="INSTRUCTION" missed="18" covered="0"/><counter type="LINE" missed="5" covered="0"/><counter type="COMPLEXITY" missed="1" covered="0"/><counter type="METHOD" missed="1" covered="0"/></method><method name="getName" desc="(Ljava/util/Locale;)Ljava/lang/String;" line="81"><counter type="INSTRUCTION" missed="2" covered="0"/><counter type="LINE" missed="1" covered="0"/><counter type="COMPLEXITY" missed="1" covered="0"/><counter type="METHOD" missed="1" covered="0"/></method><method name="getDescription" desc="(Ljava/util/Locale;)Ljava/lang/String;" line="93"><counter type="INSTRUCTION" missed="2" covered="0"/><counter type="LINE" missed="1" covered="0"/><counter type="COMPLEXITY" missed="1" covered="0"/><counter type="METHOD" missed="1" covered="0"/></method><method name="scanDependencies" desc="(Lorg/owasp/dependencycheck/Engine;)Lorg/owasp/dependencycheck/exception/ExceptionCollection;" line="105"><counter type="INSTRUCTION" missed="5" covered="0"/><counter type="LINE" missed="1" covered="0"/><counter type="COMPLEXITY" missed="1" covered="0"/><counter type="METHOD" missed="1" covered="0"/></method><counter type="INSTRUCTION" missed="32" covered="0"/><counter type="LINE" missed="10" covered="0"/><counter type="COMPLEXITY" missed="6" covered="0"/><counter type="METHOD" missed="6" covered="0"/><counter type="CLASS" missed="1" covered="0"/></class><class name="org/owasp/dependencycheck/maven/HelpMojo" sourcefilename="HelpMojo.java"><method name="&lt;init&gt;" desc="()V" line="29"><counter type="INSTRUCTION" missed="3" covered="0"/><counter type="LINE" missed="1" covered="0"/><counter type="COMPLEXITY" missed="1" covered="0"/><counter type="METHOD" missed="1" covered="0"/></method><method name="build" desc="()Lorg/w3c/dom/Document;" line="69"><counter type="INSTRUCTION" missed="59" covered="0"/><counter type="BRANCH" missed="2" covered="0"/><counter type="LINE" missed="17" covered="0"/><counter type="COMPLEXITY" missed="2" covered="0"/><counter type="METHOD" missed="1" covered="0"/></method><method name="execute" desc="()V" line="112"><counter type="INSTRUCTION" missed="187" covered="0"/><counter type="BRANCH" missed="20" covered="0"/><counter type="LINE" missed="31" covered="0"/><counter type="COMPLEXITY" missed="11" covered="0"/><counter type="METHOD" missed="1" covered="0"/></method><method name="isNotEmpty" desc="(Ljava/lang/String;)Z" line="177"><counter type="INSTRUCTION" missed="9" covered="0"/><counter type="BRANCH" missed="4" covered="0"/><counter type="LINE" missed="1" covered="0"/><counter type="COMPLEXITY" missed="3" covered="0"/><counter type="METHOD" missed="1" covered="0"/></method><method name="getValue" desc="(Lorg/w3c/dom/Node;Ljava/lang/String;)Ljava/lang/String;" line="183"><counter type="INSTRUCTION" missed="6" covered="0"/><counter type="LINE" missed="1" covered="0"/><counter type="COMPLEXITY" missed="1" covered="0"/><counter type="METHOD" missed="1" covered="0"/></method><method name="getSingleChild" desc="(Lorg/w3c/dom/Node;Ljava/lang/String;)Lorg/w3c/dom/Node;" line="189"><counter type="INSTRUCTION" missed="45" covered="0"/><counter type="BRANCH" missed="4" covered="0"/><counter type="LINE" missed="6" covered="0"/><counter type="COMPLEXITY" missed="3" covered="0"/><counter type="METHOD" missed="1" covered="0"/></method><method name="findNamedChild" desc="(Lorg/w3c/dom/Node;Ljava/lang/String;)Ljava/util/List;" line="203"><counter type="INSTRUCTION" missed="30" covered="0"/><counter type="BRANCH" missed="4" covered="0"/><counter type="LINE" missed="7" covered="0"/><counter type="COMPLEXITY" missed="3" covered="0"/><counter type="METHOD" missed="1" covered="0"/></method><method name="findSingleChild" desc="(Lorg/w3c/dom/Node;Ljava/lang/String;)Lorg/w3c/dom/Node;" line="219"><counter type="INSTRUCTION" missed="33" covered="0"/><counter type="BRANCH" missed="4" covered="0"/><counter type="LINE" missed="6" covered="0"/><counter type="COMPLEXITY" missed="3" covered="0"/><counter type="METHOD" missed="1" covered="0"/></method><method name="writeGoal" desc="(Ljava/lang/StringBuilder;Ljava/lang/String;Lorg/w3c/dom/Element;)V" line="234"><counter type="INSTRUCTION" missed="135" covered="0"/><counter type="BRANCH" missed="20" covered="0"/><counter type="LINE" missed="23" covered="0"/><counter type="COMPLEXITY" missed="11" covered="0"/><counter type="METHOD" missed="1" covered="0"/></method><method name="writeParameter" desc="(Ljava/lang/StringBuilder;Lorg/w3c/dom/Node;Lorg/w3c/dom/Node;)V" line="274"><counter type="INSTRUCTION" missed="128" covered="0"/><counter type="BRANCH" missed="16" covered="0"/><counter type="LINE" missed="21" covered="0"/><counter type="COMPLEXITY" missed="9" covered="0"/><counter type="METHOD" missed="1" covered="0"/></method><method name="repeat" desc="(Ljava/lang/String;I)Ljava/lang/String;" line="320"><counter type="INSTRUCTION" missed="22" covered="0"/><counter type="BRANCH" missed="2" covered="0"/><counter type="LINE" missed="4" covered="0"/><counter type="COMPLEXITY" missed="2" covered="0"/><counter type="METHOD" missed="1" covered="0"/></method><method name="append" desc="(Ljava/lang/StringBuilder;Ljava/lang/String;I)V" line="340"><counter type="INSTRUCTION" missed="24" covered="0"/><counter type="BRANCH" missed="2" covered="0"/><counter type="LINE" missed="4" covered="0"/><counter type="COMPLEXITY" missed="2" covered="0"/><counter type="METHOD" missed="1" covered="0"/></method><method name="toLines" desc="(Ljava/lang/String;III)Ljava/util/List;" line="358"><counter type="INSTRUCTION" missed="42" covered="0"/><counter type="BRANCH" missed="2" covered="0"/><counter type="LINE" missed="6" covered="0"/><counter type="COMPLEXITY" missed="2" covered="0"/><counter type="METHOD" missed="1" covered="0"/></method><method name="toLines" desc="(Ljava/util/List;Ljava/lang/String;II)V" line="382"><counter type="INSTRUCTION" missed="104" covered="0"/><counter type="BRANCH" missed="12" covered="0"/><counter type="LINE" missed="19" covered="0"/><counter type="COMPLEXITY" missed="7" covered="0"/><counter type="METHOD" missed="1" covered="0"/></method><method name="getIndentLevel" desc="(Ljava/lang/String;)I" line="431"><counter type="INSTRUCTION" missed="40" covered="0"/><counter type="BRANCH" missed="10" covered="0"/><counter type="LINE" missed="8" covered="0"/><counter type="COMPLEXITY" missed="6" covered="0"/><counter type="METHOD" missed="1" covered="0"/></method><method name="getPropertyFromExpression" desc="(Ljava/lang/String;)Ljava/lang/String;" line="449"><counter type="INSTRUCTION" missed="26" covered="0"/><counter type="BRANCH" missed="8" covered="0"/><counter type="LINE" missed="4" covered="0"/><counter type="COMPLEXITY" missed="5" covered="0"/><counter type="METHOD" missed="1" covered="0"/></method><counter type="INSTRUCTION" missed="893" covered="0"/><counter type="BRANCH" missed="110" covered="0"/><counter type="LINE" missed="159" covered="0"/><counter type="COMPLEXITY" missed="71" covered="0"/><counter type="METHOD" missed="16" covered="0"/><counter type="CLASS" missed="1" covered="0"/></class><class name="org/owasp/dependencycheck/maven/ArtifactTypeExcluded" sourcefilename="ArtifactTypeExcluded.java"><method name="&lt;init&gt;" desc="(Ljava/lang/String;)V" line="42"><counter type="INSTRUCTION" missed="0" covered="6"/><counter type="LINE" missed="0" covered="3"/><counter type="COMPLEXITY" missed="0" covered="1"/><counter type="METHOD" missed="0" covered="1"/></method><method name="passes" desc="(Ljava/lang/String;)Z" line="52"><counter type="INSTRUCTION" missed="0" covered="16"/><counter type="BRANCH" missed="0" covered="6"/><counter type="LINE" missed="0" covered="1"/><counter type="COMPLEXITY" missed="0" covered="4"/><counter type="METHOD" missed="0" covered="1"/></method><counter type="INSTRUCTION" missed="0" covered="22"/><counter type="BRANCH" missed="0" covered="6"/><counter type="LINE" missed="0" covered="4"/><counter type="COMPLEXITY" missed="0" covered="5"/><counter type="METHOD" missed="0" covered="2"/><counter type="CLASS" missed="0" covered="1"/></class><class name="org/owasp/dependencycheck/maven/FilteringDependencyTransitiveNodeVisitor" sourcefilename="FilteringDependencyTransitiveNodeVisitor.java"><method name="&lt;init&gt;" desc="(Lorg/apache/maven/shared/dependency/graph/traversal/DependencyNodeVisitor;Lorg/apache/maven/shared/dependency/graph/filter/DependencyNodeFilter;)V" line="50"><counter type="INSTRUCTION" missed="0" covered="9"/><counter type="LINE" missed="0" covered="4"/><counter type="COMPLEXITY" missed="0" covered="1"/><counter type="METHOD" missed="0" covered="1"/></method><method name="visit" desc="(Lorg/apache/maven/shared/dependency/graph/DependencyNode;)Z" line="62"><counter type="INSTRUCTION" missed="2" covered="13"/><counter type="BRANCH" missed="1" covered="1"/><counter type="LINE" missed="1" covered="3"/><counter type="COMPLEXITY" missed="1" covered="1"/><counter type="METHOD" missed="0" covered="1"/></method><method name="endVisit" desc="(Lorg/apache/maven/shared/dependency/graph/DependencyNode;)Z" line="78"><counter type="INSTRUCTION" missed="2" covered="13"/><counter type="BRANCH" missed="1" covered="1"/><counter type="LINE" missed="1" covered="3"/><counter type="COMPLEXITY" missed="1" covered="1"/><counter type="METHOD" missed="0" covered="1"/></method><method name="getDependencyNodeVisitor" desc="()Lorg/apache/maven/shared/dependency/graph/traversal/DependencyNodeVisitor;" line="93"><counter type="INSTRUCTION" missed="3" covered="0"/><counter type="LINE" missed="1" covered="0"/><counter type="COMPLEXITY" missed="1" covered="0"/><counter type="METHOD" missed="1" covered="0"/></method><method name="getDependencyNodeFilter" desc="()Lorg/apache/maven/shared/dependency/graph/filter/DependencyNodeFilter;" line="103"><counter type="INSTRUCTION" missed="3" covered="0"/><counter type="LINE" missed="1" covered="0"/><counter type="COMPLEXITY" missed="1" covered="0"/><counter type="METHOD" missed="1" covered="0"/></method><counter type="INSTRUCTION" missed="10" covered="35"/><counter type="BRANCH" missed="2" covered="2"/><counter type="LINE" missed="4" covered="10"/><counter type="COMPLEXITY" missed="4" covered="3"/><counter type="METHOD" missed="2" covered="3"/><counter type="CLASS" missed="0" covered="1"/></class><class name="org/owasp/dependencycheck/maven/Retirejs" sourcefilename="Retirejs.java"><method name="&lt;init&gt;" desc="()V" line="27"><counter type="INSTRUCTION" missed="0" covered="3"/><counter type="LINE" missed="0" covered="1"/><counter type="COMPLEXITY" missed="0" covered="1"/><counter type="METHOD" missed="0" covered="1"/></method><method name="getFilters" desc="()[Ljava/lang/String;" line="47"><counter type="INSTRUCTION" missed="0" covered="3"/><counter type="LINE" missed="0" covered="1"/><counter type="COMPLEXITY" missed="0" covered="1"/><counter type="METHOD" missed="0" covered="1"/></method><method name="getFilterNonVulnerable" desc="()Ljava/lang/Boolean;" line="60"><counter type="INSTRUCTION" missed="0" covered="3"/><counter type="LINE" missed="0" covered="1"/><counter type="COMPLEXITY" missed="0" covered="1"/><counter type="METHOD" missed="0" covered="1"/></method><counter type="INSTRUCTION" missed="0" covered="9"/><counter type="LINE" missed="0" covered="3"/><counter type="COMPLEXITY" missed="0" covered="3"/><counter type="METHOD" missed="0" covered="3"/><counter type="CLASS" missed="0" covered="1"/></class><class name="org/owasp/dependencycheck/maven/UpdateMojo" sourcefilename="UpdateMojo.java"><method name="&lt;init&gt;" desc="()V" line="47"><counter type="INSTRUCTION" missed="0" covered="3"/><counter type="LINE" missed="0" covered="1"/><counter type="COMPLEXITY" missed="0" covered="1"/><counter type="METHOD" missed="0" covered="1"/></method><method name="canGenerateReport" desc="()Z" line="56"><counter type="INSTRUCTION" missed="2" covered="0"/><counter type="LINE" missed="1" covered="0"/><counter type="COMPLEXITY" missed="1" covered="0"/><counter type="METHOD" missed="1" covered="0"/></method><method name="runCheck" desc="()V" line="70"><counter type="INSTRUCTION" missed="53" covered="15"/><counter type="BRANCH" missed="7" covered="1"/><counter type="LINE" missed="15" covered="6"/><counter type="COMPLEXITY" missed="4" covered="1"/><counter type="METHOD" missed="0" covered="1"/></method><method name="getName" desc="(Ljava/util/Locale;)Ljava/lang/String;" line="105"><counter type="INSTRUCTION" missed="2" covered="0"/><counter type="LINE" missed="1" covered="0"/><counter type="COMPLEXITY" missed="1" covered="0"/><counter type="METHOD" missed="1" covered="0"/></method><method name="getDescription" desc="(Ljava/util/Locale;)Ljava/lang/String;" line="117"><counter type="INSTRUCTION" missed="2" covered="0"/><counter type="LINE" missed="1" covered="0"/><counter type="COMPLEXITY" missed="1" covered="0"/><counter type="METHOD" missed="1" covered="0"/></method><method name="scanDependencies" desc="(Lorg/owasp/dependencycheck/Engine;)Lorg/owasp/dependencycheck/exception/ExceptionCollection;" line="130"><counter type="INSTRUCTION" missed="5" covered="0"/><counter type="LINE" missed="1" covered="0"/><counter type="COMPLEXITY" missed="1" covered="0"/><counter type="METHOD" missed="1" covered="0"/></method><counter type="INSTRUCTION" missed="64" covered="18"/><counter type="BRANCH" missed="7" covered="1"/><counter type="LINE" missed="19" covered="7"/><counter type="COMPLEXITY" missed="8" covered="2"/><counter type="METHOD" missed="4" covered="2"/><counter type="CLASS" missed="0" covered="1"/></class><class name="org/owasp/dependencycheck/maven/BaseDependencyCheckMojo" sourcefilename="BaseDependencyCheckMojo.java"><method name="&lt;init&gt;" desc="()V" line="105"><counter type="INSTRUCTION" missed="0" covered="42"/><counter type="LINE" missed="0" covered="14"/><counter type="COMPLEXITY" missed="0" covered="1"/><counter type="METHOD" missed="0" covered="1"/></method><method name="artifactsMatch" desc="(Lorg/apache/maven/model/Dependency;Lorg/apache/maven/artifact/Artifact;)Z" line="791"><counter type="INSTRUCTION" missed="1" covered="21"/><counter type="BRANCH" missed="3" covered="3"/><counter type="LINE" missed="0" covered="3"/><counter type="COMPLEXITY" missed="3" covered="1"/><counter type="METHOD" missed="0" covered="1"/></method><method name="isEqualOrNull" desc="(Ljava/lang/String;Ljava/lang/String;)Z" line="806"><counter type="INSTRUCTION" missed="5" covered="9"/><counter type="BRANCH" missed="6" covered="2"/><counter type="LINE" missed="0" covered="1"/><counter type="COMPLEXITY" missed="4" covered="1"/><counter type="METHOD" missed="0" covered="1"/></method><method name="execute" desc="()V" line="818"><counter type="INSTRUCTION" missed="14" covered="21"/><counter type="BRANCH" missed="1" covered="1"/><counter type="LINE" missed="1" covered="6"/><counter type="COMPLEXITY" missed="1" covered="1"/><counter type="METHOD" missed="0" covered="1"/></method><method name="generate" desc="(Lorg/codehaus/doxia/sink/Sink;Ljava/util/Locale;)V" line="841"><counter type="INSTRUCTION" missed="0" covered="5"/><counter type="LINE" missed="0" covered="2"/><counter type="COMPLEXITY" missed="0" covered="1"/><counter type="METHOD" missed="0" covered="1"/></method><method name="isGeneratingSite" desc="()Z" line="850"><counter type="INSTRUCTION" missed="3" covered="0"/><counter type="LINE" missed="1" covered="0"/><counter type="COMPLEXITY" missed="1" covered="0"/><counter type="METHOD" missed="1" covered="0"/></method><method name="getConnectionString" desc="()Ljava/lang/String;" line="859"><counter type="INSTRUCTION" missed="3" covered="0"/><counter type="LINE" missed="1" covered="0"/><counter type="COMPLEXITY" missed="1" covered="0"/><counter type="METHOD" missed="1" covered="0"/></method><method name="isFailOnError" desc="()Z" line="868"><counter type="INSTRUCTION" missed="0" covered="3"/><counter type="LINE" missed="0" covered="1"/><counter type="COMPLEXITY" missed="0" covered="1"/><counter type="METHOD" missed="0" covered="1"/></method><method name="generate" desc="(Lorg/apache/maven/doxia/sink/Sink;Ljava/util/Locale;)V" line="879"><counter type="INSTRUCTION" missed="27" covered="22"/><counter type="BRANCH" missed="1" covered="1"/><counter type="LINE" missed="6" covered="7"/><counter type="COMPLEXITY" missed="1" covered="1"/><counter type="METHOD" missed="0" covered="1"/></method><method name="getCorrectOutputDirectory" desc="()Ljava/io/File;" line="905"><counter type="INSTRUCTION" missed="5" covered="0"/><counter type="LINE" missed="1" covered="0"/><counter type="COMPLEXITY" missed="1" covered="0"/><counter type="METHOD" missed="1" covered="0"/></method><method name="getCorrectOutputDirectory" desc="(Lorg/apache/maven/project/MavenProject;)Ljava/io/File;" line="916"><counter type="INSTRUCTION" missed="21" covered="12"/><counter type="BRANCH" missed="6" covered="2"/><counter type="LINE" missed="4" covered="3"/><counter type="COMPLEXITY" missed="4" covered="1"/><counter type="METHOD" missed="0" covered="1"/></method><method name="scanArtifacts" desc="(Lorg/apache/maven/project/MavenProject;Lorg/owasp/dependencycheck/Engine;)Lorg/owasp/dependencycheck/exception/ExceptionCollection;" line="938"><counter type="INSTRUCTION" missed="0" covered="6"/><counter type="LINE" missed="0" covered="1"/><counter type="COMPLEXITY" missed="0" covered="1"/><counter type="METHOD" missed="0" covered="1"/></method><method name="scanArtifacts" desc="(Lorg/apache/maven/project/MavenProject;Lorg/owasp/dependencycheck/Engine;Z)Lorg/owasp/dependencycheck/exception/ExceptionCollection;" line="953"><counter type="INSTRUCTION" missed="21" covered="75"/><counter type="LINE" missed="4" covered="10"/><counter type="COMPLEXITY" missed="0" covered="1"/><counter type="METHOD" missed="0" covered="1"/></method><method name="toDependencyNode" desc="(Ljava/util/List;Lorg/apache/maven/project/ProjectBuildingRequest;Lorg/apache/maven/shared/dependency/graph/DependencyNode;Lorg/apache/maven/model/Dependency;)Lorg/apache/maven/shared/dependency/graph/DependencyNode;" line="994"><counter type="INSTRUCTION" missed="72" covered="83"/><counter type="BRANCH" missed="14" covered="6"/><counter type="LINE" missed="15" covered="19"/><counter type="COMPLEXITY" missed="8" covered="3"/><counter type="METHOD" missed="0" covered="1"/></method><method name="findVersion" desc="(Ljava/util/List;Ljava/lang/String;Ljava/lang/String;)Ljava/lang/String;" line="1054"><counter type="INSTRUCTION" missed="2" covered="17"/><counter type="BRANCH" missed="1" covered="1"/><counter type="LINE" missed="1" covered="4"/><counter type="COMPLEXITY" missed="1" covered="1"/><counter type="METHOD" missed="0" covered="1"/></method><method name="collectDependencyManagementDependencies" desc="(Lorg/apache/maven/project/ProjectBuildingRequest;Lorg/apache/maven/project/MavenProject;Ljava/util/List;Z)Lorg/owasp/dependencycheck/exception/ExceptionCollection;" line="1075"><counter type="INSTRUCTION" missed="22" covered="35"/><counter type="BRANCH" missed="3" covered="5"/><counter type="LINE" missed="5" covered="8"/><counter type="COMPLEXITY" missed="2" covered="3"/><counter type="METHOD" missed="0" covered="1"/></method><method name="collectMavenDependencies" desc="(Lorg/owasp/dependencycheck/Engine;Lorg/apache/maven/project/MavenProject;Ljava/util/List;Lorg/apache/maven/project/ProjectBuildingRequest;Z)Lorg/owasp/dependencycheck/exception/ExceptionCollection;" line="1110"><counter type="INSTRUCTION" missed="196" covered="248"/><counter type="BRANCH" missed="32" covered="28"/><counter type="LINE" missed="35" covered="62"/><counter type="COMPLEXITY" missed="24" covered="7"/><counter type="METHOD" missed="0" covered="1"/></method><method name="createProjectReferenceName" desc="(Lorg/apache/maven/project/MavenProject;Lorg/apache/maven/shared/dependency/graph/DependencyNode;)Ljava/lang/String;" line="1247"><counter type="INSTRUCTION" missed="0" covered="14"/><counter type="LINE" missed="0" covered="1"/><counter type="COMPLEXITY" missed="0" covered="1"/><counter type="METHOD" missed="0" covered="1"/></method><method name="collectDependencies" desc="(Lorg/owasp/dependencycheck/Engine;Lorg/apache/maven/project/MavenProject;Ljava/util/List;Lorg/apache/maven/project/ProjectBuildingRequest;Z)Lorg/owasp/dependencycheck/exception/ExceptionCollection;" line="1267"><counter type="INSTRUCTION" missed="32" covered="257"/><counter type="BRANCH" missed="8" covered="12"/><counter type="LINE" missed="11" covered="48"/><counter type="COMPLEXITY" missed="6" covered="5"/><counter type="METHOD" missed="0" covered="1"/></method><method name="addReactorDependency" desc="(Lorg/owasp/dependencycheck/Engine;Lorg/apache/maven/artifact/Artifact;)Z" line="1361"><counter type="INSTRUCTION" missed="0" covered="6"/><counter type="LINE" missed="0" covered="1"/><counter type="COMPLEXITY" missed="0" covered="1"/><counter type="METHOD" missed="0" covered="1"/></method><method name="addVirtualDependencyFromReactor" desc="(Lorg/owasp/dependencycheck/Engine;Lorg/apache/maven/artifact/Artifact;Ljava/lang/String;)Z" line="1380"><counter type="INSTRUCTION" missed="95" covered="275"/><counter type="BRANCH" missed="14" covered="8"/><counter type="LINE" missed="16" covered="40"/><counter type="COMPLEXITY" missed="10" covered="2"/><counter type="METHOD" missed="0" covered="1"/></method><method name="addSnapshotReactorDependency" desc="(Lorg/owasp/dependencycheck/Engine;Lorg/apache/maven/artifact/Artifact;)Z" line="1467"><counter type="INSTRUCTION" missed="2" covered="9"/><counter type="BRANCH" missed="1" covered="1"/><counter type="LINE" missed="1" covered="2"/><counter type="COMPLEXITY" missed="1" covered="1"/><counter type="METHOD" missed="0" covered="1"/></method><method name="newResolveArtifactProjectBuildingRequest" desc="(Lorg/apache/maven/project/MavenProject;)Lorg/apache/maven/project/ProjectBuildingRequest;" line="1481"><counter type="INSTRUCTION" missed="0" covered="20"/><counter type="LINE" missed="0" covered="4"/><counter type="COMPLEXITY" missed="0" covered="1"/><counter type="METHOD" missed="0" covered="1"/></method><method name="runCheck" desc="()V" line="1496"><counter type="INSTRUCTION" missed="60" covered="86"/><counter type="BRANCH" missed="11" covered="9"/><counter type="LINE" missed="15" covered="21"/><counter type="COMPLEXITY" missed="7" covered="4"/><counter type="METHOD" missed="0" covered="1"/></method><method name="handleAnalysisExceptions" desc="(Lorg/owasp/dependencycheck/exception/ExceptionCollection;Lorg/owasp/dependencycheck/exception/ExceptionCollection;)Lorg/owasp/dependencycheck/exception/ExceptionCollection;" line="1560"><counter type="INSTRUCTION" missed="50" covered="27"/><counter type="BRANCH" missed="9" covered="3"/><counter type="LINE" missed="11" covered="7"/><counter type="COMPLEXITY" missed="6" covered="1"/><counter type="METHOD" missed="0" covered="1"/></method><method name="getReportOutputDirectory" desc="()Ljava/io/File;" line="1603"><counter type="INSTRUCTION" missed="0" covered="3"/><counter type="LINE" missed="0" covered="1"/><counter type="COMPLEXITY" missed="0" covered="1"/><counter type="METHOD" missed="0" covered="1"/></method><method name="setReportOutputDirectory" desc="(Ljava/io/File;)V" line="1613"><counter type="INSTRUCTION" missed="0" covered="4"/><counter type="LINE" missed="0" covered="2"/><counter type="COMPLEXITY" missed="0" covered="1"/><counter type="METHOD" missed="0" covered="1"/></method><method name="getOutputDirectory" desc="()Ljava/io/File;" line="1622"><counter type="INSTRUCTION" missed="3" covered="0"/><counter type="LINE" missed="1" covered="0"/><counter type="COMPLEXITY" missed="1" covered="0"/><counter type="METHOD" missed="1" covered="0"/></method><method name="isExternalReport" desc="()Z" line="1633"><counter type="INSTRUCTION" missed="0" covered="2"/><counter type="LINE" missed="0" covered="1"/><counter type="COMPLEXITY" missed="0" covered="1"/><counter type="METHOD" missed="0" covered="1"/></method><method name="getOutputName" desc="()Ljava/lang/String;" line="1643"><counter type="INSTRUCTION" missed="38" covered="9"/><counter type="BRANCH" missed="13" covered="1"/><counter type="LINE" missed="10" covered="3"/><counter type="COMPLEXITY" missed="7" covered="1"/><counter type="METHOD" missed="0" covered="1"/></method><method name="getCategoryName" desc="()Ljava/lang/String;" line="1667"><counter type="INSTRUCTION" missed="0" covered="2"/><counter type="LINE" missed="0" covered="1"/><counter type="COMPLEXITY" missed="0" covered="1"/><counter type="METHOD" missed="0" covered="1"/></method><method name="initializeEngine" desc="()Lorg/owasp/dependencycheck/Engine;" line="1680"><counter type="INSTRUCTION" missed="0" covered="8"/><counter type="LINE" missed="0" covered="2"/><counter type="COMPLEXITY" missed="0" covered="1"/><counter type="METHOD" missed="0" covered="1"/></method><method name="populateSettings" desc="()V" line="1690"><counter type="INSTRUCTION" missed="73" covered="469"/><counter type="BRANCH" missed="11" covered="9"/><counter type="LINE" missed="16" covered="83"/><counter type="COMPLEXITY" missed="9" covered="2"/><counter type="METHOD" missed="0" covered="1"/></method><method name="configureServerCredentials" desc="(Ljava/lang/String;Ljava/lang/String;Ljava/lang/String;)V" line="1821"><counter type="INSTRUCTION" missed="99" covered="3"/><counter type="BRANCH" missed="13" covered="1"/><counter type="LINE" missed="21" covered="2"/><counter type="COMPLEXITY" missed="7" covered="1"/><counter type="METHOD" missed="0" covered="1"/></method><method name="decryptServerPassword" desc="(Lorg/apache/maven/settings/Server;)Ljava/lang/String;" line="1872"><counter type="INSTRUCTION" missed="15" covered="0"/><counter type="BRANCH" missed="2" covered="0"/><counter type="LINE" missed="3" covered="0"/><counter type="COMPLEXITY" missed="2" covered="0"/><counter type="METHOD" missed="1" covered="0"/></method><method name="determineSuppressions" desc="()[Ljava/lang/String;" line="1886"><counter type="INSTRUCTION" missed="9" covered="26"/><counter type="BRANCH" missed="1" covered="3"/><counter type="LINE" missed="1" covered="6"/><counter type="COMPLEXITY" missed="1" covered="2"/><counter type="METHOD" missed="0" covered="1"/></method><method name="muteJCS" desc="()V" line="1903"><counter type="INSTRUCTION" missed="14" covered="86"/><counter type="BRANCH" missed="0" covered="2"/><counter type="LINE" missed="2" covered="8"/><counter type="COMPLEXITY" missed="0" covered="2"/><counter type="METHOD" missed="0" covered="1"/></method><method name="getMavenProxy" desc="()Lorg/apache/maven/settings/Proxy;" line="1935"><counter type="INSTRUCTION" missed="39" covered="14"/><counter type="BRANCH" missed="13" covered="3"/><counter type="LINE" missed="9" covered="4"/><counter type="COMPLEXITY" missed="8" covered="1"/><counter type="METHOD" missed="0" covered="1"/></method><method name="getProject" desc="()Lorg/apache/maven/project/MavenProject;" line="1967"><counter type="INSTRUCTION" missed="0" covered="3"/><counter type="LINE" missed="0" covered="1"/><counter type="COMPLEXITY" missed="0" covered="1"/><counter type="METHOD" missed="0" covered="1"/></method><method name="getReactorProjects" desc="()Ljava/util/List;" line="1976"><counter type="INSTRUCTION" missed="0" covered="3"/><counter type="LINE" missed="0" covered="1"/><counter type="COMPLEXITY" missed="0" covered="1"/><counter type="METHOD" missed="0" covered="1"/></method><method name="getFormats" desc="()Ljava/util/Set;" line="1985"><counter type="INSTRUCTION" missed="4" covered="23"/><counter type="BRANCH" missed="3" covered="3"/><counter type="LINE" missed="0" covered="4"/><counter type="COMPLEXITY" missed="3" covered="1"/><counter type="METHOD" missed="0" covered="1"/></method><method name="getExcludes" desc="()Ljava/util/List;" line="1999"><counter type="INSTRUCTION" missed="0" covered="11"/><counter type="BRANCH" missed="0" covered="2"/><counter type="LINE" missed="0" covered="3"/><counter type="COMPLEXITY" missed="0" covered="2"/><counter type="METHOD" missed="0" covered="1"/></method><method name="getArtifactScopeExcluded" desc="()Lorg/owasp/dependencycheck/utils/Filter;" line="2011"><counter type="INSTRUCTION" missed="0" covered="3"/><counter type="LINE" missed="0" covered="1"/><counter type="COMPLEXITY" missed="0" covered="1"/><counter type="METHOD" missed="0" covered="1"/></method><method name="getSettings" desc="()Lorg/owasp/dependencycheck/utils/Settings;" line="2020"><counter type="INSTRUCTION" missed="0" covered="3"/><counter type="LINE" missed="0" covered="1"/><counter type="COMPLEXITY" missed="0" covered="1"/><counter type="METHOD" missed="0" covered="1"/></method><method name="checkForFailure" desc="([Lorg/owasp/dependencycheck/dependency/Dependency;)V" line="2033"><counter type="INSTRUCTION" missed="77" covered="64"/><counter type="BRANCH" missed="14" covered="12"/><counter type="LINE" missed="13" covered="10"/><counter type="COMPLEXITY" missed="10" covered="4"/><counter type="METHOD" missed="0" covered="1"/></method><method name="showSummary" desc="(Lorg/apache/maven/project/MavenProject;[Lorg/owasp/dependencycheck/dependency/Dependency;)V" line="2076"><counter type="INSTRUCTION" missed="0" covered="8"/><counter type="BRANCH" missed="1" covered="1"/><counter type="LINE" missed="0" covered="3"/><counter type="COMPLEXITY" missed="1" covered="1"/><counter type="METHOD" missed="0" covered="1"/></method><method name="lambda$findVersion$0" desc="(Ljava/lang/String;Ljava/lang/String;Lorg/apache/maven/shared/dependency/graph/DependencyNode;)Z" line="1055"><counter type="INSTRUCTION" missed="1" covered="15"/><counter type="BRANCH" missed="2" covered="2"/><counter type="LINE" missed="0" covered="2"/><counter type="COMPLEXITY" missed="2" covered="1"/><counter type="METHOD" missed="0" covered="1"/></method><method name="&lt;clinit&gt;" desc="()V" line="115"><counter type="INSTRUCTION" missed="0" covered="6"/><counter type="LINE" missed="0" covered="1"/><counter type="COMPLEXITY" missed="0" covered="1"/><counter type="METHOD" missed="0" covered="1"/></method><counter type="INSTRUCTION" missed="1003" covered="2058"/><counter type="BRANCH" missed="183" covered="121"/><counter type="LINE" missed="204" covered="404"/><counter type="COMPLEXITY" missed="132" covered="68"/><counter type="METHOD" missed="5" covered="43"/><counter type="CLASS" missed="0" covered="1"/></class><sourcefile name="BaseDependencyCheckMojo.java"><line nr="105" mi="0" ci="2" mb="0" cb="0"/><line nr="115" mi="0" ci="6" mb="0" cb="0"/><line nr="123" mi="0" ci="3" mb="0" cb="0"/><line nr="127" mi="0" ci="3" mb="0" cb="0"/><line nr="189" mi="0" ci="3" mb="0" cb="0"/><line nr="197" mi="0" ci="3" mb="0" cb="0"/><line nr="203" mi="0" ci="3" mb="0" cb="0"/><line nr="254" mi="0" ci="3" mb="0" cb="0"/><line nr="325" mi="0" ci="3" mb="0" cb="0"/><line nr="657" mi="0" ci="3" mb="0" cb="0"/><line nr="663" mi="0" ci="3" mb="0" cb="0"/><line nr="669" mi="0" ci="3" mb="0" cb="0"/><line nr="675" mi="0" ci="3" mb="0" cb="0"/><line nr="682" mi="0" ci="3" mb="0" cb="0"/><line nr="689" mi="0" ci="4" mb="0" cb="0"/><line nr="791" mi="0" ci="8" mb="1" cb="1"/><line nr="792" mi="0" ci="6" mb="1" cb="1"/><line nr="793" mi="1" ci="7" mb="1" cb="1"/><line nr="806" mi="5" ci="9" mb="6" cb="2"/><line nr="818" mi="0" ci="3" mb="0" cb="0"/><line nr="819" mi="0" ci="7" mb="0" cb="0"/><line nr="820" mi="0" ci="2" mb="1" cb="1"/><line nr="821" mi="14" ci="0" mb="0" cb="0"/><line nr="823" mi="0" ci="6" mb="0" cb="0"/><line nr="824" mi="0" ci="2" mb="0" cb="0"/><line nr="826" mi="0" ci="1" mb="0" cb="0"/><line nr="841" mi="0" ci="4" mb="0" cb="0"/><line nr="842" mi="0" ci="1" mb="0" cb="0"/><line nr="850" mi="3" ci="0" mb="0" cb="0"/><line nr="859" mi="3" ci="0" mb="0" cb="0"/><line nr="868" mi="0" ci="3" mb="0" cb="0"/><line nr="879" mi="0" ci="7" mb="0" cb="0"/><line nr="880" mi="0" ci="2" mb="1" cb="1"/><line nr="881" mi="13" ci="0" mb="0" cb="0"/><line nr="882" mi="1" ci="0" mb="0" cb="0"/><line nr="885" mi="0" ci="3" mb="0" cb="0"/><line nr="886" mi="0" ci="6" mb="0" cb="0"/><line nr="888" mi="0" ci="2" mb="0" cb="0"/><line nr="889" mi="1" ci="0" mb="0" cb="0"/><line nr="890" mi="7" ci="0" mb="0" cb="0"/><line nr="891" mi="1" ci="0" mb="0" cb="0"/><line nr="892" mi="4" ci="0" mb="0" cb="0"/><line nr="893" mi="0" ci="1" mb="0" cb="0"/><line nr="894" mi="0" ci="1" mb="0" cb="0"/><line nr="905" mi="5" ci="0" mb="0" cb="0"/><line nr="916" mi="0" ci="4" mb="0" cb="0"/><line nr="917" mi="0" ci="5" mb="2" cb="2"/><line nr="918" mi="0" ci="3" mb="0" cb="0"/><line nr="921" mi="7" ci="0" mb="0" cb="0"/><line nr="922" mi="9" ci="0" mb="4" cb="0"/><line nr="923" mi="3" ci="0" mb="0" cb="0"/><line nr="925" mi="2" ci="0" mb="0" cb="0"/><line nr="938" mi="0" ci="6" mb="0" cb="0"/><line nr="953" mi="0" ci="16" mb="0" cb="0"/><line nr="954" mi="0" ci="4" mb="0" cb="0"/><line nr="957" mi="0" ci="8" mb="0" cb="0"/><line nr="959" mi="0" ci="4" mb="0" cb="0"/><line nr="961" mi="0" ci="8" mb="0" cb="0"/><line nr="962" mi="0" ci="5" mb="0" cb="0"/><line nr="965" mi="0" ci="12" mb="0" cb="0"/><line nr="967" mi="0" ci="4" mb="0" cb="0"/><line nr="970" mi="0" ci="6" mb="0" cb="0"/><line nr="972" mi="0" ci="8" mb="0" cb="0"/><line nr="973" mi="1" ci="0" mb="0" cb="0"/><line nr="974" mi="10" ci="0" mb="0" cb="0"/><line nr="975" mi="5" ci="0" mb="0" cb="0"/><line nr="976" mi="5" ci="0" mb="0" cb="0"/><line nr="994" mi="0" ci="4" mb="0" cb="0"/><line nr="996" mi="0" ci="4" mb="0" cb="0"/><line nr="997" mi="0" ci="4" mb="0" cb="0"/><line nr="998" mi="0" ci="2" mb="0" cb="0"/><line nr="1001" mi="0" ci="4" mb="0" cb="0"/><line nr="1002" mi="1" ci="0" mb="0" cb="0"/><line nr="1003" mi="8" ci="0" mb="0" cb="0"/><line nr="1004" mi="5" ci="0" mb="0" cb="0"/><line nr="1005" mi="5" ci="0" mb="0" cb="0"/><line nr="1006" mi="6" ci="0" mb="0" cb="0"/><line nr="1007" mi="0" ci="1" mb="0" cb="0"/><line nr="1008" mi="0" ci="3" mb="0" cb="2"/><line nr="1009" mi="0" ci="8" mb="0" cb="0"/><line nr="1010" mi="0" ci="2" mb="1" cb="1"/><line nr="1013" mi="3" ci="0" mb="2" cb="0"/><line nr="1014" mi="5" ci="0" mb="0" cb="0"/><line nr="1015" mi="3" ci="0" mb="2" cb="0"/><line nr="1016" mi="11" ci="0" mb="2" cb="0"/><line nr="1017" mi="3" ci="0" mb="2" cb="0"/><line nr="1018" mi="4" ci="0" mb="0" cb="0"/><line nr="1020" mi="3" ci="0" mb="2" cb="0"/><line nr="1021" mi="4" ci="0" mb="0" cb="0"/><line nr="1023" mi="2" ci="0" mb="0" cb="0"/><line nr="1025" mi="3" ci="0" mb="0" cb="0"/><line nr="1029" mi="0" ci="2" mb="0" cb="2"/><line nr="1030" mi="0" ci="3" mb="0" cb="0"/><line nr="1032" mi="0" ci="3" mb="0" cb="0"/><line nr="1034" mi="0" ci="8" mb="0" cb="0"/><line nr="1035" mi="0" ci="4" mb="0" cb="0"/><line nr="1036" mi="4" ci="6" mb="3" cb="1"/><line nr="1037" mi="2" ci="3" mb="0" cb="0"/><line nr="1038" mi="0" ci="7" mb="0" cb="0"/><line nr="1039" mi="0" ci="4" mb="0" cb="0"/><line nr="1040" mi="0" ci="11" mb="0" cb="0"/><line nr="1054" mi="0" ci="6" mb="0" cb="0"/><line nr="1055" mi="0" ci="9" mb="1" cb="1"/><line nr="1056" mi="1" ci="8" mb="1" cb="1"/><line nr="1057" mi="0" ci="3" mb="1" cb="1"/><line nr="1058" mi="0" ci="6" mb="0" cb="0"/><line nr="1060" mi="2" ci="0" mb="0" cb="0"/><line nr="1075" mi="0" ci="6" mb="1" cb="3"/><line nr="1076" mi="0" ci="2" mb="0" cb="0"/><line nr="1079" mi="0" ci="2" mb="0" cb="0"/><line nr="1080" mi="0" ci="12" mb="0" cb="2"/><line nr="1082" mi="0" ci="9" mb="0" cb="0"/><line nr="1083" mi="1" ci="0" mb="0" cb="0"/><line nr="1084" mi="12" ci="0" mb="0" cb="0"/><line nr="1085" mi="2" ci="0" mb="2" cb="0"/><line nr="1086" mi="4" ci="0" mb="0" cb="0"/><line nr="1088" mi="3" ci="0" mb="0" cb="0"/><line nr="1089" mi="0" ci="1" mb="0" cb="0"/><line nr="1090" mi="0" ci="1" mb="0" cb="0"/><line nr="1091" mi="0" ci="2" mb="0" cb="0"/><line nr="1110" mi="0" ci="7" mb="0" cb="0"/><line nr="1112" mi="0" ci="10" mb="0" cb="2"/><line nr="1113" mi="0" ci="10" mb="0" cb="2"/><line nr="1114" mi="0" ci="4" mb="1" cb="1"/><line nr="1115" mi="1" ci="0" mb="0" cb="0"/><line nr="1118" mi="0" ci="2" mb="0" cb="0"/><line nr="1119" mi="0" ci="2" mb="0" cb="0"/><line nr="1120" mi="0" ci="2" mb="0" cb="0"/><line nr="1121" mi="0" ci="2" mb="0" cb="0"/><line nr="1122" mi="0" ci="2" mb="0" cb="0"/><line nr="1123" mi="0" ci="2" mb="0" cb="0"/><line nr="1124" mi="0" ci="6" mb="0" cb="2"/><line nr="1125" mi="0" ci="11" mb="1" cb="1"/><line nr="1126" mi="0" ci="3" mb="0" cb="0"/><line nr="1127" mi="0" ci="7" mb="2" cb="2"/><line nr="1129" mi="0" ci="6" mb="0" cb="0"/><line nr="1130" mi="0" ci="3" mb="0" cb="0"/><line nr="1131" mi="0" ci="3" mb="0" cb="0"/><line nr="1132" mi="0" ci="3" mb="0" cb="0"/><line nr="1133" mi="0" ci="3" mb="0" cb="0"/><line nr="1134" mi="0" ci="3" mb="0" cb="0"/><line nr="1135" mi="0" ci="1" mb="0" cb="0"/><line nr="1137" mi="1" ci="0" mb="0" cb="0"/><line nr="1138" mi="0" ci="2" mb="1" cb="1"/><line nr="1139" mi="12" ci="0" mb="0" cb="0"/><line nr="1140" mi="2" ci="0" mb="2" cb="0"/><line nr="1141" mi="4" ci="0" mb="0" cb="0"/><line nr="1143" mi="11" ci="0" mb="0" cb="0"/><line nr="1144" mi="4" ci="0" mb="0" cb="0"/><line nr="1147" mi="0" ci="3" mb="0" cb="0"/><line nr="1149" mi="0" ci="3" mb="0" cb="2"/><line nr="1153" mi="0" ci="12" mb="0" cb="0"/><line nr="1154" mi="0" ci="3" mb="0" cb="0"/><line nr="1156" mi="0" ci="4" mb="0" cb="0"/><line nr="1158" mi="7" ci="0" mb="0" cb="0"/><line nr="1159" mi="0" ci="1" mb="0" cb="0"/><line nr="1160" mi="0" ci="12" mb="0" cb="0"/><line nr="1161" mi="0" ci="2" mb="0" cb="0"/><line nr="1162" mi="0" ci="8" mb="2" cb="2"/><line nr="1163" mi="0" ci="2" mb="0" cb="0"/><line nr="1165" mi="0" ci="2" mb="1" cb="1"/><line nr="1166" mi="2" ci="0" mb="2" cb="0"/><line nr="1167" mi="4" ci="0" mb="0" cb="0"/><line nr="1169" mi="3" ci="0" mb="0" cb="0"/><line nr="1171" mi="0" ci="1" mb="0" cb="0"/><line nr="1172" mi="1" ci="0" mb="0" cb="0"/><line nr="1174" mi="0" ci="7" mb="1" cb="3"/><line nr="1175" mi="0" ci="6" mb="0" cb="2"/><line nr="1176" mi="0" ci="3" mb="1" cb="1"/><line nr="1177" mi="0" ci="1" mb="0" cb="0"/><line nr="1179" mi="0" ci="3" mb="0" cb="0"/><line nr="1180" mi="0" ci="3" mb="0" cb="0"/><line nr="1181" mi="0" ci="3" mb="0" cb="0"/><line nr="1182" mi="0" ci="3" mb="0" cb="0"/><line nr="1183" mi="0" ci="3" mb="0" cb="0"/><line nr="1184" mi="0" ci="3" mb="0" cb="0"/><line nr="1186" mi="0" ci="4" mb="2" cb="2"/><line nr="1187" mi="0" ci="8" mb="0" cb="0"/><line nr="1188" mi="0" ci="1" mb="0" cb="0"/><line nr="1189" mi="0" ci="2" mb="1" cb="1"/><line nr="1190" mi="0" ci="2" mb="0" cb="0"/><line nr="1191" mi="0" ci="4" mb="1" cb="1"/><line nr="1192" mi="0" ci="6" mb="0" cb="0"/><line nr="1194" mi="10" ci="0" mb="2" cb="0"/><line nr="1195" mi="6" ci="0" mb="2" cb="0"/><line nr="1196" mi="2" ci="0" mb="0" cb="0"/><line nr="1197" mi="1" ci="0" mb="0" cb="0"/><line nr="1199" mi="1" ci="0" mb="0" cb="0"/><line nr="1201" mi="0" ci="2" mb="1" cb="1"/><line nr="1202" mi="0" ci="7" mb="0" cb="0"/><line nr="1203" mi="0" ci="5" mb="0" cb="0"/><line nr="1204" mi="0" ci="2" mb="1" cb="1"/><line nr="1205" mi="10" ci="0" mb="2" cb="0"/><line nr="1206" mi="4" ci="0" mb="0" cb="0"/><line nr="1207" mi="1" ci="0" mb="0" cb="0"/><line nr="1209" mi="0" ci="10" mb="0" cb="0"/><line nr="1210" mi="0" ci="7" mb="0" cb="0"/><line nr="1211" mi="4" ci="1" mb="2" cb="0"/><line nr="1212" mi="8" ci="0" mb="0" cb="0"/><line nr="1213" mi="8" ci="0" mb="0" cb="0"/><line nr="1214" mi="4" ci="0" mb="0" cb="0"/><line nr="1216" mi="6" ci="1" mb="2" cb="0"/><line nr="1217" mi="8" ci="0" mb="0" cb="0"/><line nr="1218" mi="14" ci="0" mb="0" cb="0"/><line nr="1219" mi="4" ci="0" mb="0" cb="0"/><line nr="1220" mi="1" ci="0" mb="0" cb="0"/><line nr="1221" mi="8" ci="0" mb="0" cb="0"/><line nr="1222" mi="14" ci="0" mb="0" cb="0"/><line nr="1223" mi="4" ci="0" mb="0" cb="0"/><line nr="1225" mi="0" ci="1" mb="0" cb="0"/><line nr="1226" mi="8" ci="0" mb="0" cb="0"/><line nr="1227" mi="8" ci="0" mb="0" cb="0"/><line nr="1228" mi="4" ci="0" mb="0" cb="0"/><line nr="1229" mi="2" ci="0" mb="2" cb="0"/><line nr="1230" mi="4" ci="0" mb="0" cb="0"/><line nr="1233" mi="0" ci="1" mb="0" cb="0"/><line nr="1234" mi="0" ci="2" mb="0" cb="0"/><line nr="1247" mi="0" ci="14" mb="0" cb="0"/><line nr="1267" mi="0" ci="8" mb="0" cb="0"/><line nr="1270" mi="0" ci="7" mb="1" cb="3"/><line nr="1272" mi="0" ci="4" mb="0" cb="0"/><line nr="1273" mi="0" ci="4" mb="0" cb="0"/><line nr="1274" mi="0" ci="4" mb="0" cb="0"/><line nr="1275" mi="0" ci="4" mb="0" cb="0"/><line nr="1277" mi="0" ci="9" mb="0" cb="0"/><line nr="1278" mi="0" ci="3" mb="0" cb="0"/><line nr="1279" mi="0" ci="9" mb="0" cb="0"/><line nr="1280" mi="0" ci="3" mb="0" cb="0"/><line nr="1281" mi="0" ci="9" mb="0" cb="0"/><line nr="1282" mi="0" ci="3" mb="0" cb="0"/><line nr="1283" mi="0" ci="5" mb="0" cb="0"/><line nr="1284" mi="0" ci="3" mb="0" cb="0"/><line nr="1285" mi="0" ci="3" mb="0" cb="0"/><line nr="1286" mi="0" ci="3" mb="0" cb="0"/><line nr="1287" mi="0" ci="3" mb="0" cb="0"/><line nr="1288" mi="0" ci="3" mb="0" cb="0"/><line nr="1289" mi="1" ci="0" mb="0" cb="0"/><line nr="1290" mi="2" ci="0" mb="2" cb="0"/><line nr="1291" mi="4" ci="0" mb="0" cb="0"/><line nr="1293" mi="3" ci="0" mb="0" cb="0"/><line nr="1294" mi="0" ci="1" mb="0" cb="0"/><line nr="1295" mi="0" ci="19" mb="0" cb="0"/><line nr="1297" mi="0" ci="3" mb="1" cb="1"/><line nr="1298" mi="0" ci="5" mb="0" cb="0"/><line nr="1299" mi="0" ci="10" mb="0" cb="2"/><line nr="1301" mi="0" ci="5" mb="0" cb="0"/><line nr="1302" mi="0" ci="4" mb="0" cb="0"/><line nr="1304" mi="0" ci="6" mb="0" cb="0"/><line nr="1305" mi="0" ci="3" mb="1" cb="1"/><line nr="1306" mi="5" ci="0" mb="0" cb="0"/><line nr="1309" mi="0" ci="10" mb="0" cb="0"/><line nr="1310" mi="1" ci="0" mb="0" cb="0"/><line nr="1311" mi="2" ci="0" mb="2" cb="0"/><line nr="1312" mi="4" ci="0" mb="0" cb="0"/><line nr="1314" mi="3" ci="0" mb="0" cb="0"/><line nr="1315" mi="4" ci="0" mb="0" cb="0"/><line nr="1316" mi="0" ci="1" mb="0" cb="0"/><line nr="1318" mi="0" ci="4" mb="0" cb="0"/><line nr="1319" mi="0" ci="4" mb="0" cb="0"/><line nr="1320" mi="0" ci="4" mb="0" cb="0"/><line nr="1321" mi="0" ci="4" mb="0" cb="0"/><line nr="1322" mi="0" ci="4" mb="0" cb="0"/><line nr="1323" mi="0" ci="4" mb="0" cb="0"/><line nr="1324" mi="0" ci="4" mb="0" cb="0"/><line nr="1325" mi="0" ci="4" mb="0" cb="0"/><line nr="1326" mi="0" ci="4" mb="0" cb="0"/><line nr="1327" mi="0" ci="4" mb="0" cb="0"/><line nr="1328" mi="0" ci="4" mb="0" cb="0"/><line nr="1331" mi="3" ci="0" mb="0" cb="0"/><line nr="1335" mi="0" ci="4" mb="0" cb="0"/><line nr="1336" mi="0" ci="16" mb="0" cb="2"/><line nr="1337" mi="0" ci="4" mb="0" cb="0"/><line nr="1338" mi="0" ci="16" mb="0" cb="2"/><line nr="1339" mi="0" ci="8" mb="0" cb="0"/><line nr="1340" mi="0" ci="3" mb="1" cb="1"/><line nr="1341" mi="0" ci="6" mb="0" cb="0"/><line nr="1347" mi="0" ci="2" mb="0" cb="0"/><line nr="1361" mi="0" ci="6" mb="0" cb="0"/><line nr="1380" mi="0" ci="11" mb="0" cb="0"/><line nr="1381" mi="0" ci="6" mb="0" cb="0"/><line nr="1382" mi="0" ci="12" mb="0" cb="0"/><line nr="1384" mi="0" ci="11" mb="1" cb="1"/><line nr="1386" mi="0" ci="10" mb="0" cb="0"/><line nr="1387" mi="0" ci="15" mb="0" cb="0"/><line nr="1388" mi="0" ci="12" mb="0" cb="0"/><line nr="1390" mi="0" ci="7" mb="0" cb="2"/><line nr="1391" mi="0" ci="6" mb="1" cb="1"/><line nr="1392" mi="0" ci="5" mb="1" cb="1"/><line nr="1394" mi="0" ci="8" mb="0" cb="0"/><line nr="1395" mi="0" ci="12" mb="0" cb="0"/><line nr="1396" mi="0" ci="11" mb="0" cb="0"/><line nr="1398" mi="0" ci="7" mb="0" cb="0"/><line nr="1400" mi="0" ci="3" mb="1" cb="1"/><line nr="1401" mi="0" ci="4" mb="0" cb="0"/><line nr="1402" mi="0" ci="7" mb="0" cb="0"/><line nr="1404" mi="5" ci="0" mb="0" cb="0"/><line nr="1406" mi="0" ci="20" mb="0" cb="0"/><line nr="1407" mi="0" ci="4" mb="0" cb="0"/><line nr="1408" mi="0" ci="4" mb="0" cb="0"/><line nr="1409" mi="0" ci="4" mb="0" cb="0"/><line nr="1410" mi="0" ci="3" mb="0" cb="0"/><line nr="1411" mi="0" ci="3" mb="0" cb="0"/><line nr="1413" mi="0" ci="8" mb="0" cb="0"/><line nr="1414" mi="0" ci="8" mb="0" cb="0"/><line nr="1416" mi="0" ci="8" mb="0" cb="0"/><line nr="1417" mi="0" ci="8" mb="0" cb="0"/><line nr="1418" mi="0" ci="3" mb="0" cb="0"/><line nr="1421" mi="0" ci="6" mb="0" cb="0"/><line nr="1422" mi="0" ci="6" mb="0" cb="0"/><line nr="1423" mi="1" ci="0" mb="0" cb="0"/><line nr="1424" mi="11" ci="0" mb="0" cb="0"/><line nr="1425" mi="13" ci="0" mb="0" cb="0"/><line nr="1426" mi="0" ci="1" mb="0" cb="0"/><line nr="1427" mi="0" ci="3" mb="0" cb="0"/><line nr="1429" mi="0" ci="16" mb="0" cb="0"/><line nr="1430" mi="0" ci="4" mb="0" cb="0"/><line nr="1431" mi="0" ci="3" mb="0" cb="0"/><line nr="1432" mi="0" ci="3" mb="1" cb="1"/><line nr="1433" mi="7" ci="0" mb="0" cb="0"/><line nr="1435" mi="4" ci="7" mb="1" cb="1"/><line nr="1436" mi="4" ci="0" mb="0" cb="0"/><line nr="1437" mi="3" ci="0" mb="2" cb="0"/><line nr="1438" mi="5" ci="0" mb="0" cb="0"/><line nr="1440" mi="3" ci="0" mb="2" cb="0"/><line nr="1441" mi="7" ci="0" mb="0" cb="0"/><line nr="1443" mi="3" ci="0" mb="2" cb="0"/><line nr="1444" mi="5" ci="0" mb="0" cb="0"/><line nr="1445" mi="5" ci="0" mb="2" cb="0"/><line nr="1446" mi="16" ci="0" mb="0" cb="0"/><line nr="1448" mi="1" ci="0" mb="0" cb="0"/><line nr="1449" mi="0" ci="3" mb="0" cb="0"/><line nr="1450" mi="0" ci="2" mb="0" cb="0"/><line nr="1452" mi="0" ci="1" mb="0" cb="0"/><line nr="1453" mi="2" ci="0" mb="0" cb="0"/><line nr="1467" mi="0" ci="3" mb="1" cb="1"/><line nr="1468" mi="2" ci="0" mb="0" cb="0"/><line nr="1470" mi="0" ci="6" mb="0" cb="0"/><line nr="1481" mi="0" ci="7" mb="0" cb="0"/><line nr="1482" mi="0" ci="8" mb="0" cb="0"/><line nr="1483" mi="0" ci="3" mb="0" cb="0"/><line nr="1484" mi="0" ci="2" mb="0" cb="0"/><line nr="1496" mi="0" ci="2" mb="0" cb="0"/><line nr="1497" mi="0" ci="5" mb="0" cb="0"/><line nr="1498" mi="0" ci="4" mb="0" cb="0"/><line nr="1500" mi="0" ci="2" mb="0" cb="0"/><line nr="1501" mi="0" ci="1" mb="0" cb="0"/><line nr="1502" mi="0" ci="5" mb="0" cb="0"/><line nr="1503" mi="0" ci="1" mb="0" cb="0"/><line nr="1504" mi="0" ci="5" mb="1" cb="3"/><line nr="1506" mi="0" ci="5" mb="0" cb="0"/><line nr="1507" mi="0" ci="2" mb="1" cb="1"/><line nr="1510" mi="8" ci="0" mb="0" cb="0"/><line nr="1513" mi="0" ci="3" mb="0" cb="0"/><line nr="1514" mi="0" ci="11" mb="0" cb="2"/><line nr="1515" mi="0" ci="13" mb="0" cb="0"/><line nr="1516" mi="0" ci="1" mb="0" cb="0"/><line nr="1517" mi="1" ci="0" mb="0" cb="0"/><line nr="1518" mi="2" ci="0" mb="2" cb="0"/><line nr="1519" mi="6" ci="0" mb="0" cb="0"/><line nr="1521" mi="3" ci="0" mb="0" cb="0"/><line nr="1523" mi="3" ci="0" mb="2" cb="0"/><line nr="1524" mi="6" ci="0" mb="0" cb="0"/><line nr="1526" mi="5" ci="0" mb="0" cb="0"/><line nr="1528" mi="0" ci="1" mb="0" cb="0"/><line nr="1529" mi="0" ci="6" mb="0" cb="0"/><line nr="1530" mi="0" ci="4" mb="0" cb="0"/><line nr="1531" mi="0" ci="5" mb="1" cb="3"/><line nr="1532" mi="0" ci="6" mb="0" cb="0"/><line nr="1535" mi="1" ci="0" mb="0" cb="0"/><line nr="1536" mi="4" ci="0" mb="2" cb="0"/><line nr="1537" mi="5" ci="0" mb="0" cb="0"/><line nr="1539" mi="2" ci="0" mb="0" cb="0"/><line nr="1540" mi="3" ci="0" mb="2" cb="0"/><line nr="1541" mi="6" ci="0" mb="0" cb="0"/><line nr="1543" mi="5" ci="0" mb="0" cb="0"/><line nr="1545" mi="0" ci="3" mb="0" cb="0"/><line nr="1547" mi="0" ci="1" mb="0" cb="0"/><line nr="1560" mi="0" ci="2" mb="0" cb="0"/><line nr="1561" mi="0" ci="2" mb="1" cb="1"/><line nr="1562" mi="0" ci="3" mb="0" cb="0"/><line nr="1564" mi="6" ci="0" mb="0" cb="0"/><line nr="1565" mi="3" ci="0" mb="2" cb="0"/><line nr="1566" mi="3" ci="0" mb="0" cb="0"/><line nr="1569" mi="0" ci="3" mb="1" cb="1"/><line nr="1570" mi="11" ci="0" mb="0" cb="0"/><line nr="1571" mi="3" ci="0" mb="2" cb="0"/><line nr="1572" mi="6" ci="0" mb="0" cb="0"/><line nr="1574" mi="4" ci="0" mb="0" cb="0"/><line nr="1575" mi="4" ci="0" mb="2" cb="0"/><line nr="1576" mi="4" ci="0" mb="0" cb="0"/><line nr="1578" mi="1" ci="0" mb="0" cb="0"/><line nr="1579" mi="0" ci="11" mb="0" cb="0"/><line nr="1580" mi="0" ci="4" mb="1" cb="1"/><line nr="1581" mi="5" ci="0" mb="0" cb="0"/><line nr="1584" mi="0" ci="2" mb="0" cb="0"/><line nr="1603" mi="0" ci="3" mb="0" cb="0"/><line nr="1613" mi="0" ci="3" mb="0" cb="0"/><line nr="1614" mi="0" ci="1" mb="0" cb="0"/><line nr="1622" mi="3" ci="0" mb="0" cb="0"/><line nr="1633" mi="0" ci="2" mb="0" cb="0"/><line nr="1643" mi="0" ci="3" mb="0" cb="0"/><line nr="1644" mi="8" ci="4" mb="5" cb="1"/><line nr="1645" mi="0" ci="2" mb="0" cb="0"/><line nr="1646" mi="4" ci="0" mb="2" cb="0"/><line nr="1647" mi="2" ci="0" mb="0" cb="0"/><line nr="1648" mi="4" ci="0" mb="2" cb="0"/><line nr="1649" mi="2" ci="0" mb="0" cb="0"/><line nr="1650" mi="4" ci="0" mb="2" cb="0"/><line nr="1651" mi="2" ci="0" mb="0" cb="0"/><line nr="1652" mi="4" ci="0" mb="2" cb="0"/><line nr="1653" mi="2" ci="0" mb="0" cb="0"/><line nr="1655" mi="4" ci="0" mb="0" cb="0"/><line nr="1656" mi="2" ci="0" mb="0" cb="0"/><line nr="1667" mi="0" ci="2" mb="0" cb="0"/><line nr="1680" mi="0" ci="2" mb="0" cb="0"/><line nr="1681" mi="0" ci="6" mb="0" cb="0"/><line nr="1690" mi="0" ci="5" mb="0" cb="0"/><line nr="1691" mi="0" ci="2" mb="0" cb="0"/><line nr="1693" mi="0" ci="6" mb="0" cb="0"/><line nr="1694" mi="0" ci="4" mb="0" cb="0"/><line nr="1695" mi="1" ci="0" mb="0" cb="0"/><line nr="1696" mi="4" ci="0" mb="0" cb="0"/><line nr="1697" mi="4" ci="0" mb="2" cb="0"/><line nr="1698" mi="5" ci="0" mb="0" cb="0"/><line nr="1701" mi="0" ci="2" mb="1" cb="1"/><line nr="1703" mi="0" ci="2" mb="0" cb="0"/><line nr="1704" mi="1" ci="0" mb="0" cb="0"/><line nr="1705" mi="4" ci="0" mb="2" cb="0"/><line nr="1706" mi="5" ci="0" mb="0" cb="0"/><line nr="1708" mi="0" ci="1" mb="0" cb="0"/><line nr="1711" mi="0" ci="6" mb="0" cb="0"/><line nr="1712" mi="0" ci="6" mb="0" cb="0"/><line nr="1713" mi="0" ci="6" mb="0" cb="0"/><line nr="1714" mi="0" ci="6" mb="0" cb="0"/><line nr="1715" mi="0" ci="6" mb="0" cb="0"/><line nr="1716" mi="0" ci="6" mb="0" cb="0"/><line nr="1718" mi="0" ci="3" mb="0" cb="0"/><line nr="1719" mi="0" ci="2" mb="1" cb="1"/><line nr="1720" mi="6" ci="0" mb="0" cb="0"/><line nr="1721" mi="7" ci="0" mb="0" cb="0"/><line nr="1722" mi="3" ci="0" mb="0" cb="0"/><line nr="1723" mi="3" ci="0" mb="0" cb="0"/><line nr="1724" mi="5" ci="0" mb="0" cb="0"/><line nr="1725" mi="5" ci="0" mb="0" cb="0"/><line nr="1726" mi="6" ci="0" mb="0" cb="0"/><line nr="1728" mi="0" ci="3" mb="0" cb="0"/><line nr="1729" mi="0" ci="5" mb="0" cb="0"/><line nr="1730" mi="0" ci="7" mb="0" cb="0"/><line nr="1731" mi="0" ci="6" mb="0" cb="0"/><line nr="1732" mi="0" ci="6" mb="0" cb="0"/><line nr="1733" mi="0" ci="6" mb="0" cb="0"/><line nr="1734" mi="0" ci="6" mb="0" cb="0"/><line nr="1735" mi="0" ci="6" mb="0" cb="0"/><line nr="1736" mi="0" ci="6" mb="0" cb="0"/><line nr="1737" mi="0" ci="6" mb="0" cb="0"/><line nr="1738" mi="0" ci="6" mb="0" cb="0"/><line nr="1739" mi="0" ci="6" mb="0" cb="0"/><line nr="1740" mi="0" ci="6" mb="0" cb="0"/><line nr="1741" mi="0" ci="6" mb="0" cb="0"/><line nr="1742" mi="0" ci="6" mb="0" cb="0"/><line nr="1743" mi="0" ci="6" mb="0" cb="0"/><line nr="1744" mi="0" ci="6" mb="0" cb="0"/><line nr="1745" mi="0" ci="6" mb="0" cb="0"/><line nr="1746" mi="0" ci="6" mb="0" cb="0"/><line nr="1748" mi="0" ci="6" mb="0" cb="0"/><line nr="1749" mi="0" ci="6" mb="0" cb="0"/><line nr="1750" mi="0" ci="6" mb="0" cb="0"/><line nr="1751" mi="0" ci="6" mb="0" cb="0"/><line nr="1752" mi="0" ci="5" mb="0" cb="2"/><line nr="1753" mi="0" ci="3" mb="1" cb="1"/><line nr="1754" mi="7" ci="0" mb="0" cb="0"/><line nr="1757" mi="0" ci="6" mb="0" cb="0"/><line nr="1758" mi="0" ci="6" mb="0" cb="0"/><line nr="1760" mi="0" ci="6" mb="0" cb="0"/><line nr="1762" mi="0" ci="6" mb="0" cb="0"/><line nr="1763" mi="0" ci="6" mb="0" cb="0"/><line nr="1764" mi="0" ci="6" mb="0" cb="0"/><line nr="1765" mi="0" ci="6" mb="0" cb="0"/><line nr="1766" mi="0" ci="6" mb="0" cb="0"/><line nr="1767" mi="0" ci="6" mb="0" cb="0"/><line nr="1768" mi="0" ci="6" mb="0" cb="0"/><line nr="1769" mi="0" ci="6" mb="0" cb="0"/><line nr="1770" mi="0" ci="6" mb="0" cb="0"/><line nr="1771" mi="0" ci="6" mb="0" cb="0"/><line nr="1772" mi="0" ci="6" mb="0" cb="0"/><line nr="1773" mi="0" ci="6" mb="0" cb="0"/><line nr="1774" mi="0" ci="6" mb="0" cb="0"/><line nr="1775" mi="0" ci="6" mb="0" cb="0"/><line nr="1776" mi="0" ci="6" mb="0" cb="0"/><line nr="1777" mi="0" ci="6" mb="0" cb="0"/><line nr="1778" mi="0" ci="6" mb="0" cb="0"/><line nr="1779" mi="0" ci="6" mb="0" cb="0"/><line nr="1780" mi="0" ci="6" mb="0" cb="0"/><line nr="1781" mi="0" ci="6" mb="0" cb="0"/><line nr="1782" mi="0" ci="6" mb="0" cb="0"/><line nr="1783" mi="0" ci="6" mb="0" cb="0"/><line nr="1784" mi="0" ci="6" mb="0" cb="0"/><line nr="1786" mi="0" ci="3" mb="1" cb="1"/><line nr="1787" mi="0" ci="7" mb="0" cb="0"/><line nr="1788" mi="0" ci="7" mb="0" cb="0"/><line nr="1792" mi="0" ci="6" mb="0" cb="0"/><line nr="1793" mi="0" ci="6" mb="0" cb="0"/><line nr="1794" mi="0" ci="6" mb="0" cb="0"/><line nr="1796" mi="0" ci="9" mb="3" cb="3"/><line nr="1797" mi="7" ci="0" mb="0" cb="0"/><line nr="1799" mi="0" ci="6" mb="0" cb="0"/><line nr="1800" mi="0" ci="6" mb="0" cb="0"/><line nr="1802" mi="0" ci="6" mb="0" cb="0"/><line nr="1803" mi="0" ci="6" mb="0" cb="0"/><line nr="1804" mi="0" ci="6" mb="0" cb="0"/><line nr="1805" mi="0" ci="6" mb="0" cb="0"/><line nr="1806" mi="0" ci="6" mb="0" cb="0"/><line nr="1807" mi="0" ci="13" mb="0" cb="0"/><line nr="1808" mi="0" ci="7" mb="0" cb="0"/><line nr="1809" mi="0" ci="1" mb="0" cb="0"/><line nr="1821" mi="0" ci="2" mb="1" cb="1"/><line nr="1822" mi="5" ci="0" mb="0" cb="0"/><line nr="1823" mi="2" ci="0" mb="2" cb="0"/><line nr="1824" mi="3" ci="0" mb="0" cb="0"/><line nr="1825" mi="2" ci="0" mb="0" cb="0"/><line nr="1827" mi="4" ci="0" mb="0" cb="0"/><line nr="1828" mi="1" ci="0" mb="0" cb="0"/><line nr="1829" mi="5" ci="0" mb="2" cb="0"/><line nr="1830" mi="7" ci="0" mb="4" cb="0"/><line nr="1832" mi="3" ci="0" mb="0" cb="0"/><line nr="1833" mi="8" ci="0" mb="4" cb="0"/><line nr="1834" mi="15" ci="0" mb="0" cb="0"/><line nr="1836" mi="2" ci="0" mb="0" cb="0"/><line nr="1838" mi="2" ci="0" mb="0" cb="0"/><line nr="1840" mi="1" ci="0" mb="0" cb="0"/><line nr="1841" mi="14" ci="0" mb="0" cb="0"/><line nr="1843" mi="2" ci="0" mb="0" cb="0"/><line nr="1845" mi="1" ci="0" mb="0" cb="0"/><line nr="1846" mi="5" ci="0" mb="0" cb="0"/><line nr="1847" mi="5" ci="0" mb="0" cb="0"/><line nr="1848" mi="1" ci="0" mb="0" cb="0"/><line nr="1849" mi="11" ci="0" mb="0" cb="0"/><line nr="1852" mi="0" ci="1" mb="0" cb="0"/><line nr="1872" mi="4" ci="0" mb="2" cb="0"/><line nr="1873" mi="5" ci="0" mb="0" cb="0"/><line nr="1876" mi="6" ci="0" mb="0" cb="0"/><line nr="1886" mi="0" ci="3" mb="0" cb="0"/><line nr="1887" mi="0" ci="3" mb="0" cb="2"/><line nr="1888" mi="0" ci="2" mb="1" cb="1"/><line nr="1889" mi="9" ci="0" mb="0" cb="0"/><line nr="1891" mi="0" ci="8" mb="0" cb="0"/><line nr="1892" mi="0" ci="8" mb="0" cb="0"/><line nr="1895" mi="0" ci="2" mb="0" cb="0"/><line nr="1903" mi="0" ci="51" mb="0" cb="0"/><line nr="1916" mi="0" ci="16" mb="0" cb="2"/><line nr="1919" mi="0" ci="3" mb="0" cb="0"/><line nr="1920" mi="0" ci="6" mb="0" cb="0"/><line nr="1921" mi="0" ci="3" mb="0" cb="0"/><line nr="1922" mi="0" ci="5" mb="0" cb="0"/><line nr="1923" mi="1" ci="0" mb="0" cb="0"/><line nr="1924" mi="13" ci="0" mb="0" cb="0"/><line nr="1925" mi="0" ci="1" mb="0" cb="0"/><line nr="1927" mi="0" ci="1" mb="0" cb="0"/><line nr="1935" mi="0" ci="3" mb="1" cb="1"/><line nr="1936" mi="0" ci="4" mb="0" cb="0"/><line nr="1937" mi="0" ci="5" mb="2" cb="2"/><line nr="1938" mi="3" ci="0" mb="2" cb="0"/><line nr="1939" mi="10" ci="0" mb="2" cb="0"/><line nr="1940" mi="6" ci="0" mb="2" cb="0"/><line nr="1941" mi="2" ci="0" mb="0" cb="0"/><line nr="1943" mi="2" ci="0" mb="0" cb="0"/><line nr="1945" mi="10" ci="0" mb="2" cb="0"/><line nr="1946" mi="3" ci="0" mb="2" cb="0"/><line nr="1947" mi="2" ci="0" mb="0" cb="0"/><line nr="1949" mi="1" ci="0" mb="0" cb="0"/><line nr="1953" mi="0" ci="2" mb="0" cb="0"/><line nr="1967" mi="0" ci="3" mb="0" cb="0"/><line nr="1976" mi="0" ci="3" mb="0" cb="0"/><line nr="1985" mi="4" ci="10" mb="1" cb="1"/><line nr="1986" mi="0" ci="6" mb="2" cb="2"/><line nr="1987" mi="0" ci="5" mb="0" cb="0"/><line nr="1989" mi="0" ci="2" mb="0" cb="0"/><line nr="1999" mi="0" ci="3" mb="0" cb="2"/><line nr="2000" mi="0" ci="5" mb="0" cb="0"/><line nr="2002" mi="0" ci="3" mb="0" cb="0"/><line nr="2011" mi="0" ci="3" mb="0" cb="0"/><line nr="2020" mi="0" ci="3" mb="0" cb="0"/><line nr="2033" mi="0" ci="4" mb="0" cb="0"/><line nr="2034" mi="0" ci="16" mb="0" cb="2"/><line nr="2035" mi="0" ci="2" mb="0" cb="0"/><line nr="2036" mi="0" ci="11" mb="0" cb="2"/><line nr="2037" mi="0" ci="14" mb="3" cb="3"/><line nr="2038" mi="0" ci="10" mb="1" cb="3"/><line nr="2039" mi="7" ci="2" mb="3" cb="1"/><line nr="2040" mi="2" ci="0" mb="2" cb="0"/><line nr="2041" mi="2" ci="0" mb="0" cb="0"/><line nr="2042" mi="9" ci="0" mb="0" cb="0"/><line nr="2043" mi="6" ci="0" mb="0" cb="0"/><line nr="2045" mi="7" ci="0" mb="0" cb="0"/><line nr="2048" mi="0" ci="1" mb="0" cb="0"/><line nr="2050" mi="0" ci="3" mb="1" cb="1"/><line nr="2052" mi="3" ci="0" mb="2" cb="0"/><line nr="2053" mi="3" ci="0" mb="2" cb="0"/><line nr="2054" mi="9" ci="0" mb="0" cb="0"/><line nr="2055" mi="2" ci="0" mb="0" cb="0"/><line nr="2057" mi="10" ci="0" mb="0" cb="0"/><line nr="2058" mi="7" ci="0" mb="0" cb="0"/><line nr="2061" mi="5" ci="0" mb="0" cb="0"/><line nr="2064" mi="5" ci="0" mb="0" cb="0"/><line nr="2066" mi="0" ci="1" mb="0" cb="0"/><line nr="2076" mi="0" ci="3" mb="1" cb="1"/><line nr="2077" mi="0" ci="4" mb="0" cb="0"/><line nr="2079" mi="0" ci="1" mb="0" cb="0"/><counter type="INSTRUCTION" missed="1003" covered="2058"/><counter type="BRANCH" missed="183" covered="121"/><counter type="LINE" missed="204" covered="404"/><counter type="COMPLEXITY" missed="132" covered="68"/><counter type="METHOD" missed="5" covered="43"/><counter type="CLASS" missed="0" covered="1"/></sourcefile><sourcefile name="FilteringDependencyTransitiveNodeVisitor.java"><line nr="50" mi="0" ci="2" mb="0" cb="0"/><line nr="51" mi="0" ci="3" mb="0" cb="0"/><line nr="52" mi="0" ci="3" mb="0" cb="0"/><line nr="53" mi="0" ci="1" mb="0" cb="0"/><line nr="62" mi="0" ci="5" mb="1" cb="1"/><line nr="63" mi="0" ci="6" mb="0" cb="0"/><line nr="65" mi="2" ci="0" mb="0" cb="0"/><line nr="68" mi="0" ci="2" mb="0" cb="0"/><line nr="78" mi="0" ci="5" mb="1" cb="1"/><line nr="79" mi="0" ci="6" mb="0" cb="0"/><line nr="81" mi="2" ci="0" mb="0" cb="0"/><line nr="84" mi="0" ci="2" mb="0" cb="0"/><line nr="93" mi="3" ci="0" mb="0" cb="0"/><line nr="103" mi="3" ci="0" mb="0" cb="0"/><counter type="INSTRUCTION" missed="10" covered="35"/><counter type="BRANCH" missed="2" covered="2"/><counter type="LINE" missed="4" covered="10"/><counter type="COMPLEXITY" missed="4" covered="3"/><counter type="METHOD" missed="2" covered="3"/><counter type="CLASS" missed="0" covered="1"/></sourcefile><sourcefile name="ArtifactTypeExcluded.java"><line nr="42" mi="0" ci="2" mb="0" cb="0"/><line nr="43" mi="0" ci="3" mb="0" cb="0"/><line nr="44" mi="0" ci="1" mb="0" cb="0"/><line nr="52" mi="0" ci="16" mb="0" cb="6"/><counter type="INSTRUCTION" missed="0" covered="22"/><counter type="BRANCH" missed="0" covered="6"/><counter type="LINE" missed="0" covered="4"/><counter type="COMPLEXITY" missed="0" covered="5"/><counter type="METHOD" missed="0" covered="2"/><counter type="CLASS" missed="0" covered="1"/></sourcefile><sourcefile name="ArtifactScopeExcluded.java"><line nr="60" mi="0" ci="2" mb="0" cb="0"/><line nr="61" mi="0" ci="3" mb="0" cb="0"/><line nr="62" mi="0" ci="3" mb="0" cb="0"/><line nr="63" mi="0" ci="3" mb="0" cb="0"/><line nr="64" mi="0" ci="3" mb="0" cb="0"/><line nr="65" mi="0" ci="1" mb="0" cb="0"/><line nr="77" mi="0" ci="7" mb="1" cb="3"/><line nr="78" mi="0" ci="2" mb="0" cb="0"/><line nr="80" mi="4" ci="3" mb="3" cb="1"/><line nr="81" mi="2" ci="0" mb="0" cb="0"/><line nr="83" mi="0" ci="7" mb="1" cb="3"/><line nr="84" mi="0" ci="2" mb="0" cb="0"/><line nr="86" mi="0" ci="7" mb="0" cb="4"/><line nr="87" mi="0" ci="2" mb="0" cb="0"/><line nr="89" mi="4" ci="6" mb="3" cb="3"/><line nr="90" mi="2" ci="0" mb="0" cb="0"/><line nr="92" mi="0" ci="2" mb="0" cb="0"/><counter type="INSTRUCTION" missed="12" covered="53"/><counter type="BRANCH" missed="8" covered="14"/><counter type="LINE" missed="2" covered="15"/><counter type="COMPLEXITY" missed="6" covered="7"/><counter type="METHOD" missed="0" covered="2"/><counter type="CLASS" missed="0" covered="1"/></sourcefile><sourcefile name="HelpMojo.java"><line nr="29" mi="3" ci="0" mb="0" cb="0"/><line nr="69" mi="4" ci="0" mb="0" cb="0"/><line nr="70" mi="2" ci="0" mb="0" cb="0"/><line nr="73" mi="5" ci="0" mb="0" cb="0"/><line nr="74" mi="2" ci="0" mb="0" cb="0"/><line nr="75" mi="3" ci="0" mb="0" cb="0"/><line nr="76" mi="6" ci="0" mb="0" cb="0"/><line nr="78" mi="1" ci="0" mb="0" cb="0"/><line nr="80" mi="7" ci="0" mb="0" cb="0"/><line nr="82" mi="1" ci="0" mb="0" cb="0"/><line nr="84" mi="7" ci="0" mb="0" cb="0"/><line nr="86" mi="1" ci="0" mb="0" cb="0"/><line nr="88" mi="7" ci="0" mb="0" cb="0"/><line nr="92" mi="2" ci="0" mb="2" cb="0"/><line nr="96" mi="2" ci="0" mb="0" cb="0"/><line nr="98" mi="1" ci="0" mb="0" cb="0"/><line nr="100" mi="7" ci="0" mb="0" cb="0"/><line nr="101" mi="1" ci="0" mb="0" cb="0"/><line nr="112" mi="3" ci="0" mb="2" cb="0"/><line nr="114" mi="4" ci="0" mb="0" cb="0"/><line nr="115" mi="3" ci="0" mb="0" cb="0"/><line nr="117" mi="3" ci="0" mb="2" cb="0"/><line nr="119" mi="4" ci="0" mb="0" cb="0"/><line nr="120" mi="3" ci="0" mb="0" cb="0"/><line nr="123" mi="3" ci="0" mb="0" cb="0"/><line nr="125" mi="4" ci="0" mb="0" cb="0"/><line nr="126" mi="5" ci="0" mb="0" cb="0"/><line nr="129" mi="5" ci="0" mb="0" cb="0"/><line nr="130" mi="5" ci="0" mb="0" cb="0"/><line nr="131" mi="21" ci="0" mb="0" cb="0"/><line nr="132" mi="7" ci="0" mb="4" cb="0"/><line nr="134" mi="15" ci="0" mb="0" cb="0"/><line nr="138" mi="3" ci="0" mb="2" cb="0"/><line nr="140" mi="6" ci="0" mb="0" cb="0"/><line nr="144" mi="5" ci="0" mb="0" cb="0"/><line nr="147" mi="8" ci="0" mb="0" cb="0"/><line nr="148" mi="5" ci="0" mb="0" cb="0"/><line nr="151" mi="5" ci="0" mb="0" cb="0"/><line nr="153" mi="5" ci="0" mb="0" cb="0"/><line nr="155" mi="5" ci="0" mb="0" cb="0"/><line nr="157" mi="7" ci="0" mb="4" cb="0"/><line nr="159" mi="21" ci="0" mb="2" cb="0"/><line nr="160" mi="5" ci="0" mb="0" cb="0"/><line nr="163" mi="10" ci="0" mb="2" cb="0"/><line nr="165" mi="6" ci="0" mb="0" cb="0"/><line nr="166" mi="1" ci="0" mb="0" cb="0"/><line nr="168" mi="4" ci="0" mb="2" cb="0"/><line nr="170" mi="5" ci="0" mb="0" cb="0"/><line nr="172" mi="1" ci="0" mb="0" cb="0"/><line nr="177" mi="9" ci="0" mb="4" cb="0"/><line nr="183" mi="6" ci="0" mb="0" cb="0"/><line nr="189" mi="5" ci="0" mb="0" cb="0"/><line nr="190" mi="3" ci="0" mb="2" cb="0"/><line nr="192" mi="14" ci="0" mb="0" cb="0"/><line nr="194" mi="4" ci="0" mb="2" cb="0"/><line nr="196" mi="14" ci="0" mb="0" cb="0"/><line nr="198" mi="5" ci="0" mb="0" cb="0"/><line nr="203" mi="4" ci="0" mb="0" cb="0"/><line nr="204" mi="3" ci="0" mb="0" cb="0"/><line nr="205" mi="8" ci="0" mb="2" cb="0"/><line nr="207" mi="4" ci="0" mb="0" cb="0"/><line nr="208" mi="5" ci="0" mb="2" cb="0"/><line nr="210" mi="4" ci="0" mb="0" cb="0"/><line nr="213" mi="2" ci="0" mb="0" cb="0"/><line nr="219" mi="5" ci="0" mb="0" cb="0"/><line nr="220" mi="3" ci="0" mb="2" cb="0"/><line nr="222" mi="2" ci="0" mb="0" cb="0"/><line nr="224" mi="4" ci="0" mb="2" cb="0"/><line nr="226" mi="14" ci="0" mb="0" cb="0"/><line nr="228" mi="5" ci="0" mb="0" cb="0"/><line nr="234" mi="5" ci="0" mb="0" cb="0"/><line nr="235" mi="5" ci="0" mb="0" cb="0"/><line nr="236" mi="5" ci="0" mb="0" cb="0"/><line nr="237" mi="12" ci="0" mb="6" cb="0"/><line nr="239" mi="14" ci="0" mb="0" cb="0"/><line nr="240" mi="5" ci="0" mb="0" cb="0"/><line nr="241" mi="6" ci="0" mb="4" cb="0"/><line nr="243" mi="13" ci="0" mb="0" cb="0"/><line nr="244" mi="5" ci="0" mb="4" cb="0"/><line nr="246" mi="5" ci="0" mb="0" cb="0"/><line nr="247" mi="7" ci="0" mb="0" cb="0"/><line nr="250" mi="2" ci="0" mb="2" cb="0"/><line nr="252" mi="6" ci="0" mb="0" cb="0"/><line nr="254" mi="5" ci="0" mb="0" cb="0"/><line nr="256" mi="3" ci="0" mb="2" cb="0"/><line nr="258" mi="5" ci="0" mb="0" cb="0"/><line nr="259" mi="5" ci="0" mb="0" cb="0"/><line nr="260" mi="5" ci="0" mb="0" cb="0"/><line nr="261" mi="5" ci="0" mb="0" cb="0"/><line nr="263" mi="10" ci="0" mb="2" cb="0"/><line nr="265" mi="5" ci="0" mb="0" cb="0"/><line nr="266" mi="1" ci="0" mb="0" cb="0"/><line nr="269" mi="1" ci="0" mb="0" cb="0"/><line nr="274" mi="5" ci="0" mb="0" cb="0"/><line nr="275" mi="5" ci="0" mb="0" cb="0"/><line nr="277" mi="2" ci="0" mb="0" cb="0"/><line nr="278" mi="2" ci="0" mb="2" cb="0"/><line nr="280" mi="6" ci="0" mb="0" cb="0"/><line nr="283" mi="2" ci="0" mb="0" cb="0"/><line nr="284" mi="6" ci="0" mb="4" cb="0"/><line nr="286" mi="13" ci="0" mb="0" cb="0"/><line nr="288" mi="12" ci="0" mb="0" cb="0"/><line nr="289" mi="5" ci="0" mb="0" cb="0"/><line nr="290" mi="6" ci="0" mb="4" cb="0"/><line nr="292" mi="13" ci="0" mb="0" cb="0"/><line nr="293" mi="5" ci="0" mb="0" cb="0"/><line nr="295" mi="5" ci="0" mb="0" cb="0"/><line nr="296" mi="7" ci="0" mb="2" cb="0"/><line nr="298" mi="5" ci="0" mb="0" cb="0"/><line nr="300" mi="6" ci="0" mb="4" cb="0"/><line nr="302" mi="5" ci="0" mb="0" cb="0"/><line nr="303" mi="12" ci="0" mb="0" cb="0"/><line nr="306" mi="5" ci="0" mb="0" cb="0"/><line nr="307" mi="1" ci="0" mb="0" cb="0"/><line nr="320" mi="8" ci="0" mb="0" cb="0"/><line nr="322" mi="7" ci="0" mb="2" cb="0"/><line nr="324" mi="4" ci="0" mb="0" cb="0"/><line nr="327" mi="3" ci="0" mb="0" cb="0"/><line nr="340" mi="16" ci="0" mb="2" cb="0"/><line nr="342" mi="6" ci="0" mb="0" cb="0"/><line nr="343" mi="1" ci="0" mb="0" cb="0"/><line nr="344" mi="1" ci="0" mb="0" cb="0"/><line nr="358" mi="4" ci="0" mb="0" cb="0"/><line nr="360" mi="4" ci="0" mb="0" cb="0"/><line nr="362" mi="4" ci="0" mb="0" cb="0"/><line nr="364" mi="16" ci="0" mb="2" cb="0"/><line nr="366" mi="12" ci="0" mb="0" cb="0"/><line nr="369" mi="2" ci="0" mb="0" cb="0"/><line nr="382" mi="3" ci="0" mb="0" cb="0"/><line nr="383" mi="5" ci="0" mb="0" cb="0"/><line nr="385" mi="4" ci="0" mb="0" cb="0"/><line nr="387" mi="16" ci="0" mb="2" cb="0"/><line nr="389" mi="3" ci="0" mb="2" cb="0"/><line nr="391" mi="7" ci="0" mb="2" cb="0"/><line nr="393" mi="5" ci="0" mb="0" cb="0"/><line nr="394" mi="3" ci="0" mb="0" cb="0"/><line nr="395" mi="9" ci="0" mb="0" cb="0"/><line nr="399" mi="4" ci="0" mb="0" cb="0"/><line nr="403" mi="8" ci="0" mb="2" cb="0"/><line nr="405" mi="4" ci="0" mb="0" cb="0"/><line nr="406" mi="3" ci="0" mb="2" cb="0"/><line nr="408" mi="12" ci="0" mb="0" cb="0"/><line nr="410" mi="3" ci="0" mb="2" cb="0"/><line nr="412" mi="5" ci="0" mb="0" cb="0"/><line nr="416" mi="4" ci="0" mb="0" cb="0"/><line nr="420" mi="5" ci="0" mb="0" cb="0"/><line nr="421" mi="1" ci="0" mb="0" cb="0"/><line nr="431" mi="2" ci="0" mb="0" cb="0"/><line nr="432" mi="13" ci="0" mb="4" cb="0"/><line nr="434" mi="1" ci="0" mb="0" cb="0"/><line nr="436" mi="15" ci="0" mb="4" cb="0"/><line nr="438" mi="5" ci="0" mb="2" cb="0"/><line nr="440" mi="1" ci="0" mb="0" cb="0"/><line nr="441" mi="1" ci="0" mb="0" cb="0"/><line nr="444" mi="2" ci="0" mb="0" cb="0"/><line nr="449" mi="12" ci="0" mb="6" cb="0"/><line nr="450" mi="4" ci="0" mb="2" cb="0"/><line nr="453" mi="8" ci="0" mb="0" cb="0"/><line nr="456" mi="2" ci="0" mb="0" cb="0"/><counter type="INSTRUCTION" missed="893" covered="0"/><counter type="BRANCH" missed="110" covered="0"/><counter type="LINE" missed="159" covered="0"/><counter type="COMPLEXITY" missed="71" covered="0"/><counter type="METHOD" missed="16" covered="0"/><counter type="CLASS" missed="1" covered="0"/></sourcefile><sourcefile name="CheckMojo.java"><line nr="43" mi="0" ci="2" mb="0" cb="0"/><line nr="48" mi="0" ci="4" mb="0" cb="0"/><line nr="60" mi="0" ci="2" mb="0" cb="0"/><line nr="61" mi="0" ci="2" mb="0" cb="0"/><line nr="62" mi="0" ci="12" mb="1" cb="1"/><line nr="63" mi="0" ci="6" mb="1" cb="1"/><line nr="64" mi="0" ci="2" mb="0" cb="0"/><line nr="65" mi="0" ci="1" mb="0" cb="0"/><line nr="67" mi="1" ci="0" mb="0" cb="0"/><line nr="68" mi="0" ci="2" mb="0" cb="0"/><line nr="79" mi="0" ci="3" mb="0" cb="0"/><line nr="91" mi="0" ci="2" mb="0" cb="0"/><line nr="104" mi="0" ci="6" mb="0" cb="0"/><counter type="INSTRUCTION" missed="1" covered="44"/><counter type="BRANCH" missed="2" covered="2"/><counter type="LINE" missed="1" covered="12"/><counter type="COMPLEXITY" missed="2" covered="5"/><counter type="METHOD" missed="0" covered="5"/><counter type="CLASS" missed="0" covered="1"/></sourcefile><sourcefile name="Retirejs.java"><line nr="27" mi="0" ci="3" mb="0" cb="0"/><line nr="47" mi="0" ci="3" mb="0" cb="0"/><line nr="60" mi="0" ci="3" mb="0" cb="0"/><counter type="INSTRUCTION" missed="0" covered="9"/><counter type="LINE" missed="0" covered="3"/><counter type="COMPLEXITY" missed="0" covered="3"/><counter type="METHOD" missed="0" covered="3"/><counter type="CLASS" missed="0" covered="1"/></sourcefile><sourcefile name="UpdateMojo.java"><line nr="47" mi="0" ci="3" mb="0" cb="0"/><line nr="56" mi="2" ci="0" mb="0" cb="0"/><line nr="70" mi="0" ci="5" mb="0" cb="0"/><line nr="72" mi="0" ci="5" mb="1" cb="1"/><line nr="73" mi="5" ci="0" mb="0" cb="0"/><line nr="75" mi="1" ci="0" mb="0" cb="0"/><line nr="76" mi="5" ci="0" mb="0" cb="0"/><line nr="77" mi="0" ci="1" mb="0" cb="0"/><line nr="78" mi="0" ci="2" mb="0" cb="0"/><line nr="79" mi="1" ci="0" mb="0" cb="0"/><line nr="80" mi="4" ci="0" mb="2" cb="0"/><line nr="81" mi="5" ci="0" mb="0" cb="0"/><line nr="83" mi="2" ci="0" mb="0" cb="0"/><line nr="84" mi="3" ci="0" mb="2" cb="0"/><line nr="85" mi="6" ci="0" mb="0" cb="0"/><line nr="87" mi="4" ci="0" mb="0" cb="0"/><line nr="88" mi="1" ci="0" mb="0" cb="0"/><line nr="89" mi="2" ci="0" mb="0" cb="0"/><line nr="90" mi="3" ci="0" mb="2" cb="0"/><line nr="91" mi="6" ci="0" mb="0" cb="0"/><line nr="93" mi="4" ci="0" mb="0" cb="0"/><line nr="94" mi="1" ci="1" mb="0" cb="0"/><line nr="95" mi="0" ci="1" mb="0" cb="0"/><line nr="105" mi="2" ci="0" mb="0" cb="0"/><line nr="117" mi="2" ci="0" mb="0" cb="0"/><line nr="130" mi="5" ci="0" mb="0" cb="0"/><counter type="INSTRUCTION" missed="64" covered="18"/><counter type="BRANCH" missed="7" covered="1"/><counter type="LINE" missed="19" covered="7"/><counter type="COMPLEXITY" missed="8" covered="2"/><counter type="METHOD" missed="4" covered="2"/><counter type="CLASS" missed="0" covered="1"/></sourcefile><sourcefile name="AggregateMojo.java"><line nr="49" mi="0" ci="2" mb="0" cb="0"/><line nr="54" mi="0" ci="4" mb="0" cb="0"/><line nr="67" mi="0" ci="7" mb="0" cb="0"/><line nr="68" mi="0" ci="13" mb="0" cb="2"/><line nr="71" mi="0" ci="6" mb="0" cb="0"/><line nr="72" mi="0" ci="2" mb="1" cb="1"/><line nr="73" mi="2" ci="0" mb="2" cb="0"/><line nr="74" mi="2" ci="0" mb="0" cb="0"/><line nr="76" mi="6" ci="0" mb="0" cb="0"/><line nr="77" mi="3" ci="0" mb="2" cb="0"/><line nr="78" mi="3" ci="0" mb="0" cb="0"/><line nr="79" mi="10" ci="0" mb="0" cb="0"/><line nr="80" mi="3" ci="0" mb="2" cb="0"/><line nr="81" mi="6" ci="0" mb="0" cb="0"/><line nr="83" mi="4" ci="0" mb="0" cb="0"/><line nr="84" mi="4" ci="0" mb="2" cb="0"/><line nr="85" mi="4" ci="0" mb="0" cb="0"/><line nr="89" mi="0" ci="1" mb="0" cb="0"/><line nr="90" mi="0" ci="2" mb="0" cb="0"/><line nr="101" mi="0" ci="2" mb="1" cb="1"/><line nr="102" mi="2" ci="0" mb="0" cb="0"/><line nr="104" mi="0" ci="4" mb="0" cb="0"/><line nr="106" mi="0" ci="4" mb="0" cb="2"/><line nr="107" mi="0" ci="12" mb="0" cb="0"/><line nr="109" mi="0" ci="11" mb="0" cb="2"/><line nr="110" mi="0" ci="11" mb="0" cb="2"/><line nr="112" mi="0" ci="7" mb="0" cb="0"/><line nr="113" mi="0" ci="3" mb="0" cb="0"/><line nr="114" mi="0" ci="10" mb="1" cb="3"/><line nr="115" mi="0" ci="3" mb="0" cb="2"/><line nr="116" mi="0" ci="12" mb="0" cb="0"/><line nr="119" mi="1" ci="0" mb="0" cb="0"/><line nr="120" mi="4" ci="0" mb="2" cb="0"/><line nr="121" mi="5" ci="0" mb="0" cb="0"/><line nr="123" mi="0" ci="1" mb="0" cb="0"/><line nr="124" mi="0" ci="1" mb="0" cb="0"/><line nr="125" mi="0" ci="1" mb="0" cb="0"/><line nr="127" mi="0" ci="3" mb="0" cb="0"/><line nr="128" mi="0" ci="11" mb="0" cb="2"/><line nr="129" mi="0" ci="10" mb="0" cb="4"/><line nr="130" mi="4" ci="4" mb="3" cb="1"/><line nr="131" mi="12" ci="0" mb="0" cb="0"/><line nr="134" mi="0" ci="11" mb="0" cb="2"/><line nr="135" mi="0" ci="11" mb="1" cb="3"/><line nr="136" mi="0" ci="3" mb="0" cb="2"/><line nr="137" mi="0" ci="3" mb="1" cb="1"/><line nr="138" mi="0" ci="12" mb="0" cb="0"/><line nr="140" mi="0" ci="1" mb="0" cb="0"/><line nr="142" mi="0" ci="4" mb="0" cb="0"/><line nr="143" mi="0" ci="10" mb="0" cb="2"/><line nr="144" mi="0" ci="11" mb="0" cb="2"/><line nr="146" mi="0" ci="7" mb="0" cb="0"/><line nr="147" mi="0" ci="3" mb="0" cb="0"/><line nr="148" mi="0" ci="5" mb="0" cb="2"/><line nr="149" mi="0" ci="4" mb="0" cb="0"/><line nr="151" mi="1" ci="0" mb="0" cb="0"/><line nr="152" mi="4" ci="0" mb="2" cb="0"/><line nr="153" mi="5" ci="0" mb="0" cb="0"/><line nr="155" mi="0" ci="1" mb="0" cb="0"/><line nr="156" mi="0" ci="1" mb="0" cb="0"/><line nr="157" mi="0" ci="1" mb="0" cb="0"/><line nr="158" mi="0" ci="10" mb="0" cb="2"/><line nr="159" mi="4" ci="4" mb="3" cb="1"/><line nr="160" mi="12" ci="0" mb="0" cb="0"/><line nr="162" mi="0" ci="1" mb="0" cb="0"/><line nr="163" mi="0" ci="1" mb="0" cb="0"/><line nr="164" mi="0" ci="6" mb="0" cb="4"/><line nr="165" mi="0" ci="4" mb="0" cb="2"/><line nr="166" mi="0" ci="17" mb="0" cb="0"/><line nr="168" mi="0" ci="2" mb="0" cb="0"/><line nr="179" mi="5" ci="0" mb="0" cb="0"/><line nr="184" mi="2" ci="0" mb="0" cb="0"/><line nr="195" mi="3" ci="0" mb="0" cb="0"/><line nr="207" mi="2" ci="0" mb="0" cb="0"/><counter type="INSTRUCTION" missed="113" covered="280"/><counter type="BRANCH" missed="23" covered="45"/><counter type="LINE" missed="24" covered="50"/><counter type="COMPLEXITY" missed="19" covered="22"/><counter type="METHOD" missed="4" covered="3"/><counter type="CLASS" missed="0" covered="1"/></sourcefile><sourcefile name="PurgeMojo.java"><line nr="43" mi="3" ci="0" mb="0" cb="0"/><line nr="52" mi="2" ci="0" mb="0" cb="0"/><line nr="65" mi="2" ci="0" mb="0" cb="0"/><line nr="66" mi="9" ci="0" mb="0" cb="0"/><line nr="67" mi="3" ci="0" mb="0" cb="0"/><line nr="69" mi="3" ci="0" mb="0" cb="0"/><line nr="71" mi="1" ci="0" mb="0" cb="0"/><line nr="81" mi="2" ci="0" mb="0" cb="0"/><line nr="93" mi="2" ci="0" mb="0" cb="0"/><line nr="105" mi="5" ci="0" mb="0" cb="0"/><counter type="INSTRUCTION" missed="32" covered="0"/><counter type="LINE" missed="10" covered="0"/><counter type="COMPLEXITY" missed="6" covered="0"/><counter type="METHOD" missed="6" covered="0"/><counter type="CLASS" missed="1" covered="0"/></sourcefile><counter type="INSTRUCTION" missed="2128" covered="2519"/><counter type="BRANCH" missed="335" covered="191"/><counter type="LINE" missed="423" covered="505"/><counter type="COMPLEXITY" missed="248" covered="115"/><counter type="METHOD" missed="37" covered="63"/><counter type="CLASS" missed="2" covered="8"/></package><counter type="INSTRUCTION" missed="2128" covered="2519"/><counter type="BRANCH" missed="335" covered="191"/><counter type="LINE" missed="423" covered="505"/><counter type="COMPLEXITY" missed="248" covered="115"/><counter type="METHOD" missed="37" covered="63"/><counter type="CLASS" missed="2" covered="8"/></report>